adjusted window size: 24064, num bins: 47
using cuda
0.6085366210596943 better than None, saving model
#############################################
# epoch  -          0 | time(s) -    230.34 #
# T loss -   0.605763 | V loss -   0.608537 #
# T acc  -   0.682422 | V acc  -   0.687893 #
#############################################
# epoch  -          1 | time(s) -    230.35 #
# T loss -   0.601130 | V loss -   0.620838 #
# T acc  -   0.685594 | V acc  -   0.687835 #
#############################################
# epoch  -          2 | time(s) -    228.51 #
# T loss -   0.599704 | V loss -   0.613858 #
# T acc  -   0.685650 | V acc  -   0.687912 #
#############################################
# epoch  -          3 | time(s) -    228.55 #
# T loss -   0.589432 | V loss -   0.608964 #
# T acc  -   0.686412 | V acc  -   0.687778 #
#############################################
# epoch  -          4 | time(s) -    226.23 #
# T loss -   0.592414 | V loss -   0.609567 #
# T acc  -   0.686667 | V acc  -   0.688008 #
#############################################
# epoch  -          5 | time(s) -    228.13 #
# T loss -   0.584960 | V loss -   0.623663 #
# T acc  -   0.688943 | V acc  -   0.688870 #
0.5920139212461039 better than 0.6085366210596943, saving model
#############################################
# epoch  -          6 | time(s) -    228.64 #
# T loss -   0.582515 | V loss -   0.592014 #
# T acc  -   0.688791 | V acc  -   0.691686 #
#############################################
# epoch  -          7 | time(s) -    227.60 #
# T loss -   0.577162 | V loss -   0.603149 #
# T acc  -   0.690680 | V acc  -   0.690077 #
#############################################
# epoch  -          8 | time(s) -    229.04 #
# T loss -   0.571399 | V loss -   0.601587 #
# T acc  -   0.694372 | V acc  -   0.691648 #
#############################################
# epoch  -          9 | time(s) -    228.04 #
# T loss -   0.563051 | V loss -   0.624445 #
# T acc  -   0.697083 | V acc  -   0.672165 #
#############################################
# epoch  -         10 | time(s) -    230.31 #
# T loss -   0.559816 | V loss -   0.604159 #
# T acc  -   0.699925 | V acc  -   0.687682 #
#############################################
# epoch  -         11 | time(s) -    226.91 #
# T loss -   0.560801 | V loss -   0.621741 #
# T acc  -   0.700048 | V acc  -   0.691073 #
#############################################
# epoch  -         12 | time(s) -    230.62 #
# T loss -   0.552385 | V loss -   0.621576 #
# T acc  -   0.706045 | V acc  -   0.689387 #
#############################################
# epoch  -         13 | time(s) -    229.70 #
# T loss -   0.547927 | V loss -   0.594931 #
# T acc  -   0.708487 | V acc  -   0.688238 #
#############################################
# epoch  -         14 | time(s) -    232.88 #
# T loss -   0.542253 | V loss -   0.609759 #
# T acc  -   0.710804 | V acc  -   0.689943 #
#############################################
# epoch  -         15 | time(s) -    231.00 #
# T loss -   0.535928 | V loss -   0.609174 #
# T acc  -   0.713185 | V acc  -   0.677969 #
#############################################
# epoch  -         16 | time(s) -    229.94 #
# T loss -   0.530945 | V loss -   0.650538 #
# T acc  -   0.714358 | V acc  -   0.684866 #
#############################################
# epoch  -         17 | time(s) -    228.85 #
# T loss -   0.522717 | V loss -   0.697957 #
# T acc  -   0.723718 | V acc  -   0.690364 #
#############################################
# epoch  -         18 | time(s) -    227.52 #
# T loss -   0.514727 | V loss -   0.640924 #
# T acc  -   0.728142 | V acc  -   0.682031 #
#############################################
# epoch  -         19 | time(s) -    228.66 #
# T loss -   0.508231 | V loss -   0.645298 #
# T acc  -   0.731549 | V acc  -   0.669272 #
#############################################
# epoch  -         20 | time(s) -    230.69 #
# T loss -   0.510522 | V loss -   0.661801 #
# T acc  -   0.730055 | V acc  -   0.674349 #
#############################################
# epoch  -         21 | time(s) -    230.86 #
# T loss -   0.488180 | V loss -   0.769681 #
# T acc  -   0.742993 | V acc  -   0.682567 #
#############################################
# epoch  -         22 | time(s) -    229.44 #
# T loss -   0.479614 | V loss -   0.732415 #
# T acc  -   0.747380 | V acc  -   0.684674 #
#############################################
# epoch  -         23 | time(s) -    229.22 #
# T loss -   0.482066 | V loss -   0.844536 #
# T acc  -   0.751373 | V acc  -   0.667375 #
#############################################
# epoch  -         24 | time(s) -    229.59 #
# T loss -   0.472706 | V loss -   0.709635 #
# T acc  -   0.752424 | V acc  -   0.650824 #
#############################################
# epoch  -         25 | time(s) -    230.10 #
# T loss -   0.477981 | V loss -   0.746030 #
# T acc  -   0.755652 | V acc  -   0.674655 #
#############################################
# epoch  -         26 | time(s) -    229.23 #
# T loss -   0.458946 | V loss -   0.665115 #
# T acc  -   0.764313 | V acc  -   0.631609 #
#############################################
# epoch  -         27 | time(s) -    228.27 #
# T loss -   0.441271 | V loss -   0.704817 #
# T acc  -   0.773044 | V acc  -   0.669215 #
#############################################
# epoch  -         28 | time(s) -    228.22 #
# T loss -   0.446896 | V loss -   0.719144 #
# T acc  -   0.774634 | V acc  -   0.673793 #
#############################################
# epoch  -         29 | time(s) -    230.38 #
# T loss -   0.442723 | V loss -   0.843700 #
# T acc  -   0.775255 | V acc  -   0.685402 #
#############################################
# epoch  -         30 | time(s) -    228.70 #
# T loss -   0.410729 | V loss -   1.084852 #
# T acc  -   0.791339 | V acc  -   0.650670 #
#############################################
# epoch  -         31 | time(s) -    232.12 #
# T loss -   0.425364 | V loss -   0.808847 #
# T acc  -   0.787797 | V acc  -   0.653716 #
#############################################
# epoch  -         32 | time(s) -    227.23 #
# T loss -   0.408509 | V loss -   0.755745 #
# T acc  -   0.794245 | V acc  -   0.617471 #
#############################################
# epoch  -         33 | time(s) -    225.57 #
# T loss -   0.373338 | V loss -   0.902991 #
# T acc  -   0.811178 | V acc  -   0.665019 #
#############################################
# epoch  -         34 | time(s) -    227.84 #
# T loss -   0.384803 | V loss -   1.175205 #
# T acc  -   0.806867 | V acc  -   0.676973 #
#############################################
# epoch  -         35 | time(s) -    228.49 #
# T loss -   0.398070 | V loss -   1.108447 #
# T acc  -   0.802584 | V acc  -   0.670958 #
#############################################
# epoch  -         36 | time(s) -    228.06 #
# T loss -   0.366118 | V loss -   0.884553 #
# T acc  -   0.815799 | V acc  -   0.642567 #
#############################################
# epoch  -         37 | time(s) -    228.46 #
# T loss -   0.363940 | V loss -   1.224336 #
# T acc  -   0.819164 | V acc  -   0.670077 #
#############################################
# epoch  -         38 | time(s) -    227.47 #
# T loss -   0.336267 | V loss -   1.019092 #
# T acc  -   0.831868 | V acc  -   0.626801 #
#############################################
# epoch  -         39 | time(s) -    228.80 #
# T loss -   0.334305 | V loss -   0.992833 #
# T acc  -   0.833895 | V acc  -   0.661494 #
#############################################
# epoch  -         40 | time(s) -    229.04 #
# T loss -   0.348292 | V loss -   1.021717 #
# T acc  -   0.831453 | V acc  -   0.661284 #
#############################################
# epoch  -         41 | time(s) -    227.82 #
# T loss -   0.343443 | V loss -   0.945158 #
# T acc  -   0.832142 | V acc  -   0.609808 #
#############################################
# epoch  -         42 | time(s) -    226.22 #
# T loss -   0.318768 | V loss -   1.223951 #
# T acc  -   0.840289 | V acc  -   0.674808 #
#############################################
# epoch  -         43 | time(s) -    227.25 #
# T loss -   0.302232 | V loss -   1.114457 #
# T acc  -   0.851500 | V acc  -   0.674425 #
#############################################
# epoch  -         44 | time(s) -    228.00 #
# T loss -   0.313338 | V loss -   1.126571 #
# T acc  -   0.845438 | V acc  -   0.647452 #
#############################################
# epoch  -         45 | time(s) -    232.84 #
# T loss -   0.297655 | V loss -   1.147791 #
# T acc  -   0.855390 | V acc  -   0.643985 #
#############################################
# epoch  -         46 | time(s) -    229.76 #
# T loss -   0.316689 | V loss -   1.280298 #
# T acc  -   0.847210 | V acc  -   0.650383 #
#############################################
# epoch  -         47 | time(s) -    233.73 #
# T loss -   0.297780 | V loss -   1.100767 #
# T acc  -   0.855816 | V acc  -   0.655383 #
#############################################
# epoch  -         48 | time(s) -    230.92 #
# T loss -   0.291846 | V loss -   1.159869 #
# T acc  -   0.857298 | V acc  -   0.652969 #
#############################################
# epoch  -         49 | time(s) -    229.81 #
# T loss -   0.268971 | V loss -   1.741303 #
# T acc  -   0.867488 | V acc  -   0.678008 #
#############################################
# epoch  -         50 | time(s) -    231.09 #
# T loss -   0.271799 | V loss -   1.748243 #
# T acc  -   0.867150 | V acc  -   0.674387 #
#############################################
# epoch  -         51 | time(s) -    229.41 #
# T loss -   0.280456 | V loss -   1.352928 #
# T acc  -   0.863246 | V acc  -   0.647529 #
#############################################
# epoch  -         52 | time(s) -    228.82 #
# T loss -   0.293934 | V loss -   1.410383 #
# T acc  -   0.856409 | V acc  -   0.645862 #
#############################################
# epoch  -         53 | time(s) -    228.47 #
# T loss -   0.247642 | V loss -   1.189937 #
# T acc  -   0.875658 | V acc  -   0.645345 #
#############################################
# epoch  -         54 | time(s) -    227.40 #
# T loss -   0.233535 | V loss -   1.775278 #
# T acc  -   0.882892 | V acc  -   0.669923 #
#############################################
# epoch  -         55 | time(s) -    228.13 #
# T loss -   0.216033 | V loss -   1.648919 #
# T acc  -   0.889914 | V acc  -   0.661590 #
#############################################
# epoch  -         56 | time(s) -    226.85 #
# T loss -   0.253921 | V loss -   1.369001 #
# T acc  -   0.877342 | V acc  -   0.589521 #
#############################################
# epoch  -         57 | time(s) -    230.64 #
# T loss -   0.243517 | V loss -   1.357531 #
# T acc  -   0.881666 | V acc  -   0.639425 #
#############################################
# epoch  -         58 | time(s) -    231.44 #
# T loss -   0.230282 | V loss -   1.413937 #
# T acc  -   0.884299 | V acc  -   0.625536 #
#############################################
# epoch  -         59 | time(s) -    228.71 #
# T loss -   0.203419 | V loss -   2.116549 #
# T acc  -   0.896042 | V acc  -   0.681724 #
#############################################
# epoch  -         60 | time(s) -    229.25 #
# T loss -   0.210591 | V loss -   1.240156 #
# T acc  -   0.896217 | V acc  -   0.661494 #
#############################################
# epoch  -         61 | time(s) -    228.35 #
# T loss -   0.252571 | V loss -   1.179697 #
# T acc  -   0.875827 | V acc  -   0.654502 #
#############################################
# epoch  -         62 | time(s) -    230.98 #
# T loss -   0.228322 | V loss -   1.249272 #
# T acc  -   0.884512 | V acc  -   0.637241 #
#############################################
# epoch  -         63 | time(s) -    231.81 #
# T loss -   0.200127 | V loss -   1.680213 #
# T acc  -   0.898568 | V acc  -   0.643084 #
#############################################
# epoch  -         64 | time(s) -    230.63 #
# T loss -   0.202258 | V loss -   1.394644 #
# T acc  -   0.897312 | V acc  -   0.663755 #
#############################################
# epoch  -         65 | time(s) -    232.30 #
# T loss -   0.196451 | V loss -   1.895167 #
# T acc  -   0.900007 | V acc  -   0.681073 #
#############################################
# epoch  -         66 | time(s) -    230.59 #
# T loss -   0.229669 | V loss -   1.288149 #
# T acc  -   0.887000 | V acc  -   0.638103 #
#############################################
# epoch  -         67 | time(s) -    227.91 #
# T loss -   0.219277 | V loss -   1.026800 #
# T acc  -   0.890003 | V acc  -   0.634885 #
#############################################
# epoch  -         68 | time(s) -    232.03 #
# T loss -   0.196691 | V loss -   1.797590 #
# T acc  -   0.899440 | V acc  -   0.674291 #
#############################################
# epoch  -         69 | time(s) -    232.68 #
# T loss -   0.203362 | V loss -   1.437712 #
# T acc  -   0.898233 | V acc  -   0.653774 #
#############################################
# epoch  -         70 | time(s) -    230.53 #
# T loss -   0.213797 | V loss -   1.562113 #
# T acc  -   0.892538 | V acc  -   0.673314 #
#############################################
# epoch  -         71 | time(s) -    229.34 #
# T loss -   0.210040 | V loss -   1.388946 #
# T acc  -   0.893322 | V acc  -   0.643046 #
#############################################
# epoch  -         72 | time(s) -    230.19 #
# T loss -   0.217819 | V loss -   1.320955 #
# T acc  -   0.894452 | V acc  -   0.656284 #
#############################################
# epoch  -         73 | time(s) -    229.05 #
# T loss -   0.203159 | V loss -   1.516786 #
# T acc  -   0.896087 | V acc  -   0.599176 #
#############################################
# epoch  -         74 | time(s) -    232.01 #
# T loss -   0.194478 | V loss -   1.638749 #
# T acc  -   0.903362 | V acc  -   0.664502 #
#############################################
# epoch  -         75 | time(s) -    229.10 #
# T loss -   0.180638 | V loss -   1.401659 #
# T acc  -   0.906958 | V acc  -   0.611648 #
#############################################
# epoch  -         76 | time(s) -    229.45 #
# T loss -   0.195008 | V loss -   1.621799 #
# T acc  -   0.901009 | V acc  -   0.681130 #
#############################################
# epoch  -         77 | time(s) -    229.45 #
# T loss -   0.188219 | V loss -   1.507245 #
# T acc  -   0.903636 | V acc  -   0.649732 #
#############################################
# epoch  -         78 | time(s) -    230.32 #
# T loss -   0.215923 | V loss -   1.570943 #
# T acc  -   0.892543 | V acc  -   0.665881 #
#############################################
# epoch  -         79 | time(s) -    232.08 #
# T loss -   0.155344 | V loss -   1.516907 #
# T acc  -   0.915617 | V acc  -   0.662222 #
#############################################
# epoch  -         80 | time(s) -    232.62 #
# T loss -   0.164537 | V loss -   1.975080 #
# T acc  -   0.912469 | V acc  -   0.679540 #
#############################################
# epoch  -         81 | time(s) -    231.43 #
# T loss -   0.149689 | V loss -   2.065206 #
# T acc  -   0.917941 | V acc  -   0.660690 #
#############################################
# epoch  -         82 | time(s) -    232.58 #
# T loss -   0.157728 | V loss -   1.595751 #
# T acc  -   0.916600 | V acc  -   0.608908 #
#############################################
# epoch  -         83 | time(s) -    231.77 #
# T loss -   0.169116 | V loss -   1.404259 #
# T acc  -   0.912092 | V acc  -   0.624310 #
#############################################
# epoch  -         84 | time(s) -    232.71 #
# T loss -   0.161182 | V loss -   1.348918 #
# T acc  -   0.915331 | V acc  -   0.633927 #
#############################################
# epoch  -         85 | time(s) -    231.38 #
# T loss -   0.201233 | V loss -   1.960189 #
# T acc  -   0.897892 | V acc  -   0.671303 #
#############################################
# epoch  -         86 | time(s) -    231.72 #
# T loss -   0.171417 | V loss -   2.090868 #
# T acc  -   0.909699 | V acc  -   0.668180 #
#############################################
# epoch  -         87 | time(s) -    231.31 #
# T loss -   0.168331 | V loss -   1.288934 #
# T acc  -   0.912634 | V acc  -   0.632433 #
#############################################
# epoch  -         88 | time(s) -    230.55 #
# T loss -   0.172458 | V loss -   1.400031 #
# T acc  -   0.909705 | V acc  -   0.623621 #
#############################################
# epoch  -         89 | time(s) -    231.35 #
# T loss -   0.162449 | V loss -   1.687072 #
# T acc  -   0.913727 | V acc  -   0.659080 #
#############################################
# epoch  -         90 | time(s) -    231.97 #
# T loss -   0.171492 | V loss -   1.568624 #
# T acc  -   0.910815 | V acc  -   0.653352 #
#############################################
# epoch  -         91 | time(s) -    233.22 #
# T loss -   0.151612 | V loss -   2.135394 #
# T acc  -   0.917960 | V acc  -   0.676705 #
#############################################
# epoch  -         92 | time(s) -    235.17 #
# T loss -   0.173195 | V loss -   1.473046 #
# T acc  -   0.911622 | V acc  -   0.646858 #
#############################################
# epoch  -         93 | time(s) -    234.30 #
# T loss -   0.157015 | V loss -   2.172408 #
# T acc  -   0.915321 | V acc  -   0.686360 #
#############################################
# epoch  -         94 | time(s) -    235.30 #
# T loss -   0.144635 | V loss -   2.062806 #
# T acc  -   0.921153 | V acc  -   0.674521 #
#############################################
# epoch  -         95 | time(s) -    234.48 #
# T loss -   0.186535 | V loss -   1.312288 #
# T acc  -   0.905058 | V acc  -   0.640651 #
#############################################
# epoch  -         96 | time(s) -    233.81 #
# T loss -   0.153709 | V loss -   1.937388 #
# T acc  -   0.917135 | V acc  -   0.670843 #
#############################################
# epoch  -         97 | time(s) -    234.55 #
# T loss -   0.157108 | V loss -   1.387063 #
# T acc  -   0.917684 | V acc  -   0.647854 #
#############################################
# epoch  -         98 | time(s) -    232.01 #
# T loss -   0.152291 | V loss -   1.760044 #
# T acc  -   0.918330 | V acc  -   0.668084 #
#############################################
# epoch  -         99 | time(s) -    234.12 #
# T loss -   0.168392 | V loss -   1.618508 #
# T acc  -   0.911446 | V acc  -   0.637280 #
#############################################
# epoch  -        100 | time(s) -    233.65 #
# T loss -   0.151825 | V loss -   1.507688 #
# T acc  -   0.919091 | V acc  -   0.637050 #
#############################################
# epoch  -        101 | time(s) -    233.46 #
# T loss -   0.138305 | V loss -   1.653051 #
# T acc  -   0.923321 | V acc  -   0.623985 #
#############################################
# epoch  -        102 | time(s) -    234.38 #
# T loss -   0.138025 | V loss -   1.903588 #
# T acc  -   0.923549 | V acc  -   0.669866 #
#############################################
# epoch  -        103 | time(s) -    233.94 #
# T loss -   0.133055 | V loss -   1.591446 #
# T acc  -   0.925494 | V acc  -   0.633161 #
#############################################
# epoch  -        104 | time(s) -    232.82 #
# T loss -   0.152270 | V loss -   1.665244 #
# T acc  -   0.918177 | V acc  -   0.630115 #
#############################################
# epoch  -        105 | time(s) -    233.26 #
# T loss -   0.150008 | V loss -   1.593692 #
# T acc  -   0.918068 | V acc  -   0.652222 #
#############################################
# epoch  -        106 | time(s) -    233.11 #
# T loss -   0.128624 | V loss -   1.651626 #
# T acc  -   0.927091 | V acc  -   0.639559 #
#############################################
# epoch  -        107 | time(s) -    232.19 #
# T loss -   0.154253 | V loss -   1.858628 #
# T acc  -   0.917150 | V acc  -   0.668716 #
#############################################
# epoch  -        108 | time(s) -    231.98 #
# T loss -   0.179994 | V loss -   1.867902 #
# T acc  -   0.907603 | V acc  -   0.666628 #
#############################################
# epoch  -        109 | time(s) -    233.42 #
# T loss -   0.150648 | V loss -   1.873323 #
# T acc  -   0.918304 | V acc  -   0.662165 #
#############################################
# epoch  -        110 | time(s) -    231.69 #
# T loss -   0.137318 | V loss -   1.492268 #
# T acc  -   0.923211 | V acc  -   0.644100 #
#############################################
# epoch  -        111 | time(s) -    233.58 #
# T loss -   0.170508 | V loss -   1.400454 #
# T acc  -   0.911469 | V acc  -   0.654521 #
#############################################
# epoch  -        112 | time(s) -    232.81 #
# T loss -   0.175188 | V loss -   2.039722 #
# T acc  -   0.908345 | V acc  -   0.676935 #
#############################################
# epoch  -        113 | time(s) -    234.04 #
# T loss -   0.154270 | V loss -   2.580798 #
# T acc  -   0.917791 | V acc  -   0.681667 #
#############################################
# epoch  -        114 | time(s) -    232.76 #
# T loss -   0.157661 | V loss -   1.459361 #
# T acc  -   0.915369 | V acc  -   0.638716 #
#############################################
# epoch  -        115 | time(s) -    232.03 #
# T loss -   0.133732 | V loss -   1.931159 #
# T acc  -   0.924814 | V acc  -   0.673065 #
#############################################
# epoch  -        116 | time(s) -    237.97 #
# T loss -   0.129505 | V loss -   1.741858 #
# T acc  -   0.926170 | V acc  -   0.639847 #
#############################################
# epoch  -        117 | time(s) -    237.68 #
# T loss -   0.126785 | V loss -   1.985652 #
# T acc  -   0.927763 | V acc  -   0.671705 #
#############################################
# epoch  -        118 | time(s) -    235.77 #
# T loss -   0.151917 | V loss -   2.203757 #
# T acc  -   0.918864 | V acc  -   0.673257 #
#############################################
# epoch  -        119 | time(s) -    235.03 #
# T loss -   0.159763 | V loss -   1.854882 #
# T acc  -   0.915659 | V acc  -   0.664100 #
#############################################
# epoch  -        120 | time(s) -    235.55 #
# T loss -   0.137568 | V loss -   1.561874 #
# T acc  -   0.923164 | V acc  -   0.633314 #
#############################################
# epoch  -        121 | time(s) -    233.22 #
# T loss -   0.157307 | V loss -   2.649908 #
# T acc  -   0.917910 | V acc  -   0.682471 #
#############################################
# epoch  -        122 | time(s) -    233.80 #
# T loss -   0.131478 | V loss -   2.067064 #
# T acc  -   0.925522 | V acc  -   0.679483 #
#############################################
# epoch  -        123 | time(s) -    232.20 #
# T loss -   0.120764 | V loss -   2.625261 #
# T acc  -   0.930041 | V acc  -   0.686762 #
#############################################
# epoch  -        124 | time(s) -    234.72 #
# T loss -   0.129175 | V loss -   1.937206 #
# T acc  -   0.927180 | V acc  -   0.679425 #
#############################################
# epoch  -        125 | time(s) -    234.27 #
# T loss -   0.139101 | V loss -   1.646324 #
# T acc  -   0.923400 | V acc  -   0.636207 #
#############################################
# epoch  -        126 | time(s) -    232.66 #
# T loss -   0.155457 | V loss -   1.730300 #
# T acc  -   0.914944 | V acc  -   0.653506 #
#############################################
# epoch  -        127 | time(s) -    232.96 #
# T loss -   0.131885 | V loss -   1.908261 #
# T acc  -   0.925391 | V acc  -   0.670364 #
#############################################
# epoch  -        128 | time(s) -    232.34 #
# T loss -   0.124821 | V loss -   2.399566 #
# T acc  -   0.928409 | V acc  -   0.684368 #
#############################################
# epoch  -        129 | time(s) -    232.97 #
# T loss -   0.132161 | V loss -   1.859816 #
# T acc  -   0.925682 | V acc  -   0.661839 #
#############################################
# epoch  -        130 | time(s) -    232.08 #
# T loss -   0.146657 | V loss -   1.370715 #
# T acc  -   0.920718 | V acc  -   0.631590 #
#############################################
# epoch  -        131 | time(s) -    232.61 #
# T loss -   0.169502 | V loss -   1.698015 #
# T acc  -   0.909733 | V acc  -   0.671801 #
#############################################
# epoch  -        132 | time(s) -    233.28 #
# T loss -   0.144430 | V loss -   1.583956 #
# T acc  -   0.920678 | V acc  -   0.618755 #
#############################################
# epoch  -        133 | time(s) -    237.16 #
# T loss -   0.137365 | V loss -   1.793379 #
# T acc  -   0.924867 | V acc  -   0.673946 #
#############################################
# epoch  -        134 | time(s) -    234.01 #
# T loss -   0.127153 | V loss -   1.768004 #
# T acc  -   0.927530 | V acc  -   0.670057 #
#############################################
# epoch  -        135 | time(s) -    232.10 #
# T loss -   0.110936 | V loss -   1.625647 #
# T acc  -   0.934056 | V acc  -   0.650364 #
#############################################
# epoch  -        136 | time(s) -    233.40 #
# T loss -   0.126027 | V loss -   1.564674 #
# T acc  -   0.928052 | V acc  -   0.647395 #
#############################################
# epoch  -        137 | time(s) -    233.33 #
# T loss -   0.118229 | V loss -   2.344777 #
# T acc  -   0.930956 | V acc  -   0.681169 #
#############################################
# epoch  -        138 | time(s) -    233.47 #
# T loss -   0.127373 | V loss -   2.148013 #
# T acc  -   0.927734 | V acc  -   0.671494 #
#############################################
# epoch  -        139 | time(s) -    231.40 #
# T loss -   0.147562 | V loss -   1.829881 #
# T acc  -   0.920214 | V acc  -   0.671839 #
#############################################
# epoch  -        140 | time(s) -    232.61 #
# T loss -   0.145627 | V loss -   1.772142 #
# T acc  -   0.920465 | V acc  -   0.646475 #
#############################################
# epoch  -        141 | time(s) -    232.48 #
# T loss -   0.151269 | V loss -   1.959530 #
# T acc  -   0.917948 | V acc  -   0.670153 #
#############################################
# epoch  -        142 | time(s) -    233.33 #
# T loss -   0.143454 | V loss -   1.443688 #
# T acc  -   0.921139 | V acc  -   0.644253 #
#############################################
# epoch  -        143 | time(s) -    232.30 #
# T loss -   0.118049 | V loss -   2.285118 #
# T acc  -   0.931173 | V acc  -   0.682529 #
#############################################
# epoch  -        144 | time(s) -    231.92 #
# T loss -   0.123619 | V loss -   2.076666 #
# T acc  -   0.929373 | V acc  -   0.673161 #
#############################################
# epoch  -        145 | time(s) -    234.34 #
# T loss -   0.137998 | V loss -   1.654449 #
# T acc  -   0.923177 | V acc  -   0.640134 #
#############################################
# epoch  -        146 | time(s) -    232.53 #
# T loss -   0.120056 | V loss -   1.875479 #
# T acc  -   0.930065 | V acc  -   0.645594 #
#############################################
# epoch  -        147 | time(s) -    232.92 #
# T loss -   0.147595 | V loss -   1.524934 #
# T acc  -   0.917759 | V acc  -   0.651322 #
#############################################
# epoch  -        148 | time(s) -    234.12 #
# T loss -   0.127132 | V loss -   2.025371 #
# T acc  -   0.927289 | V acc  -   0.670996 #
#############################################
# epoch  -        149 | time(s) -    233.88 #
# T loss -   0.130924 | V loss -   1.654745 #
# T acc  -   0.926792 | V acc  -   0.622510 #
#############################################
# epoch  -        150 | time(s) -    237.42 #
# T loss -   0.126717 | V loss -   2.398729 #
# T acc  -   0.927488 | V acc  -   0.681973 #
#############################################
# epoch  -        151 | time(s) -    237.01 #
# T loss -   0.133846 | V loss -   1.727031 #
# T acc  -   0.925636 | V acc  -   0.642969 #
#############################################
# epoch  -        152 | time(s) -    237.31 #
# T loss -   0.125390 | V loss -   1.877311 #
# T acc  -   0.928633 | V acc  -   0.673793 #
#############################################
# epoch  -        153 | time(s) -    235.07 #
# T loss -   0.132588 | V loss -   2.491730 #
# T acc  -   0.925572 | V acc  -   0.676054 #
#############################################
# epoch  -        154 | time(s) -    233.26 #
# T loss -   0.131792 | V loss -   1.715506 #
# T acc  -   0.926300 | V acc  -   0.666877 #
#############################################
# epoch  -        155 | time(s) -    232.85 #
# T loss -   0.124121 | V loss -   1.464136 #
# T acc  -   0.927970 | V acc  -   0.650000 #
#############################################
# epoch  -        156 | time(s) -    232.33 #
# T loss -   0.133833 | V loss -   2.058289 #
# T acc  -   0.924696 | V acc  -   0.680345 #
#############################################
# epoch  -        157 | time(s) -    233.11 #
# T loss -   0.111852 | V loss -   2.270860 #
# T acc  -   0.933440 | V acc  -   0.672605 #
#############################################
# epoch  -        158 | time(s) -    237.95 #
# T loss -   0.139973 | V loss -   2.132798 #
# T acc  -   0.922096 | V acc  -   0.672375 #
#############################################
# epoch  -        159 | time(s) -    235.53 #
# T loss -   0.130006 | V loss -   2.133513 #
# T acc  -   0.926639 | V acc  -   0.680038 #
#############################################
# epoch  -        160 | time(s) -    233.89 #
# T loss -   0.141826 | V loss -   1.773521 #
# T acc  -   0.922252 | V acc  -   0.675307 #
#############################################
# epoch  -        161 | time(s) -    235.23 #
# T loss -   0.105630 | V loss -   2.412733 #
# T acc  -   0.935937 | V acc  -   0.684349 #
#############################################
# epoch  -        162 | time(s) -    235.16 #
# T loss -   0.122435 | V loss -   2.337742 #
# T acc  -   0.929397 | V acc  -   0.678295 #
#############################################
# epoch  -        163 | time(s) -    233.85 #
# T loss -   0.119636 | V loss -   1.967761 #
# T acc  -   0.931180 | V acc  -   0.676533 #
#############################################
# epoch  -        164 | time(s) -    235.34 #
# T loss -   0.124572 | V loss -   1.770735 #
# T acc  -   0.928933 | V acc  -   0.642989 #
#############################################
# epoch  -        165 | time(s) -    232.59 #
# T loss -   0.110905 | V loss -   1.873896 #
# T acc  -   0.933625 | V acc  -   0.665996 #
#############################################
# epoch  -        166 | time(s) -    236.84 #
# T loss -   0.132454 | V loss -   1.937896 #
# T acc  -   0.926003 | V acc  -   0.670211 #
#############################################
# epoch  -        167 | time(s) -    236.48 #
# T loss -   0.130119 | V loss -   1.430585 #
# T acc  -   0.926721 | V acc  -   0.632222 #
#############################################
# epoch  -        168 | time(s) -    237.70 #
# T loss -   0.108315 | V loss -   1.857734 #
# T acc  -   0.934854 | V acc  -   0.661284 #
#############################################
# epoch  -        169 | time(s) -    235.47 #
# T loss -   0.103796 | V loss -   1.543407 #
# T acc  -   0.936642 | V acc  -   0.620479 #
#############################################
# epoch  -        170 | time(s) -    234.72 #
# T loss -   0.138503 | V loss -   1.227230 #
# T acc  -   0.924155 | V acc  -   0.639579 #
#############################################
# epoch  -        171 | time(s) -    235.58 #
# T loss -   0.119823 | V loss -   1.979499 #
# T acc  -   0.930174 | V acc  -   0.674138 #
#############################################
# epoch  -        172 | time(s) -    232.40 #
# T loss -   0.123439 | V loss -   1.567256 #
# T acc  -   0.928433 | V acc  -   0.668506 #
#############################################
# epoch  -        173 | time(s) -    231.64 #
# T loss -   0.118440 | V loss -   1.781483 #
# T acc  -   0.931722 | V acc  -   0.663123 #
#############################################
# epoch  -        174 | time(s) -    232.01 #
# T loss -   0.108752 | V loss -   2.000715 #
# T acc  -   0.934562 | V acc  -   0.667146 #
#############################################
# epoch  -        175 | time(s) -    233.40 #
# T loss -   0.115603 | V loss -   1.681898 #
# T acc  -   0.931733 | V acc  -   0.619789 #
#############################################
# epoch  -        176 | time(s) -    233.58 #
# T loss -   0.135180 | V loss -   1.905529 #
# T acc  -   0.924892 | V acc  -   0.670479 #
#############################################
# epoch  -        177 | time(s) -    232.05 #
# T loss -   0.140169 | V loss -   2.137808 #
# T acc  -   0.921500 | V acc  -   0.683027 #
#############################################
# epoch  -        178 | time(s) -    233.81 #
# T loss -   0.131605 | V loss -   2.541921 #
# T acc  -   0.926132 | V acc  -   0.679904 #
#############################################
# epoch  -        179 | time(s) -    236.61 #
# T loss -   0.143218 | V loss -   1.682282 #
# T acc  -   0.921212 | V acc  -   0.668467 #
#############################################
# epoch  -        180 | time(s) -    236.90 #
# T loss -   0.134680 | V loss -   1.917605 #
# T acc  -   0.924042 | V acc  -   0.668697 #
#############################################
# epoch  -        181 | time(s) -    236.59 #
# T loss -   0.132808 | V loss -   2.212913 #
# T acc  -   0.926854 | V acc  -   0.681341 #
#############################################
# epoch  -        182 | time(s) -    236.93 #
# T loss -   0.133000 | V loss -   2.178406 #
# T acc  -   0.924971 | V acc  -   0.676475 #
#############################################
# epoch  -        183 | time(s) -    238.68 #
# T loss -   0.167672 | V loss -   1.886209 #
# T acc  -   0.913540 | V acc  -   0.672816 #
#############################################
# epoch  -        184 | time(s) -    237.63 #
# T loss -   0.115353 | V loss -   2.236161 #
# T acc  -   0.932947 | V acc  -   0.679559 #
#############################################
# epoch  -        185 | time(s) -    236.14 #
# T loss -   0.110598 | V loss -   2.059277 #
# T acc  -   0.933846 | V acc  -   0.678736 #
#############################################
# epoch  -        186 | time(s) -    237.57 #
# T loss -   0.138318 | V loss -   1.885067 #
# T acc  -   0.923550 | V acc  -   0.651494 #
#############################################
# epoch  -        187 | time(s) -    234.13 #
# T loss -   0.125257 | V loss -   1.400970 #
# T acc  -   0.928381 | V acc  -   0.646073 #
#############################################
# epoch  -        188 | time(s) -    233.59 #
# T loss -   0.125298 | V loss -   1.703323 #
# T acc  -   0.928497 | V acc  -   0.650632 #
#############################################
# epoch  -        189 | time(s) -    233.96 #
# T loss -   0.114494 | V loss -   1.841600 #
# T acc  -   0.932633 | V acc  -   0.666437 #
#############################################
# epoch  -        190 | time(s) -    233.67 #
# T loss -   0.105623 | V loss -   2.331202 #
# T acc  -   0.935885 | V acc  -   0.680977 #
#############################################
# epoch  -        191 | time(s) -    234.34 #
# T loss -   0.106925 | V loss -   1.928590 #
# T acc  -   0.934674 | V acc  -   0.669042 #
#############################################
# epoch  -        192 | time(s) -    235.01 #
# T loss -   0.109365 | V loss -   1.910730 #
# T acc  -   0.934813 | V acc  -   0.652854 #
#############################################
# epoch  -        193 | time(s) -    234.80 #
# T loss -   0.091665 | V loss -   1.787622 #
# T acc  -   0.941719 | V acc  -   0.651322 #
#############################################
# epoch  -        194 | time(s) -    233.14 #
# T loss -   0.101594 | V loss -   2.213348 #
# T acc  -   0.937829 | V acc  -   0.677088 #
#############################################
# epoch  -        195 | time(s) -    233.93 #
# T loss -   0.104487 | V loss -   2.172035 #
# T acc  -   0.937095 | V acc  -   0.677069 #
#############################################
# epoch  -        196 | time(s) -    234.50 #
# T loss -   0.104247 | V loss -   1.764523 #
# T acc  -   0.936601 | V acc  -   0.642989 #
#############################################
# epoch  -        197 | time(s) -    234.65 #
# T loss -   0.103023 | V loss -   2.362937 #
# T acc  -   0.936598 | V acc  -   0.676513 #
#############################################
# epoch  -        198 | time(s) -    233.69 #
# T loss -   0.110936 | V loss -   1.745193 #
# T acc  -   0.935613 | V acc  -   0.646111 #
#############################################
# epoch  -        199 | time(s) -    236.68 #
# T loss -   0.108081 | V loss -   2.317326 #
# T acc  -   0.935159 | V acc  -   0.679406 #
#############################################
