adjusted window size: 24064, num bins: 376
using cuda
0.6852250287174186 better than None, saving model
#############################################
# epoch  -          0 | time(s) -    380.36 #
# T loss -   0.568512 | V loss -   0.685225 #
# T acc  -   0.677985 | V acc  -   0.603977 #
#############################################
# epoch  -          1 | time(s) -    395.90 #
# T loss -   0.576631 | V loss -   1.804350 #
# T acc  -   0.682888 | V acc  -   0.615482 #
0.6713798951724983 better than 0.6852250287174186, saving model
#############################################
# epoch  -          2 | time(s) -    409.62 #
# T loss -   0.554336 | V loss -   0.671380 #
# T acc  -   0.711331 | V acc  -   0.615482 #
#############################################
# epoch  -          3 | time(s) -    411.95 #
# T loss -   0.558202 | V loss -   0.800946 #
# T acc  -   0.713021 | V acc  -   0.615482 #
#############################################
# epoch  -          4 | time(s) -    411.93 #
# T loss -   0.567329 | V loss -   0.675124 #
# T acc  -   0.683895 | V acc  -   0.615482 #
#############################################
# epoch  -          5 | time(s) -    409.33 #
# T loss -   0.580457 | V loss -   0.825478 #
# T acc  -   0.686496 | V acc  -   0.615482 #
0.6696527882038387 better than 0.6713798951724983, saving model
#############################################
# epoch  -          6 | time(s) -    403.92 #
# T loss -   0.559539 | V loss -   0.669653 #
# T acc  -   0.710534 | V acc  -   0.615482 #
0.6656621140023686 better than 0.6696527882038387, saving model
#############################################
# epoch  -          7 | time(s) -    401.94 #
# T loss -   0.574197 | V loss -   0.665662 #
# T acc  -   0.684657 | V acc  -   0.615482 #
#############################################
# epoch  -          8 | time(s) -    401.01 #
# T loss -   0.577511 | V loss -   0.748536 #
# T acc  -   0.684266 | V acc  -   0.615482 #
#############################################
# epoch  -          9 | time(s) -    401.97 #
# T loss -   0.558800 | V loss -   1.004513 #
# T acc  -   0.712548 | V acc  -   0.615482 #
#############################################
# epoch  -         10 | time(s) -    403.08 #
# T loss -   0.567406 | V loss -   0.721690 #
# T acc  -   0.714091 | V acc  -   0.615482 #
#############################################
# epoch  -         11 | time(s) -    402.38 #
# T loss -   0.561646 | V loss -   0.669084 #
# T acc  -   0.706252 | V acc  -   0.615482 #
#############################################
# epoch  -         12 | time(s) -    402.21 #
# T loss -   0.580277 | V loss -   0.701058 #
# T acc  -   0.686856 | V acc  -   0.615482 #
#############################################
# epoch  -         13 | time(s) -    402.49 #
# T loss -   0.566700 | V loss -   0.667883 #
# T acc  -   0.688532 | V acc  -   0.615482 #
#############################################
# epoch  -         14 | time(s) -    403.35 #
# T loss -   0.563824 | V loss -   0.675136 #
# T acc  -   0.710381 | V acc  -   0.615482 #
#############################################
# epoch  -         15 | time(s) -    401.66 #
# T loss -   0.555105 | V loss -   1.022095 #
# T acc  -   0.712925 | V acc  -   0.615482 #
#############################################
# epoch  -         16 | time(s) -    402.56 #
# T loss -   0.554245 | V loss -   0.773238 #
# T acc  -   0.713569 | V acc  -   0.615482 #
#############################################
# epoch  -         17 | time(s) -    402.15 #
# T loss -   0.565047 | V loss -   1.236849 #
# T acc  -   0.684696 | V acc  -   0.615482 #
#############################################
# epoch  -         18 | time(s) -    401.56 #
# T loss -   0.577101 | V loss -   1.610576 #
# T acc  -   0.680591 | V acc  -   0.615482 #
#############################################
# epoch  -         19 | time(s) -    400.95 #
# T loss -   0.577357 | V loss -   0.733377 #
# T acc  -   0.683873 | V acc  -   0.615482 #
#############################################
# epoch  -         20 | time(s) -    402.47 #
# T loss -   0.570228 | V loss -   0.701266 #
# T acc  -   0.687832 | V acc  -   0.615482 #
#############################################
# epoch  -         21 | time(s) -    402.74 #
# T loss -   0.572862 | V loss -   0.666615 #
# T acc  -   0.686440 | V acc  -   0.615482 #
#############################################
# epoch  -         22 | time(s) -    402.55 #
# T loss -   0.568971 | V loss -   0.682105 #
# T acc  -   0.685322 | V acc  -   0.615482 #
#############################################
# epoch  -         23 | time(s) -    401.78 #
# T loss -   0.579040 | V loss -   1.409580 #
# T acc  -   0.713730 | V acc  -   0.615482 #
#############################################
# epoch  -         24 | time(s) -    401.67 #
# T loss -   0.570876 | V loss -   0.724262 #
# T acc  -   0.689414 | V acc  -   0.397521 #
#############################################
# epoch  -         25 | time(s) -    401.70 #
# T loss -   0.562300 | V loss -   0.667117 #
# T acc  -   0.686691 | V acc  -   0.615482 #
#############################################
# epoch  -         26 | time(s) -    401.54 #
# T loss -   0.550279 | V loss -   0.668034 #
# T acc  -   0.720332 | V acc  -   0.613698 #
#############################################
# epoch  -         27 | time(s) -    401.83 #
# T loss -   0.562330 | V loss -   1.438428 #
# T acc  -   0.685210 | V acc  -   0.615482 #
#############################################
# epoch  -         28 | time(s) -    402.09 #
# T loss -   0.572874 | V loss -   0.861683 #
# T acc  -   0.680496 | V acc  -   0.615482 #
#############################################
# epoch  -         29 | time(s) -    401.90 #
# T loss -   0.553038 | V loss -   0.755080 #
# T acc  -   0.716624 | V acc  -   0.615482 #
#############################################
# epoch  -         30 | time(s) -    402.59 #
# T loss -   0.553843 | V loss -   0.769816 #
# T acc  -   0.713881 | V acc  -   0.615482 #
#############################################
# epoch  -         31 | time(s) -    403.46 #
# T loss -   0.559132 | V loss -   0.787067 #
# T acc  -   0.711901 | V acc  -   0.615482 #
#############################################
# epoch  -         32 | time(s) -    402.91 #
# T loss -   0.553266 | V loss -   0.674070 #
# T acc  -   0.709128 | V acc  -   0.615482 #
#############################################
# epoch  -         33 | time(s) -    402.51 #
# T loss -   0.575274 | V loss -   0.676014 #
# T acc  -   0.683405 | V acc  -   0.615482 #
#############################################
# epoch  -         34 | time(s) -    403.08 #
# T loss -   0.628411 | V loss -   0.971569 #
# T acc  -   0.682602 | V acc  -   0.615482 #
#############################################
# epoch  -         35 | time(s) -    403.18 #
# T loss -   0.584987 | V loss -   0.666848 #
# T acc  -   0.688986 | V acc  -   0.615482 #
#############################################
# epoch  -         36 | time(s) -    402.36 #
# T loss -   0.592744 | V loss -   0.773660 #
# T acc  -   0.685725 | V acc  -   0.615482 #
0.6641273525289917 better than 0.6656621140023686, saving model
#############################################
# epoch  -         37 | time(s) -    402.66 #
# T loss -   0.574425 | V loss -   0.664127 #
# T acc  -   0.686074 | V acc  -   0.615482 #
#############################################
# epoch  -         38 | time(s) -    403.30 #
# T loss -   0.552267 | V loss -   0.677328 #
# T acc  -   0.715635 | V acc  -   0.615482 #
#############################################
# epoch  -         39 | time(s) -    402.06 #
# T loss -   0.560508 | V loss -   0.729279 #
# T acc  -   0.716432 | V acc  -   0.615482 #
#############################################
# epoch  -         40 | time(s) -    403.21 #
# T loss -   0.582423 | V loss -   0.666067 #
# T acc  -   0.683922 | V acc  -   0.615482 #
#############################################
# epoch  -         41 | time(s) -    402.70 #
# T loss -   0.572836 | V loss -   0.787521 #
# T acc  -   0.693148 | V acc  -   0.615482 #
#############################################
# epoch  -         42 | time(s) -    403.38 #
# T loss -   0.554627 | V loss -   0.704444 #
# T acc  -   0.710156 | V acc  -   0.457658 #
#############################################
# epoch  -         43 | time(s) -    403.36 #
# T loss -   0.554353 | V loss -   0.668172 #
# T acc  -   0.713487 | V acc  -   0.615482 #
#############################################
# epoch  -         44 | time(s) -    403.43 #
# T loss -   0.574732 | V loss -   0.828613 #
# T acc  -   0.691393 | V acc  -   0.615482 #
#############################################
# epoch  -         45 | time(s) -    404.19 #
# T loss -   0.554219 | V loss -   0.879136 #
# T acc  -   0.716372 | V acc  -   0.615482 #
#############################################
# epoch  -         46 | time(s) -    403.70 #
# T loss -   0.562873 | V loss -   0.671652 #
# T acc  -   0.686797 | V acc  -   0.615482 #
#############################################
# epoch  -         47 | time(s) -    403.24 #
# T loss -   0.560700 | V loss -   0.729745 #
# T acc  -   0.710122 | V acc  -   0.615482 #
#############################################
# epoch  -         48 | time(s) -    402.37 #
# T loss -   0.549299 | V loss -   0.727365 #
# T acc  -   0.716350 | V acc  -   0.615482 #
#############################################
# epoch  -         49 | time(s) -    402.85 #
# T loss -   0.554110 | V loss -   0.895589 #
# T acc  -   0.714044 | V acc  -   0.615482 #
#############################################
# epoch  -         50 | time(s) -    403.55 #
# T loss -   0.549891 | V loss -   0.665336 #
# T acc  -   0.718617 | V acc  -   0.615482 #
#############################################
# epoch  -         51 | time(s) -    402.85 #
# T loss -   0.551384 | V loss -   1.536470 #
# T acc  -   0.715432 | V acc  -   0.615482 #
#############################################
# epoch  -         52 | time(s) -    402.27 #
# T loss -   0.553407 | V loss -   0.730743 #
# T acc  -   0.710642 | V acc  -   0.615482 #
#############################################
# epoch  -         53 | time(s) -    402.84 #
# T loss -   0.554099 | V loss -   0.665243 #
# T acc  -   0.712118 | V acc  -   0.615482 #
#############################################
# epoch  -         54 | time(s) -    402.22 #
# T loss -   0.558178 | V loss -   1.701895 #
# T acc  -   0.714026 | V acc  -   0.615482 #
#############################################
# epoch  -         55 | time(s) -    401.77 #
# T loss -   0.557864 | V loss -   1.037344 #
# T acc  -   0.715469 | V acc  -   0.615482 #
#############################################
# epoch  -         56 | time(s) -    403.03 #
# T loss -   0.571201 | V loss -   0.697696 #
# T acc  -   0.685264 | V acc  -   0.615482 #
#############################################
# epoch  -         57 | time(s) -    403.11 #
# T loss -   0.564962 | V loss -   1.649835 #
# T acc  -   0.686534 | V acc  -   0.615482 #
#############################################
# epoch  -         58 | time(s) -    402.88 #
# T loss -   0.557537 | V loss -   0.668383 #
# T acc  -   0.718938 | V acc  -   0.614233 #
#############################################
# epoch  -         59 | time(s) -    403.80 #
# T loss -   0.550305 | V loss -   1.724793 #
# T acc  -   0.714519 | V acc  -   0.615482 #
#############################################
# epoch  -         60 | time(s) -    403.14 #
# T loss -   0.569605 | V loss -   1.589069 #
# T acc  -   0.689873 | V acc  -   0.615482 #
#############################################
# epoch  -         61 | time(s) -    403.37 #
# T loss -   0.562000 | V loss -   0.894688 #
# T acc  -   0.691790 | V acc  -   0.615482 #
0.6636113745429498 better than 0.6641273525289917, saving model
#############################################
# epoch  -         62 | time(s) -    401.87 #
# T loss -   0.573876 | V loss -   0.663611 #
# T acc  -   0.686940 | V acc  -   0.615482 #
#############################################
# epoch  -         63 | time(s) -    401.85 #
# T loss -   0.553156 | V loss -   0.673930 #
# T acc  -   0.708921 | V acc  -   0.615482 #
#############################################
# epoch  -         64 | time(s) -    401.99 #
# T loss -   0.573456 | V loss -   0.731996 #
# T acc  -   0.688999 | V acc  -   0.615482 #
#############################################
# epoch  -         65 | time(s) -    402.11 #
# T loss -   0.551893 | V loss -   0.672279 #
# T acc  -   0.717249 | V acc  -   0.615482 #
#############################################
# epoch  -         66 | time(s) -    402.75 #
# T loss -   0.581688 | V loss -   0.789961 #
# T acc  -   0.685622 | V acc  -   0.615482 #
#############################################
# epoch  -         67 | time(s) -    402.91 #
# T loss -   0.563952 | V loss -   0.678072 #
# T acc  -   0.688633 | V acc  -   0.615482 #
#############################################
# epoch  -         68 | time(s) -    401.99 #
# T loss -   0.568092 | V loss -   0.773384 #
# T acc  -   0.685329 | V acc  -   0.615482 #
#############################################
# epoch  -         69 | time(s) -    401.75 #
# T loss -   0.570507 | V loss -   0.664897 #
# T acc  -   0.686523 | V acc  -   0.615482 #
#############################################
# epoch  -         70 | time(s) -    401.85 #
# T loss -   0.586870 | V loss -   0.664862 #
# T acc  -   0.682564 | V acc  -   0.615482 #
#############################################
# epoch  -         71 | time(s) -    402.30 #
# T loss -   0.554179 | V loss -   0.664243 #
# T acc  -   0.716611 | V acc  -   0.615482 #
#############################################
# epoch  -         72 | time(s) -    403.11 #
# T loss -   0.616495 | V loss -   0.720282 #
# T acc  -   0.695475 | V acc  -   0.615482 #
#############################################
# epoch  -         73 | time(s) -    404.95 #
# T loss -   0.574682 | V loss -   0.746744 #
# T acc  -   0.688831 | V acc  -   0.615482 #
#############################################
# epoch  -         74 | time(s) -    403.06 #
# T loss -   0.628435 | V loss -   0.665550 #
# T acc  -   0.685088 | V acc  -   0.615482 #
#############################################
# epoch  -         75 | time(s) -    402.40 #
# T loss -   0.623586 | V loss -   0.677956 #
# T acc  -   0.682406 | V acc  -   0.615482 #
#############################################
# epoch  -         76 | time(s) -    402.95 #
# T loss -   0.621066 | V loss -   0.669778 #
# T acc  -   0.682251 | V acc  -   0.615482 #
#############################################
# epoch  -         77 | time(s) -    403.30 #
# T loss -   0.615806 | V loss -   0.664555 #
# T acc  -   0.682903 | V acc  -   0.615482 #
#############################################
# epoch  -         78 | time(s) -    402.83 #
# T loss -   0.623561 | V loss -   0.666616 #
# T acc  -   0.682757 | V acc  -   0.615482 #
#############################################
# epoch  -         79 | time(s) -    401.88 #
# T loss -   0.619789 | V loss -   0.667718 #
# T acc  -   0.681762 | V acc  -   0.615482 #
#############################################
# epoch  -         80 | time(s) -    403.79 #
# T loss -   0.606398 | V loss -   0.664961 #
# T acc  -   0.682318 | V acc  -   0.615482 #
#############################################
# epoch  -         81 | time(s) -    404.90 #
# T loss -   0.623865 | V loss -   0.670267 #
# T acc  -   0.682271 | V acc  -   0.615482 #
#############################################
# epoch  -         82 | time(s) -    403.47 #
# T loss -   0.619097 | V loss -   0.703123 #
# T acc  -   0.681865 | V acc  -   0.615482 #
#############################################
# epoch  -         83 | time(s) -    403.60 #
# T loss -   0.613040 | V loss -   0.664589 #
# T acc  -   0.683943 | V acc  -   0.615482 #
#############################################
# epoch  -         84 | time(s) -    404.43 #
# T loss -   0.618352 | V loss -   0.674703 #
# T acc  -   0.682597 | V acc  -   0.615482 #
#############################################
# epoch  -         85 | time(s) -    402.62 #
# T loss -   0.617700 | V loss -   0.686708 #
# T acc  -   0.682508 | V acc  -   0.615482 #
#############################################
# epoch  -         86 | time(s) -    403.55 #
# T loss -   0.617749 | V loss -   0.666911 #
# T acc  -   0.682844 | V acc  -   0.615482 #
#############################################
# epoch  -         87 | time(s) -    404.18 #
# T loss -   0.615656 | V loss -   0.664951 #
# T acc  -   0.682522 | V acc  -   0.615482 #
#############################################
# epoch  -         88 | time(s) -    401.98 #
# T loss -   0.619942 | V loss -   0.723575 #
# T acc  -   0.681505 | V acc  -   0.615482 #
#############################################
# epoch  -         89 | time(s) -    402.01 #
# T loss -   0.611350 | V loss -   0.665129 #
# T acc  -   0.684174 | V acc  -   0.615482 #
#############################################
# epoch  -         90 | time(s) -    400.73 #
# T loss -   0.621454 | V loss -   0.677277 #
# T acc  -   0.681336 | V acc  -   0.615482 #
#############################################
# epoch  -         91 | time(s) -    401.70 #
# T loss -   0.608453 | V loss -   0.667072 #
# T acc  -   0.683195 | V acc  -   0.615482 #
#############################################
# epoch  -         92 | time(s) -    401.88 #
# T loss -   0.621373 | V loss -   0.667153 #
# T acc  -   0.681395 | V acc  -   0.615482 #
#############################################
# epoch  -         93 | time(s) -    402.12 #
# T loss -   0.619676 | V loss -   0.666677 #
# T acc  -   0.682161 | V acc  -   0.615482 #
#############################################
# epoch  -         94 | time(s) -    402.13 #
# T loss -   0.615875 | V loss -   0.687564 #
# T acc  -   0.682121 | V acc  -   0.615482 #
#############################################
# epoch  -         95 | time(s) -    403.68 #
# T loss -   0.619808 | V loss -   0.677913 #
# T acc  -   0.681599 | V acc  -   0.615482 #
#############################################
# epoch  -         96 | time(s) -    403.13 #
# T loss -   0.608577 | V loss -   0.670449 #
# T acc  -   0.681918 | V acc  -   0.615482 #
#############################################
# epoch  -         97 | time(s) -    401.42 #
# T loss -   0.622237 | V loss -   0.672123 #
# T acc  -   0.681745 | V acc  -   0.615482 #
#############################################
# epoch  -         98 | time(s) -    401.24 #
# T loss -   0.610691 | V loss -   0.728601 #
# T acc  -   0.682454 | V acc  -   0.615482 #
#############################################
# epoch  -         99 | time(s) -    400.80 #
# T loss -   0.613757 | V loss -   0.666826 #
# T acc  -   0.682461 | V acc  -   0.615482 #
#############################################
# epoch  -        100 | time(s) -    401.70 #
# T loss -   0.618711 | V loss -   0.674562 #
# T acc  -   0.682297 | V acc  -   0.615482 #
#############################################
# epoch  -        101 | time(s) -    387.09 #
# T loss -   0.620225 | V loss -   0.673072 #
# T acc  -   0.681527 | V acc  -   0.615482 #
#############################################
# epoch  -        102 | time(s) -    383.15 #
# T loss -   0.613694 | V loss -   0.689962 #
# T acc  -   0.681138 | V acc  -   0.615482 #
#############################################
# epoch  -        103 | time(s) -    391.74 #
# T loss -   0.617698 | V loss -   0.687385 #
# T acc  -   0.682848 | V acc  -   0.615482 #
#############################################
# epoch  -        104 | time(s) -    393.08 #
# T loss -   0.614426 | V loss -   0.666477 #
# T acc  -   0.682208 | V acc  -   0.615482 #
#############################################
# epoch  -        105 | time(s) -    391.19 #
# T loss -   0.614643 | V loss -   0.666738 #
# T acc  -   0.682243 | V acc  -   0.615482 #
#############################################
# epoch  -        106 | time(s) -    393.52 #
# T loss -   0.622465 | V loss -   0.665229 #
# T acc  -   0.682364 | V acc  -   0.615482 #
#############################################
# epoch  -        107 | time(s) -    393.86 #
# T loss -   0.610451 | V loss -   0.667339 #
# T acc  -   0.682802 | V acc  -   0.615482 #
#############################################
# epoch  -        108 | time(s) -    393.07 #
# T loss -   0.623033 | V loss -   0.680004 #
# T acc  -   0.682584 | V acc  -   0.615482 #
#############################################
# epoch  -        109 | time(s) -    393.54 #
# T loss -   0.619304 | V loss -   0.683801 #
# T acc  -   0.681397 | V acc  -   0.615482 #
#############################################
# epoch  -        110 | time(s) -    393.04 #
# T loss -   0.619249 | V loss -   0.667276 #
# T acc  -   0.682400 | V acc  -   0.615482 #
#############################################
# epoch  -        111 | time(s) -    396.05 #
# T loss -   0.618600 | V loss -   0.667648 #
# T acc  -   0.682068 | V acc  -   0.615482 #
#############################################
# epoch  -        112 | time(s) -    395.40 #
# T loss -   0.613759 | V loss -   0.664591 #
# T acc  -   0.681828 | V acc  -   0.615482 #
#############################################
# epoch  -        113 | time(s) -    397.58 #
# T loss -   0.609914 | V loss -   0.668282 #
# T acc  -   0.682462 | V acc  -   0.615482 #
#############################################
# epoch  -        114 | time(s) -    396.69 #
# T loss -   0.614161 | V loss -   0.665669 #
# T acc  -   0.681998 | V acc  -   0.615482 #
#############################################
# epoch  -        115 | time(s) -    397.08 #
# T loss -   0.613564 | V loss -   0.711718 #
# T acc  -   0.681724 | V acc  -   0.615482 #
#############################################
# epoch  -        116 | time(s) -    398.74 #
# T loss -   0.619679 | V loss -   0.672933 #
# T acc  -   0.682730 | V acc  -   0.615482 #
#############################################
# epoch  -        117 | time(s) -    397.76 #
# T loss -   0.617169 | V loss -   0.680713 #
# T acc  -   0.682254 | V acc  -   0.615482 #
#############################################
# epoch  -        118 | time(s) -    397.18 #
# T loss -   0.616591 | V loss -   0.666541 #
# T acc  -   0.681290 | V acc  -   0.615482 #
#############################################
# epoch  -        119 | time(s) -    400.01 #
# T loss -   0.617737 | V loss -   0.682381 #
# T acc  -   0.683304 | V acc  -   0.615482 #
#############################################
# epoch  -        120 | time(s) -    397.50 #
# T loss -   0.614356 | V loss -   0.708290 #
# T acc  -   0.682546 | V acc  -   0.615482 #
#############################################
# epoch  -        121 | time(s) -    400.94 #
# T loss -   0.603956 | V loss -   0.668165 #
# T acc  -   0.682800 | V acc  -   0.615482 #
#############################################
# epoch  -        122 | time(s) -    399.26 #
# T loss -   0.619961 | V loss -   0.677585 #
# T acc  -   0.681935 | V acc  -   0.615482 #
#############################################
# epoch  -        123 | time(s) -    399.73 #
# T loss -   0.611467 | V loss -   0.673470 #
# T acc  -   0.682901 | V acc  -   0.615482 #
#############################################
# epoch  -        124 | time(s) -    400.20 #
# T loss -   0.617887 | V loss -   0.686457 #
# T acc  -   0.681649 | V acc  -   0.615482 #
#############################################
# epoch  -        125 | time(s) -    401.00 #
# T loss -   0.615313 | V loss -   0.687890 #
# T acc  -   0.682609 | V acc  -   0.615482 #
#############################################
# epoch  -        126 | time(s) -    399.12 #
# T loss -   0.613450 | V loss -   0.666682 #
# T acc  -   0.682061 | V acc  -   0.615482 #
#############################################
# epoch  -        127 | time(s) -    399.14 #
# T loss -   0.613087 | V loss -   0.699712 #
# T acc  -   0.682779 | V acc  -   0.615482 #
#############################################
# epoch  -        128 | time(s) -    399.48 #
# T loss -   0.620485 | V loss -   0.667600 #
# T acc  -   0.680764 | V acc  -   0.615482 #
#############################################
# epoch  -        129 | time(s) -    400.57 #
# T loss -   0.615765 | V loss -   0.665287 #
# T acc  -   0.681659 | V acc  -   0.615482 #
#############################################
# epoch  -        130 | time(s) -    399.79 #
# T loss -   0.618460 | V loss -   0.666364 #
# T acc  -   0.682893 | V acc  -   0.615482 #
#############################################
# epoch  -        131 | time(s) -    399.23 #
# T loss -   0.622510 | V loss -   0.672480 #
# T acc  -   0.682563 | V acc  -   0.615482 #
#############################################
# epoch  -        132 | time(s) -    400.19 #
# T loss -   0.614486 | V loss -   0.664629 #
# T acc  -   0.682336 | V acc  -   0.615482 #
#############################################
# epoch  -        133 | time(s) -    399.63 #
# T loss -   0.615740 | V loss -   0.672055 #
# T acc  -   0.682030 | V acc  -   0.615482 #
#############################################
# epoch  -        134 | time(s) -    401.25 #
# T loss -   0.616646 | V loss -   0.674035 #
# T acc  -   0.682023 | V acc  -   0.615482 #
#############################################
# epoch  -        135 | time(s) -    402.89 #
# T loss -   0.608162 | V loss -   0.669207 #
# T acc  -   0.681331 | V acc  -   0.615482 #
#############################################
# epoch  -        136 | time(s) -    401.91 #
# T loss -   0.624881 | V loss -   0.682585 #
# T acc  -   0.682665 | V acc  -   0.615482 #
#############################################
# epoch  -        137 | time(s) -    399.99 #
# T loss -   0.611451 | V loss -   0.664776 #
# T acc  -   0.681738 | V acc  -   0.615482 #
#############################################
# epoch  -        138 | time(s) -    399.79 #
# T loss -   0.618411 | V loss -   0.664572 #
# T acc  -   0.682045 | V acc  -   0.615482 #
#############################################
# epoch  -        139 | time(s) -    400.84 #
# T loss -   0.617076 | V loss -   0.664543 #
# T acc  -   0.681911 | V acc  -   0.615482 #
#############################################
# epoch  -        140 | time(s) -    395.09 #
# T loss -   0.619265 | V loss -   0.664833 #
# T acc  -   0.681260 | V acc  -   0.615482 #
#############################################
# epoch  -        141 | time(s) -    400.74 #
# T loss -   0.619410 | V loss -   0.683685 #
# T acc  -   0.682326 | V acc  -   0.615482 #
#############################################
# epoch  -        142 | time(s) -    398.03 #
# T loss -   0.616345 | V loss -   0.670265 #
# T acc  -   0.682118 | V acc  -   0.615482 #
#############################################
# epoch  -        143 | time(s) -    386.10 #
# T loss -   0.617174 | V loss -   0.687380 #
# T acc  -   0.682289 | V acc  -   0.615482 #
#############################################
# epoch  -        144 | time(s) -    389.63 #
# T loss -   0.620018 | V loss -   0.676742 #
# T acc  -   0.682725 | V acc  -   0.615482 #
#############################################
# epoch  -        145 | time(s) -    396.85 #
# T loss -   0.615289 | V loss -   0.672608 #
# T acc  -   0.682357 | V acc  -   0.615482 #
#############################################
# epoch  -        146 | time(s) -    400.58 #
# T loss -   0.614141 | V loss -   0.768912 #
# T acc  -   0.682243 | V acc  -   0.615482 #
#############################################
# epoch  -        147 | time(s) -    400.75 #
# T loss -   0.621325 | V loss -   0.668511 #
# T acc  -   0.682439 | V acc  -   0.615482 #
#############################################
# epoch  -        148 | time(s) -    398.66 #
# T loss -   0.620466 | V loss -   0.674403 #
# T acc  -   0.682167 | V acc  -   0.615482 #
#############################################
# epoch  -        149 | time(s) -    400.63 #
# T loss -   0.615944 | V loss -   0.664593 #
# T acc  -   0.682017 | V acc  -   0.615482 #
#############################################
# epoch  -        150 | time(s) -    398.98 #
# T loss -   0.618436 | V loss -   0.677409 #
# T acc  -   0.681692 | V acc  -   0.615482 #
#############################################
# epoch  -        151 | time(s) -    400.24 #
# T loss -   0.617536 | V loss -   0.666441 #
# T acc  -   0.683051 | V acc  -   0.615482 #
#############################################
# epoch  -        152 | time(s) -    398.86 #
# T loss -   0.615430 | V loss -   0.713571 #
# T acc  -   0.681856 | V acc  -   0.615482 #
#############################################
# epoch  -        153 | time(s) -    398.32 #
# T loss -   0.603270 | V loss -   0.669306 #
# T acc  -   0.682752 | V acc  -   0.615482 #
#############################################
# epoch  -        154 | time(s) -    397.63 #
# T loss -   0.613297 | V loss -   0.688474 #
# T acc  -   0.682513 | V acc  -   0.615482 #
#############################################
# epoch  -        155 | time(s) -    397.09 #
# T loss -   0.614131 | V loss -   0.664523 #
# T acc  -   0.682792 | V acc  -   0.615482 #
#############################################
# epoch  -        156 | time(s) -    398.48 #
# T loss -   0.611840 | V loss -   0.734806 #
# T acc  -   0.683097 | V acc  -   0.615482 #
#############################################
# epoch  -        157 | time(s) -    397.49 #
# T loss -   0.615853 | V loss -   0.669322 #
# T acc  -   0.681131 | V acc  -   0.615482 #
#############################################
# epoch  -        158 | time(s) -    396.30 #
# T loss -   0.615661 | V loss -   0.690615 #
# T acc  -   0.681931 | V acc  -   0.615482 #
#############################################
# epoch  -        159 | time(s) -    397.48 #
# T loss -   0.614308 | V loss -   0.679326 #
# T acc  -   0.682246 | V acc  -   0.615482 #
#############################################
# epoch  -        160 | time(s) -    397.99 #
# T loss -   0.615522 | V loss -   0.716135 #
# T acc  -   0.682135 | V acc  -   0.615482 #
#############################################
# epoch  -        161 | time(s) -    396.82 #
# T loss -   0.620123 | V loss -   0.670533 #
# T acc  -   0.681123 | V acc  -   0.615482 #
#############################################
# epoch  -        162 | time(s) -    396.40 #
# T loss -   0.620961 | V loss -   0.667727 #
# T acc  -   0.681466 | V acc  -   0.615482 #
#############################################
# epoch  -        163 | time(s) -    396.22 #
# T loss -   0.619586 | V loss -   0.667732 #
# T acc  -   0.682134 | V acc  -   0.615482 #
#############################################
# epoch  -        164 | time(s) -    396.75 #
# T loss -   0.615738 | V loss -   0.664738 #
# T acc  -   0.681904 | V acc  -   0.615482 #
#############################################
# epoch  -        165 | time(s) -    398.15 #
# T loss -   0.621282 | V loss -   0.670015 #
# T acc  -   0.681792 | V acc  -   0.615482 #
#############################################
# epoch  -        166 | time(s) -    399.39 #
# T loss -   0.615492 | V loss -   0.690102 #
# T acc  -   0.682152 | V acc  -   0.615482 #
#############################################
# epoch  -        167 | time(s) -    398.14 #
# T loss -   0.613847 | V loss -   0.669789 #
# T acc  -   0.682262 | V acc  -   0.615482 #
#############################################
# epoch  -        168 | time(s) -    396.78 #
# T loss -   0.617451 | V loss -   0.682317 #
# T acc  -   0.682063 | V acc  -   0.615482 #
#############################################
# epoch  -        169 | time(s) -    395.99 #
# T loss -   0.618681 | V loss -   0.694102 #
# T acc  -   0.682493 | V acc  -   0.615482 #
#############################################
# epoch  -        170 | time(s) -    397.18 #
# T loss -   0.611670 | V loss -   0.664710 #
# T acc  -   0.682380 | V acc  -   0.615482 #
#############################################
# epoch  -        171 | time(s) -    397.03 #
# T loss -   0.615645 | V loss -   0.668080 #
# T acc  -   0.683588 | V acc  -   0.615482 #
#############################################
# epoch  -        172 | time(s) -    396.22 #
# T loss -   0.616026 | V loss -   0.712808 #
# T acc  -   0.681238 | V acc  -   0.615482 #
#############################################
# epoch  -        173 | time(s) -    395.65 #
# T loss -   0.616418 | V loss -   0.676400 #
# T acc  -   0.682114 | V acc  -   0.615482 #
#############################################
# epoch  -        174 | time(s) -    395.92 #
# T loss -   0.609350 | V loss -   0.725662 #
# T acc  -   0.682313 | V acc  -   0.615482 #
#############################################
# epoch  -        175 | time(s) -    396.62 #
# T loss -   0.617026 | V loss -   0.667342 #
# T acc  -   0.682515 | V acc  -   0.615482 #
#############################################
# epoch  -        176 | time(s) -    396.86 #
# T loss -   0.616796 | V loss -   0.688474 #
# T acc  -   0.682461 | V acc  -   0.615482 #
#############################################
# epoch  -        177 | time(s) -    396.02 #
# T loss -   0.616517 | V loss -   0.714097 #
# T acc  -   0.683069 | V acc  -   0.615482 #
#############################################
# epoch  -        178 | time(s) -    396.02 #
# T loss -   0.608968 | V loss -   0.672102 #
# T acc  -   0.681915 | V acc  -   0.615482 #
#############################################
# epoch  -        179 | time(s) -    394.93 #
# T loss -   0.618078 | V loss -   0.704382 #
# T acc  -   0.682447 | V acc  -   0.615482 #
#############################################
# epoch  -        180 | time(s) -    394.24 #
# T loss -   0.616416 | V loss -   0.692365 #
# T acc  -   0.682454 | V acc  -   0.615482 #
#############################################
# epoch  -        181 | time(s) -    394.89 #
# T loss -   0.614964 | V loss -   0.664740 #
# T acc  -   0.682217 | V acc  -   0.615482 #
#############################################
# epoch  -        182 | time(s) -    393.13 #
# T loss -   0.620951 | V loss -   0.669507 #
# T acc  -   0.681935 | V acc  -   0.615482 #
#############################################
# epoch  -        183 | time(s) -    395.55 #
# T loss -   0.620297 | V loss -   0.690042 #
# T acc  -   0.681955 | V acc  -   0.615482 #
#############################################
# epoch  -        184 | time(s) -    394.03 #
# T loss -   0.619886 | V loss -   0.672076 #
# T acc  -   0.681563 | V acc  -   0.615482 #
#############################################
# epoch  -        185 | time(s) -    395.33 #
# T loss -   0.606907 | V loss -   0.665182 #
# T acc  -   0.682657 | V acc  -   0.615482 #
#############################################
# epoch  -        186 | time(s) -    394.29 #
# T loss -   0.617135 | V loss -   0.689099 #
# T acc  -   0.682243 | V acc  -   0.615482 #
#############################################
# epoch  -        187 | time(s) -    394.37 #
# T loss -   0.617221 | V loss -   0.706335 #
# T acc  -   0.682115 | V acc  -   0.615482 #
#############################################
# epoch  -        188 | time(s) -    392.57 #
# T loss -   0.614307 | V loss -   0.666060 #
# T acc  -   0.682361 | V acc  -   0.615482 #
#############################################
# epoch  -        189 | time(s) -    394.43 #
# T loss -   0.619343 | V loss -   0.675246 #
# T acc  -   0.682529 | V acc  -   0.615482 #
#############################################
# epoch  -        190 | time(s) -    395.01 #
# T loss -   0.614277 | V loss -   0.664927 #
# T acc  -   0.682635 | V acc  -   0.615482 #
#############################################
# epoch  -        191 | time(s) -    393.86 #
# T loss -   0.619146 | V loss -   0.699199 #
# T acc  -   0.681745 | V acc  -   0.615482 #
#############################################
# epoch  -        192 | time(s) -    394.33 #
# T loss -   0.614074 | V loss -   0.702113 #
# T acc  -   0.681625 | V acc  -   0.615482 #
#############################################
# epoch  -        193 | time(s) -    394.72 #
# T loss -   0.621256 | V loss -   0.688097 #
# T acc  -   0.681819 | V acc  -   0.615482 #
#############################################
# epoch  -        194 | time(s) -    395.16 #
# T loss -   0.606070 | V loss -   0.678432 #
# T acc  -   0.682414 | V acc  -   0.615482 #
#############################################
# epoch  -        195 | time(s) -    391.99 #
# T loss -   0.612787 | V loss -   0.664579 #
# T acc  -   0.680950 | V acc  -   0.615482 #
#############################################
# epoch  -        196 | time(s) -    395.32 #
# T loss -   0.620803 | V loss -   0.664835 #
# T acc  -   0.683238 | V acc  -   0.615482 #
#############################################
# epoch  -        197 | time(s) -    396.48 #
# T loss -   0.606281 | V loss -   0.667971 #
# T acc  -   0.683281 | V acc  -   0.615482 #
#############################################
# epoch  -        198 | time(s) -    394.46 #
# T loss -   0.615204 | V loss -   0.698577 #
# T acc  -   0.682878 | V acc  -   0.615482 #
#############################################
# epoch  -        199 | time(s) -    395.92 #
# T loss -   0.619250 | V loss -   0.682857 #
# T acc  -   0.682178 | V acc  -   0.615482 #
#############################################
