adjusted window size: 24064, num bins: 94
using cuda
0.32649294287112623 better than None, saving model
#############################################
# epoch  -          0 | time(s) -    305.10 #
# T loss -   0.552757 | V loss -   0.326493 #
# T acc  -   0.715254 | V acc  -   0.929080 #
#############################################
# epoch  -          1 | time(s) -    300.57 #
# T loss -   0.515453 | V loss -   0.395730 #
# T acc  -   0.750598 | V acc  -   0.929112 #
0.27084620316177593 better than 0.32649294287112623, saving model
#############################################
# epoch  -          2 | time(s) -    302.73 #
# T loss -   0.512369 | V loss -   0.270846 #
# T acc  -   0.745206 | V acc  -   0.929114 #
0.2613210690155337 better than 0.27084620316177593, saving model
#############################################
# epoch  -          3 | time(s) -    299.01 #
# T loss -   0.526868 | V loss -   0.261321 #
# T acc  -   0.749994 | V acc  -   0.929114 #
#############################################
# epoch  -          4 | time(s) -    304.54 #
# T loss -   0.512005 | V loss -   0.527860 #
# T acc  -   0.750150 | V acc  -   0.929112 #
#############################################
# epoch  -          5 | time(s) -    295.88 #
# T loss -   0.527045 | V loss -   0.459584 #
# T acc  -   0.748006 | V acc  -   0.929114 #
#############################################
# epoch  -          6 | time(s) -    304.73 #
# T loss -   0.509297 | V loss -   0.285178 #
# T acc  -   0.751937 | V acc  -   0.929112 #
#############################################
# epoch  -          7 | time(s) -    297.21 #
# T loss -   0.520150 | V loss -   0.334577 #
# T acc  -   0.750266 | V acc  -   0.929100 #
0.25892340604403496 better than 0.2613210690155337, saving model
#############################################
# epoch  -          8 | time(s) -    298.05 #
# T loss -   0.505062 | V loss -   0.258923 #
# T acc  -   0.751986 | V acc  -   0.928944 #
#############################################
# epoch  -          9 | time(s) -    297.18 #
# T loss -   0.496224 | V loss -   0.490775 #
# T acc  -   0.749863 | V acc  -   0.905782 #
#############################################
# epoch  -         10 | time(s) -    298.54 #
# T loss -   0.511473 | V loss -   0.369197 #
# T acc  -   0.752812 | V acc  -   0.926184 #
#############################################
# epoch  -         11 | time(s) -    307.09 #
# T loss -   0.497932 | V loss -   0.322399 #
# T acc  -   0.755970 | V acc  -   0.928694 #
#############################################
# epoch  -         12 | time(s) -    298.46 #
# T loss -   0.488472 | V loss -   0.270443 #
# T acc  -   0.756917 | V acc  -   0.928964 #
#############################################
# epoch  -         13 | time(s) -    299.51 #
# T loss -   0.494938 | V loss -   0.422984 #
# T acc  -   0.756938 | V acc  -   0.906758 #
0.24828005566974862 better than 0.25892340604403496, saving model
#############################################
# epoch  -         14 | time(s) -    299.98 #
# T loss -   0.494272 | V loss -   0.248280 #
# T acc  -   0.759224 | V acc  -   0.929078 #
#############################################
# epoch  -         15 | time(s) -    299.78 #
# T loss -   0.486942 | V loss -   0.250159 #
# T acc  -   0.758758 | V acc  -   0.928848 #
#############################################
# epoch  -         16 | time(s) -    300.48 #
# T loss -   0.480301 | V loss -   0.523894 #
# T acc  -   0.765628 | V acc  -   0.851838 #
#############################################
# epoch  -         17 | time(s) -    298.27 #
# T loss -   0.492710 | V loss -   0.265365 #
# T acc  -   0.759390 | V acc  -   0.929038 #
#############################################
# epoch  -         18 | time(s) -    306.47 #
# T loss -   0.482390 | V loss -   0.264984 #
# T acc  -   0.763444 | V acc  -   0.926083 #
0.2400927216037561 better than 0.24828005566974862, saving model
#############################################
# epoch  -         19 | time(s) -    295.58 #
# T loss -   0.496147 | V loss -   0.240093 #
# T acc  -   0.754422 | V acc  -   0.928772 #
#############################################
# epoch  -         20 | time(s) -    304.99 #
# T loss -   0.494821 | V loss -   0.292382 #
# T acc  -   0.758282 | V acc  -   0.927288 #
#############################################
# epoch  -         21 | time(s) -    297.58 #
# T loss -   0.490672 | V loss -   0.301239 #
# T acc  -   0.760473 | V acc  -   0.929114 #
#############################################
# epoch  -         22 | time(s) -    305.76 #
# T loss -   0.479298 | V loss -   0.242553 #
# T acc  -   0.761979 | V acc  -   0.928855 #
#############################################
# epoch  -         23 | time(s) -    297.18 #
# T loss -   0.494850 | V loss -   0.245020 #
# T acc  -   0.757522 | V acc  -   0.928175 #
#############################################
# epoch  -         24 | time(s) -    307.12 #
# T loss -   0.481617 | V loss -   0.246108 #
# T acc  -   0.762903 | V acc  -   0.928966 #
#############################################
# epoch  -         25 | time(s) -    297.94 #
# T loss -   0.489138 | V loss -   0.403747 #
# T acc  -   0.762384 | V acc  -   0.917157 #
#############################################
# epoch  -         26 | time(s) -    299.56 #
# T loss -   0.482159 | V loss -   0.267828 #
# T acc  -   0.763850 | V acc  -   0.925925 #
#############################################
# epoch  -         27 | time(s) -    307.65 #
# T loss -   0.482971 | V loss -   0.269333 #
# T acc  -   0.763455 | V acc  -   0.925008 #
#############################################
# epoch  -         28 | time(s) -    308.65 #
# T loss -   0.486846 | V loss -   0.282031 #
# T acc  -   0.761169 | V acc  -   0.924405 #
#############################################
# epoch  -         29 | time(s) -    312.40 #
# T loss -   0.465644 | V loss -   0.605564 #
# T acc  -   0.772226 | V acc  -   0.676250 #
#############################################
# epoch  -         30 | time(s) -    305.28 #
# T loss -   0.486297 | V loss -   0.482549 #
# T acc  -   0.762549 | V acc  -   0.929098 #
#############################################
# epoch  -         31 | time(s) -    315.15 #
# T loss -   0.471166 | V loss -   0.255611 #
# T acc  -   0.769951 | V acc  -   0.927652 #
#############################################
# epoch  -         32 | time(s) -    314.32 #
# T loss -   0.471332 | V loss -   0.265210 #
# T acc  -   0.767392 | V acc  -   0.924380 #
#############################################
# epoch  -         33 | time(s) -    305.40 #
# T loss -   0.470272 | V loss -   0.252513 #
# T acc  -   0.768075 | V acc  -   0.925697 #
#############################################
# epoch  -         34 | time(s) -    305.57 #
# T loss -   0.470315 | V loss -   0.468076 #
# T acc  -   0.767490 | V acc  -   0.856397 #
#############################################
# epoch  -         35 | time(s) -    313.70 #
# T loss -   0.472407 | V loss -   0.309407 #
# T acc  -   0.769373 | V acc  -   0.920670 #
#############################################
# epoch  -         36 | time(s) -    313.26 #
# T loss -   0.470086 | V loss -   0.268210 #
# T acc  -   0.769159 | V acc  -   0.922776 #
#############################################
# epoch  -         37 | time(s) -    313.73 #
# T loss -   0.462821 | V loss -   0.361429 #
# T acc  -   0.773397 | V acc  -   0.913231 #
#############################################
# epoch  -         38 | time(s) -    304.82 #
# T loss -   0.463749 | V loss -   0.329463 #
# T acc  -   0.772991 | V acc  -   0.927297 #
#############################################
# epoch  -         39 | time(s) -    303.45 #
# T loss -   0.463348 | V loss -   0.277435 #
# T acc  -   0.772803 | V acc  -   0.921104 #
#############################################
# epoch  -         40 | time(s) -    304.58 #
# T loss -   0.454203 | V loss -   0.419586 #
# T acc  -   0.775405 | V acc  -   0.864984 #
#############################################
# epoch  -         41 | time(s) -    311.01 #
# T loss -   0.471543 | V loss -   0.373447 #
# T acc  -   0.768439 | V acc  -   0.890450 #
#############################################
# epoch  -         42 | time(s) -    303.75 #
# T loss -   0.460791 | V loss -   0.251202 #
# T acc  -   0.776628 | V acc  -   0.926289 #
#############################################
# epoch  -         43 | time(s) -    311.93 #
# T loss -   0.453098 | V loss -   0.390091 #
# T acc  -   0.777958 | V acc  -   0.878248 #
#############################################
# epoch  -         44 | time(s) -    312.58 #
# T loss -   0.449004 | V loss -   0.547629 #
# T acc  -   0.780261 | V acc  -   0.760261 #
#############################################
# epoch  -         45 | time(s) -    305.75 #
# T loss -   0.435900 | V loss -   0.344118 #
# T acc  -   0.788596 | V acc  -   0.912513 #
#############################################
# epoch  -         46 | time(s) -    312.57 #
# T loss -   0.451446 | V loss -   0.274367 #
# T acc  -   0.781352 | V acc  -   0.926787 #
#############################################
# epoch  -         47 | time(s) -    304.07 #
# T loss -   0.431195 | V loss -   0.287015 #
# T acc  -   0.786599 | V acc  -   0.922668 #
#############################################
# epoch  -         48 | time(s) -    304.28 #
# T loss -   0.440745 | V loss -   0.472554 #
# T acc  -   0.786713 | V acc  -   0.822512 #
#############################################
# epoch  -         49 | time(s) -    312.27 #
# T loss -   0.443230 | V loss -   0.274443 #
# T acc  -   0.785676 | V acc  -   0.926059 #
#############################################
# epoch  -         50 | time(s) -    304.34 #
# T loss -   0.440464 | V loss -   0.361629 #
# T acc  -   0.785764 | V acc  -   0.883397 #
#############################################
# epoch  -         51 | time(s) -    303.79 #
# T loss -   0.433432 | V loss -   0.283406 #
# T acc  -   0.786757 | V acc  -   0.916914 #
#############################################
# epoch  -         52 | time(s) -    312.36 #
# T loss -   0.431189 | V loss -   0.254910 #
# T acc  -   0.792313 | V acc  -   0.925949 #
#############################################
# epoch  -         53 | time(s) -    311.44 #
# T loss -   0.426950 | V loss -   0.286691 #
# T acc  -   0.792080 | V acc  -   0.923169 #
#############################################
# epoch  -         54 | time(s) -    312.55 #
# T loss -   0.449140 | V loss -   0.267688 #
# T acc  -   0.780932 | V acc  -   0.922110 #
#############################################
# epoch  -         55 | time(s) -    313.10 #
# T loss -   0.433621 | V loss -   0.283446 #
# T acc  -   0.787150 | V acc  -   0.915671 #
#############################################
# epoch  -         56 | time(s) -    304.56 #
# T loss -   0.426048 | V loss -   0.523727 #
# T acc  -   0.793906 | V acc  -   0.754149 #
#############################################
# epoch  -         57 | time(s) -    304.30 #
# T loss -   0.433866 | V loss -   0.341300 #
# T acc  -   0.791609 | V acc  -   0.900878 #
#############################################
# epoch  -         58 | time(s) -    310.79 #
# T loss -   0.419289 | V loss -   0.342811 #
# T acc  -   0.798125 | V acc  -   0.886582 #
#############################################
# epoch  -         59 | time(s) -    301.84 #
# T loss -   0.414444 | V loss -   0.550161 #
# T acc  -   0.797792 | V acc  -   0.723010 #
#############################################
# epoch  -         60 | time(s) -    303.53 #
# T loss -   0.424477 | V loss -   0.307405 #
# T acc  -   0.795512 | V acc  -   0.910926 #
#############################################
# epoch  -         61 | time(s) -    312.21 #
# T loss -   0.406927 | V loss -   0.501201 #
# T acc  -   0.805647 | V acc  -   0.763576 #
#############################################
# epoch  -         62 | time(s) -    311.09 #
# T loss -   0.402953 | V loss -   0.269545 #
# T acc  -   0.807197 | V acc  -   0.920619 #
#############################################
# epoch  -         63 | time(s) -    311.45 #
# T loss -   0.404357 | V loss -   0.272200 #
# T acc  -   0.805945 | V acc  -   0.914884 #
#############################################
# epoch  -         64 | time(s) -    312.80 #
# T loss -   0.401449 | V loss -   0.273504 #
# T acc  -   0.806841 | V acc  -   0.923498 #
#############################################
# epoch  -         65 | time(s) -    302.92 #
# T loss -   0.390947 | V loss -   0.271620 #
# T acc  -   0.813501 | V acc  -   0.921146 #
#############################################
# epoch  -         66 | time(s) -    311.18 #
# T loss -   0.391532 | V loss -   0.294842 #
# T acc  -   0.811986 | V acc  -   0.920764 #
#############################################
# epoch  -         67 | time(s) -    312.00 #
# T loss -   0.383059 | V loss -   0.432614 #
# T acc  -   0.815096 | V acc  -   0.824870 #
#############################################
# epoch  -         68 | time(s) -    312.71 #
# T loss -   0.381769 | V loss -   0.306094 #
# T acc  -   0.819378 | V acc  -   0.906510 #
#############################################
# epoch  -         69 | time(s) -    303.96 #
# T loss -   0.371219 | V loss -   0.312423 #
# T acc  -   0.821228 | V acc  -   0.907748 #
#############################################
# epoch  -         70 | time(s) -    304.66 #
# T loss -   0.364538 | V loss -   0.487629 #
# T acc  -   0.823701 | V acc  -   0.777079 #
#############################################
# epoch  -         71 | time(s) -    312.01 #
# T loss -   0.362620 | V loss -   0.407425 #
# T acc  -   0.827829 | V acc  -   0.837519 #
#############################################
# epoch  -         72 | time(s) -    302.97 #
# T loss -   0.371560 | V loss -   0.313904 #
# T acc  -   0.824205 | V acc  -   0.901479 #
#############################################
# epoch  -         73 | time(s) -    304.65 #
# T loss -   0.353744 | V loss -   0.415305 #
# T acc  -   0.829699 | V acc  -   0.826653 #
#############################################
# epoch  -         74 | time(s) -    303.48 #
# T loss -   0.340326 | V loss -   0.543902 #
# T acc  -   0.838780 | V acc  -   0.737457 #
#############################################
# epoch  -         75 | time(s) -    304.89 #
# T loss -   0.343619 | V loss -   0.374260 #
# T acc  -   0.836458 | V acc  -   0.856940 #
#############################################
# epoch  -         76 | time(s) -    312.14 #
# T loss -   0.336851 | V loss -   0.381321 #
# T acc  -   0.840975 | V acc  -   0.862917 #
#############################################
# epoch  -         77 | time(s) -    303.70 #
# T loss -   0.324985 | V loss -   0.360889 #
# T acc  -   0.846420 | V acc  -   0.925909 #
#############################################
# epoch  -         78 | time(s) -    305.26 #
# T loss -   0.326979 | V loss -   0.337498 #
# T acc  -   0.847296 | V acc  -   0.893899 #
#############################################
# epoch  -         79 | time(s) -    304.78 #
# T loss -   0.331345 | V loss -   0.310347 #
# T acc  -   0.843382 | V acc  -   0.901316 #
#############################################
# epoch  -         80 | time(s) -    304.95 #
# T loss -   0.324955 | V loss -   0.313041 #
# T acc  -   0.846811 | V acc  -   0.914547 #
#############################################
# epoch  -         81 | time(s) -    304.59 #
# T loss -   0.316380 | V loss -   0.355556 #
# T acc  -   0.852171 | V acc  -   0.923869 #
#############################################
# epoch  -         82 | time(s) -    313.39 #
# T loss -   0.313009 | V loss -   0.372999 #
# T acc  -   0.853708 | V acc  -   0.876811 #
#############################################
# epoch  -         83 | time(s) -    313.38 #
# T loss -   0.297779 | V loss -   0.386063 #
# T acc  -   0.862014 | V acc  -   0.922617 #
#############################################
# epoch  -         84 | time(s) -    306.04 #
# T loss -   0.295007 | V loss -   0.361959 #
# T acc  -   0.862505 | V acc  -   0.910989 #
#############################################
# epoch  -         85 | time(s) -    304.17 #
# T loss -   0.289135 | V loss -   0.365462 #
# T acc  -   0.865022 | V acc  -   0.924059 #
#############################################
# epoch  -         86 | time(s) -    313.39 #
# T loss -   0.290837 | V loss -   0.462564 #
# T acc  -   0.864002 | V acc  -   0.836561 #
#############################################
# epoch  -         87 | time(s) -    311.89 #
# T loss -   0.285383 | V loss -   0.446875 #
# T acc  -   0.867304 | V acc  -   0.828656 #
#############################################
# epoch  -         88 | time(s) -    311.94 #
# T loss -   0.278408 | V loss -   0.356587 #
# T acc  -   0.871256 | V acc  -   0.904666 #
#############################################
# epoch  -         89 | time(s) -    312.36 #
# T loss -   0.266369 | V loss -   0.441756 #
# T acc  -   0.877174 | V acc  -   0.852229 #
#############################################
# epoch  -         90 | time(s) -    305.15 #
# T loss -   0.256924 | V loss -   0.449474 #
# T acc  -   0.881822 | V acc  -   0.840905 #
#############################################
# epoch  -         91 | time(s) -    304.66 #
# T loss -   0.256960 | V loss -   0.343069 #
# T acc  -   0.881205 | V acc  -   0.914927 #
#############################################
# epoch  -         92 | time(s) -    303.72 #
# T loss -   0.272715 | V loss -   0.397914 #
# T acc  -   0.875696 | V acc  -   0.905028 #
#############################################
# epoch  -         93 | time(s) -    314.25 #
# T loss -   0.258166 | V loss -   0.410932 #
# T acc  -   0.880587 | V acc  -   0.907442 #
#############################################
# epoch  -         94 | time(s) -    314.88 #
# T loss -   0.248383 | V loss -   0.355563 #
# T acc  -   0.885961 | V acc  -   0.892705 #
#############################################
# epoch  -         95 | time(s) -    304.05 #
# T loss -   0.242029 | V loss -   0.361554 #
# T acc  -   0.889338 | V acc  -   0.913718 #
#############################################
# epoch  -         96 | time(s) -    312.38 #
# T loss -   0.233134 | V loss -   0.425704 #
# T acc  -   0.893281 | V acc  -   0.910321 #
#############################################
# epoch  -         97 | time(s) -    303.35 #
# T loss -   0.237428 | V loss -   0.398002 #
# T acc  -   0.891768 | V acc  -   0.916447 #
#############################################
# epoch  -         98 | time(s) -    313.23 #
# T loss -   0.223881 | V loss -   0.471793 #
# T acc  -   0.898044 | V acc  -   0.917732 #
#############################################
# epoch  -         99 | time(s) -    312.84 #
# T loss -   0.229446 | V loss -   0.470724 #
# T acc  -   0.896515 | V acc  -   0.919057 #
#############################################
# epoch  -        100 | time(s) -    312.51 #
# T loss -   0.213659 | V loss -   0.516427 #
# T acc  -   0.903040 | V acc  -   0.908312 #
#############################################
# epoch  -        101 | time(s) -    306.05 #
# T loss -   0.205026 | V loss -   0.431808 #
# T acc  -   0.907014 | V acc  -   0.879450 #
#############################################
# epoch  -        102 | time(s) -    314.92 #
# T loss -   0.208244 | V loss -   0.480770 #
# T acc  -   0.906164 | V acc  -   0.867885 #
#############################################
# epoch  -        103 | time(s) -    307.60 #
# T loss -   0.208066 | V loss -   0.465926 #
# T acc  -   0.905772 | V acc  -   0.910593 #
#############################################
# epoch  -        104 | time(s) -    315.21 #
# T loss -   0.200800 | V loss -   0.449896 #
# T acc  -   0.909496 | V acc  -   0.888522 #
#############################################
# epoch  -        105 | time(s) -    315.33 #
# T loss -   0.218318 | V loss -   0.417855 #
# T acc  -   0.903353 | V acc  -   0.879363 #
#############################################
# epoch  -        106 | time(s) -    306.41 #
# T loss -   0.205146 | V loss -   0.414555 #
# T acc  -   0.906436 | V acc  -   0.904691 #
#############################################
# epoch  -        107 | time(s) -    306.38 #
# T loss -   0.192639 | V loss -   0.461205 #
# T acc  -   0.913804 | V acc  -   0.895789 #
#############################################
# epoch  -        108 | time(s) -    314.85 #
# T loss -   0.183465 | V loss -   0.457012 #
# T acc  -   0.917945 | V acc  -   0.888455 #
#############################################
# epoch  -        109 | time(s) -    306.05 #
# T loss -   0.175016 | V loss -   0.508707 #
# T acc  -   0.920577 | V acc  -   0.922208 #
#############################################
# epoch  -        110 | time(s) -    306.55 #
# T loss -   0.166752 | V loss -   0.465023 #
# T acc  -   0.925077 | V acc  -   0.901953 #
#############################################
# epoch  -        111 | time(s) -    315.17 #
# T loss -   0.165066 | V loss -   0.667505 #
# T acc  -   0.926306 | V acc  -   0.785294 #
#############################################
# epoch  -        112 | time(s) -    306.59 #
# T loss -   0.164694 | V loss -   0.592343 #
# T acc  -   0.926391 | V acc  -   0.921602 #
#############################################
# epoch  -        113 | time(s) -    315.52 #
# T loss -   0.159169 | V loss -   0.602800 #
# T acc  -   0.927695 | V acc  -   0.793038 #
#############################################
# epoch  -        114 | time(s) -    306.72 #
# T loss -   0.166672 | V loss -   0.494754 #
# T acc  -   0.924818 | V acc  -   0.893655 #
#############################################
# epoch  -        115 | time(s) -    315.45 #
# T loss -   0.153299 | V loss -   0.608290 #
# T acc  -   0.931383 | V acc  -   0.920700 #
#############################################
# epoch  -        116 | time(s) -    313.75 #
# T loss -   0.154834 | V loss -   0.616465 #
# T acc  -   0.929612 | V acc  -   0.799884 #
#############################################
# epoch  -        117 | time(s) -    313.86 #
# T loss -   0.148336 | V loss -   0.537492 #
# T acc  -   0.932580 | V acc  -   0.917066 #
#############################################
# epoch  -        118 | time(s) -    314.42 #
# T loss -   0.143608 | V loss -   0.586409 #
# T acc  -   0.936345 | V acc  -   0.852401 #
#############################################
# epoch  -        119 | time(s) -    305.63 #
# T loss -   0.137154 | V loss -   0.533781 #
# T acc  -   0.937767 | V acc  -   0.892696 #
#############################################
# epoch  -        120 | time(s) -    315.66 #
# T loss -   0.132091 | V loss -   0.538666 #
# T acc  -   0.940201 | V acc  -   0.890846 #
#############################################
# epoch  -        121 | time(s) -    305.82 #
# T loss -   0.133548 | V loss -   0.647326 #
# T acc  -   0.939744 | V acc  -   0.922883 #
#############################################
# epoch  -        122 | time(s) -    305.93 #
# T loss -   0.132674 | V loss -   0.532559 #
# T acc  -   0.940146 | V acc  -   0.897037 #
#############################################
# epoch  -        123 | time(s) -    314.91 #
# T loss -   0.131607 | V loss -   0.599062 #
# T acc  -   0.940686 | V acc  -   0.908186 #
#############################################
# epoch  -        124 | time(s) -    314.84 #
# T loss -   0.133431 | V loss -   0.595708 #
# T acc  -   0.938273 | V acc  -   0.915202 #
#############################################
# epoch  -        125 | time(s) -    315.04 #
# T loss -   0.123621 | V loss -   0.673173 #
# T acc  -   0.943821 | V acc  -   0.813029 #
#############################################
# epoch  -        126 | time(s) -    315.31 #
# T loss -   0.127220 | V loss -   0.635428 #
# T acc  -   0.942654 | V acc  -   0.910879 #
#############################################
# epoch  -        127 | time(s) -    314.01 #
# T loss -   0.126377 | V loss -   0.842683 #
# T acc  -   0.943060 | V acc  -   0.763538 #
#############################################
# epoch  -        128 | time(s) -    306.57 #
# T loss -   0.132255 | V loss -   0.601231 #
# T acc  -   0.940659 | V acc  -   0.905891 #
#############################################
# epoch  -        129 | time(s) -    315.25 #
# T loss -   0.123990 | V loss -   0.582032 #
# T acc  -   0.944102 | V acc  -   0.898956 #
#############################################
# epoch  -        130 | time(s) -    306.32 #
# T loss -   0.127127 | V loss -   0.624684 #
# T acc  -   0.942662 | V acc  -   0.815039 #
#############################################
# epoch  -        131 | time(s) -    306.95 #
# T loss -   0.119495 | V loss -   0.640957 #
# T acc  -   0.945016 | V acc  -   0.885172 #
#############################################
# epoch  -        132 | time(s) -    306.40 #
# T loss -   0.123402 | V loss -   0.613333 #
# T acc  -   0.944124 | V acc  -   0.873496 #
#############################################
# epoch  -        133 | time(s) -    315.10 #
# T loss -   0.116291 | V loss -   0.546619 #
# T acc  -   0.947058 | V acc  -   0.893890 #
#############################################
# epoch  -        134 | time(s) -    306.13 #
# T loss -   0.117739 | V loss -   0.635165 #
# T acc  -   0.945904 | V acc  -   0.909456 #
#############################################
# epoch  -        135 | time(s) -    315.68 #
# T loss -   0.112343 | V loss -   0.624796 #
# T acc  -   0.949151 | V acc  -   0.912582 #
#############################################
# epoch  -        136 | time(s) -    314.86 #
# T loss -   0.100884 | V loss -   0.584086 #
# T acc  -   0.953187 | V acc  -   0.895646 #
#############################################
# epoch  -        137 | time(s) -    314.63 #
# T loss -   0.102741 | V loss -   0.646231 #
# T acc  -   0.952973 | V acc  -   0.907163 #
#############################################
# epoch  -        138 | time(s) -    314.88 #
# T loss -   0.098285 | V loss -   0.642839 #
# T acc  -   0.954119 | V acc  -   0.872725 #
#############################################
# epoch  -        139 | time(s) -    314.14 #
# T loss -   0.091986 | V loss -   0.697267 #
# T acc  -   0.957567 | V acc  -   0.907572 #
#############################################
# epoch  -        140 | time(s) -    314.56 #
# T loss -   0.096691 | V loss -   0.555340 #
# T acc  -   0.954823 | V acc  -   0.891040 #
#############################################
# epoch  -        141 | time(s) -    314.96 #
# T loss -   0.096905 | V loss -   0.710242 #
# T acc  -   0.955245 | V acc  -   0.910491 #
#############################################
# epoch  -        142 | time(s) -    315.70 #
# T loss -   0.090864 | V loss -   0.624688 #
# T acc  -   0.958162 | V acc  -   0.902206 #
#############################################
# epoch  -        143 | time(s) -    314.49 #
# T loss -   0.086894 | V loss -   0.970533 #
# T acc  -   0.958960 | V acc  -   0.770571 #
#############################################
# epoch  -        144 | time(s) -    307.69 #
# T loss -   0.086362 | V loss -   0.647975 #
# T acc  -   0.959515 | V acc  -   0.917121 #
#############################################
# epoch  -        145 | time(s) -    307.18 #
# T loss -   0.080686 | V loss -   0.698008 #
# T acc  -   0.961431 | V acc  -   0.881471 #
#############################################
# epoch  -        146 | time(s) -    315.03 #
# T loss -   0.089445 | V loss -   0.652565 #
# T acc  -   0.958470 | V acc  -   0.906783 #
#############################################
# epoch  -        147 | time(s) -    305.95 #
# T loss -   0.086026 | V loss -   0.712341 #
# T acc  -   0.958992 | V acc  -   0.905449 #
#############################################
# epoch  -        148 | time(s) -    307.43 #
# T loss -   0.085296 | V loss -   0.753696 #
# T acc  -   0.960152 | V acc  -   0.916254 #
#############################################
# epoch  -        149 | time(s) -    306.89 #
# T loss -   0.078922 | V loss -   0.749973 #
# T acc  -   0.962051 | V acc  -   0.900380 #
#############################################
# epoch  -        150 | time(s) -    315.42 #
# T loss -   0.074775 | V loss -   0.787987 #
# T acc  -   0.963302 | V acc  -   0.911921 #
#############################################
# epoch  -        151 | time(s) -    313.75 #
# T loss -   0.076574 | V loss -   0.847057 #
# T acc  -   0.962810 | V acc  -   0.819595 #
#############################################
# epoch  -        152 | time(s) -    306.55 #
# T loss -   0.078127 | V loss -   0.774760 #
# T acc  -   0.962349 | V acc  -   0.908598 #
#############################################
# epoch  -        153 | time(s) -    307.89 #
# T loss -   0.074403 | V loss -   0.715355 #
# T acc  -   0.963706 | V acc  -   0.884555 #
#############################################
# epoch  -        154 | time(s) -    307.38 #
# T loss -   0.073883 | V loss -   0.797987 #
# T acc  -   0.963760 | V acc  -   0.913054 #
#############################################
# epoch  -        155 | time(s) -    315.87 #
# T loss -   0.072523 | V loss -   0.777920 #
# T acc  -   0.964488 | V acc  -   0.891326 #
#############################################
# epoch  -        156 | time(s) -    306.67 #
# T loss -   0.067247 | V loss -   0.820992 #
# T acc  -   0.966272 | V acc  -   0.879117 #
#############################################
# epoch  -        157 | time(s) -    307.02 #
# T loss -   0.067361 | V loss -   0.872230 #
# T acc  -   0.965726 | V acc  -   0.912171 #
#############################################
# epoch  -        158 | time(s) -    307.39 #
# T loss -   0.065588 | V loss -   0.775886 #
# T acc  -   0.967182 | V acc  -   0.902349 #
#############################################
# epoch  -        159 | time(s) -    307.71 #
# T loss -   0.069961 | V loss -   0.859575 #
# T acc  -   0.965812 | V acc  -   0.889152 #
#############################################
# epoch  -        160 | time(s) -    306.36 #
# T loss -   0.063076 | V loss -   0.822913 #
# T acc  -   0.967906 | V acc  -   0.905453 #
#############################################
# epoch  -        161 | time(s) -    312.41 #
# T loss -   0.064686 | V loss -   0.855844 #
# T acc  -   0.967632 | V acc  -   0.911036 #
#############################################
# epoch  -        162 | time(s) -    302.52 #
# T loss -   0.063199 | V loss -   0.894309 #
# T acc  -   0.967846 | V acc  -   0.910403 #
#############################################
# epoch  -        163 | time(s) -    310.26 #
# T loss -   0.062954 | V loss -   0.791453 #
# T acc  -   0.967477 | V acc  -   0.867272 #
#############################################
# epoch  -        164 | time(s) -    310.00 #
# T loss -   0.069756 | V loss -   0.771853 #
# T acc  -   0.965716 | V acc  -   0.904503 #
#############################################
# epoch  -        165 | time(s) -    310.55 #
# T loss -   0.063896 | V loss -   1.065989 #
# T acc  -   0.967761 | V acc  -   0.794777 #
#############################################
# epoch  -        166 | time(s) -    301.85 #
# T loss -   0.059426 | V loss -   0.755332 #
# T acc  -   0.969137 | V acc  -   0.899877 #
#############################################
# epoch  -        167 | time(s) -    302.88 #
# T loss -   0.066538 | V loss -   0.820520 #
# T acc  -   0.966051 | V acc  -   0.856355 #
#############################################
# epoch  -        168 | time(s) -    310.50 #
# T loss -   0.065024 | V loss -   0.825175 #
# T acc  -   0.966903 | V acc  -   0.907927 #
#############################################
# epoch  -        169 | time(s) -    310.26 #
# T loss -   0.062134 | V loss -   0.838116 #
# T acc  -   0.968206 | V acc  -   0.902311 #
#############################################
# epoch  -        170 | time(s) -    301.29 #
# T loss -   0.051221 | V loss -   0.883384 #
# T acc  -   0.972411 | V acc  -   0.894321 #
#############################################
# epoch  -        171 | time(s) -    310.57 #
# T loss -   0.059253 | V loss -   0.865043 #
# T acc  -   0.969292 | V acc  -   0.913186 #
#############################################
# epoch  -        172 | time(s) -    303.04 #
# T loss -   0.053318 | V loss -   0.805898 #
# T acc  -   0.971590 | V acc  -   0.898174 #
#############################################
# epoch  -        173 | time(s) -    309.77 #
# T loss -   0.051672 | V loss -   0.854441 #
# T acc  -   0.971913 | V acc  -   0.907062 #
#############################################
# epoch  -        174 | time(s) -    302.29 #
# T loss -   0.047398 | V loss -   0.868623 #
# T acc  -   0.973718 | V acc  -   0.894259 #
#############################################
# epoch  -        175 | time(s) -    302.43 #
# T loss -   0.049716 | V loss -   0.894092 #
# T acc  -   0.973004 | V acc  -   0.905196 #
#############################################
# epoch  -        176 | time(s) -    301.81 #
# T loss -   0.048175 | V loss -   0.940913 #
# T acc  -   0.973092 | V acc  -   0.914437 #
#############################################
# epoch  -        177 | time(s) -    302.60 #
# T loss -   0.048160 | V loss -   0.988475 #
# T acc  -   0.973161 | V acc  -   0.915977 #
#############################################
# epoch  -        178 | time(s) -    310.80 #
# T loss -   0.046732 | V loss -   0.969385 #
# T acc  -   0.973779 | V acc  -   0.893628 #
#############################################
# epoch  -        179 | time(s) -    311.02 #
# T loss -   0.044082 | V loss -   0.959438 #
# T acc  -   0.974708 | V acc  -   0.900313 #
#############################################
# epoch  -        180 | time(s) -    310.67 #
# T loss -   0.048629 | V loss -   0.990624 #
# T acc  -   0.973134 | V acc  -   0.912609 #
#############################################
# epoch  -        181 | time(s) -    311.38 #
# T loss -   0.045998 | V loss -   1.013839 #
# T acc  -   0.973995 | V acc  -   0.915425 #
#############################################
# epoch  -        182 | time(s) -    311.33 #
# T loss -   0.041219 | V loss -   1.012862 #
# T acc  -   0.975536 | V acc  -   0.899703 #
#############################################
# epoch  -        183 | time(s) -    310.01 #
# T loss -   0.039755 | V loss -   0.935138 #
# T acc  -   0.976312 | V acc  -   0.860353 #
#############################################
# epoch  -        184 | time(s) -    310.41 #
# T loss -   0.039770 | V loss -   0.963821 #
# T acc  -   0.976207 | V acc  -   0.862023 #
#############################################
# epoch  -        185 | time(s) -    302.16 #
# T loss -   0.040656 | V loss -   0.966927 #
# T acc  -   0.976038 | V acc  -   0.886926 #
#############################################
# epoch  -        186 | time(s) -    309.97 #
# T loss -   0.041359 | V loss -   1.161082 #
# T acc  -   0.975357 | V acc  -   0.821837 #
#############################################
# epoch  -        187 | time(s) -    309.48 #
# T loss -   0.039798 | V loss -   1.027648 #
# T acc  -   0.976119 | V acc  -   0.892169 #
#############################################
# epoch  -        188 | time(s) -    310.82 #
# T loss -   0.038227 | V loss -   1.036975 #
# T acc  -   0.976832 | V acc  -   0.909054 #
#############################################
# epoch  -        189 | time(s) -    301.75 #
# T loss -   0.037926 | V loss -   1.006241 #
# T acc  -   0.976873 | V acc  -   0.895191 #
#############################################
# epoch  -        190 | time(s) -    301.67 #
# T loss -   0.038188 | V loss -   0.961573 #
# T acc  -   0.976480 | V acc  -   0.879283 #
#############################################
# epoch  -        191 | time(s) -    303.16 #
# T loss -   0.037725 | V loss -   0.953115 #
# T acc  -   0.976774 | V acc  -   0.897962 #
#############################################
# epoch  -        192 | time(s) -    301.85 #
# T loss -   0.036431 | V loss -   1.008014 #
# T acc  -   0.977588 | V acc  -   0.898666 #
#############################################
# epoch  -        193 | time(s) -    301.44 #
# T loss -   0.033953 | V loss -   1.110730 #
# T acc  -   0.977763 | V acc  -   0.857899 #
#############################################
# epoch  -        194 | time(s) -    309.55 #
# T loss -   0.036727 | V loss -   1.036465 #
# T acc  -   0.976858 | V acc  -   0.870091 #
#############################################
# epoch  -        195 | time(s) -    301.10 #
# T loss -   0.032443 | V loss -   1.040331 #
# T acc  -   0.978493 | V acc  -   0.884653 #
#############################################
# epoch  -        196 | time(s) -    309.99 #
# T loss -   0.034024 | V loss -   1.017565 #
# T acc  -   0.978002 | V acc  -   0.904465 #
#############################################
# epoch  -        197 | time(s) -    302.65 #
# T loss -   0.033953 | V loss -   1.020224 #
# T acc  -   0.978147 | V acc  -   0.897249 #
#############################################
# epoch  -        198 | time(s) -    310.33 #
# T loss -   0.034369 | V loss -   0.989248 #
# T acc  -   0.977790 | V acc  -   0.885462 #
#############################################
# epoch  -        199 | time(s) -    301.66 #
# T loss -   0.038246 | V loss -   1.028867 #
# T acc  -   0.976365 | V acc  -   0.897539 #
#############################################
