adjusted window size: 24064, num bins: 188
using cuda
0.6916961586299325 better than None, saving model
#############################################
# epoch  -          0 | time(s) -    307.74 #
# T loss -   0.555760 | V loss -   0.691696 #
# T acc  -   0.710441 | V acc  -   0.515232 #
#############################################
# epoch  -          1 | time(s) -    307.99 #
# T loss -   0.562465 | V loss -   1.509955 #
# T acc  -   0.701294 | V acc  -   0.655665 #
#############################################
# epoch  -          2 | time(s) -    310.62 #
# T loss -   0.556214 | V loss -   0.846916 #
# T acc  -   0.717607 | V acc  -   0.655665 #
#############################################
# epoch  -          3 | time(s) -    310.66 #
# T loss -   0.557439 | V loss -   0.725947 #
# T acc  -   0.707817 | V acc  -   0.655633 #
#############################################
# epoch  -          4 | time(s) -    311.48 #
# T loss -   0.564915 | V loss -   0.714906 #
# T acc  -   0.708523 | V acc  -   0.655665 #
0.6544323116403755 better than 0.6916961586299325, saving model
#############################################
# epoch  -          5 | time(s) -    311.43 #
# T loss -   0.555789 | V loss -   0.654432 #
# T acc  -   0.708201 | V acc  -   0.655580 #
#############################################
# epoch  -          6 | time(s) -    310.45 #
# T loss -   0.554000 | V loss -   0.810791 #
# T acc  -   0.719968 | V acc  -   0.655665 #
#############################################
# epoch  -          7 | time(s) -    311.24 #
# T loss -   0.559560 | V loss -   0.985086 #
# T acc  -   0.708883 | V acc  -   0.655665 #
#############################################
# epoch  -          8 | time(s) -    311.11 #
# T loss -   0.558672 | V loss -   0.659107 #
# T acc  -   0.708960 | V acc  -   0.654831 #
0.6466151140080096 better than 0.6544323116403755, saving model
#############################################
# epoch  -          9 | time(s) -    309.08 #
# T loss -   0.558378 | V loss -   0.646615 #
# T acc  -   0.707909 | V acc  -   0.654968 #
0.6423553412756587 better than 0.6466151140080096, saving model
#############################################
# epoch  -         10 | time(s) -    309.32 #
# T loss -   0.558581 | V loss -   0.642355 #
# T acc  -   0.708523 | V acc  -   0.654895 #
#############################################
# epoch  -         11 | time(s) -    308.38 #
# T loss -   0.547446 | V loss -   0.705350 #
# T acc  -   0.718536 | V acc  -   0.655538 #
#############################################
# epoch  -         12 | time(s) -    304.55 #
# T loss -   0.555317 | V loss -   0.643298 #
# T acc  -   0.708213 | V acc  -   0.655475 #
#############################################
# epoch  -         13 | time(s) -    304.62 #
# T loss -   0.554386 | V loss -   1.547547 #
# T acc  -   0.717078 | V acc  -   0.655665 #
#############################################
# epoch  -         14 | time(s) -    304.09 #
# T loss -   0.557427 | V loss -   0.674024 #
# T acc  -   0.709090 | V acc  -   0.655422 #
#############################################
# epoch  -         15 | time(s) -    304.65 #
# T loss -   0.556655 | V loss -   1.392560 #
# T acc  -   0.707580 | V acc  -   0.655665 #
#############################################
# epoch  -         16 | time(s) -    306.44 #
# T loss -   0.556139 | V loss -   0.742357 #
# T acc  -   0.720627 | V acc  -   0.655527 #
#############################################
# epoch  -         17 | time(s) -    305.32 #
# T loss -   0.554801 | V loss -   0.732810 #
# T acc  -   0.720252 | V acc  -   0.655464 #
#############################################
# epoch  -         18 | time(s) -    305.06 #
# T loss -   0.558510 | V loss -   0.685523 #
# T acc  -   0.708462 | V acc  -   0.655432 #
#############################################
# epoch  -         19 | time(s) -    304.10 #
# T loss -   0.546639 | V loss -   0.677005 #
# T acc  -   0.708960 | V acc  -   0.655316 #
#############################################
# epoch  -         20 | time(s) -    304.05 #
# T loss -   0.555976 | V loss -   0.754228 #
# T acc  -   0.710707 | V acc  -   0.655475 #
#############################################
# epoch  -         21 | time(s) -    306.08 #
# T loss -   0.549124 | V loss -   0.661450 #
# T acc  -   0.720473 | V acc  -   0.655432 #
#############################################
# epoch  -         22 | time(s) -    305.93 #
# T loss -   0.552196 | V loss -   0.796967 #
# T acc  -   0.719014 | V acc  -   0.655559 #
#############################################
# epoch  -         23 | time(s) -    305.99 #
# T loss -   0.546107 | V loss -   0.794165 #
# T acc  -   0.722280 | V acc  -   0.655496 #
#############################################
# epoch  -         24 | time(s) -    305.52 #
# T loss -   0.555147 | V loss -   1.048297 #
# T acc  -   0.708679 | V acc  -   0.655665 #
#############################################
# epoch  -         25 | time(s) -    305.27 #
# T loss -   0.547812 | V loss -   0.647678 #
# T acc  -   0.724799 | V acc  -   0.653059 #
0.6378954741534019 better than 0.6423553412756587, saving model
#############################################
# epoch  -         26 | time(s) -    306.22 #
# T loss -   0.551167 | V loss -   0.637895 #
# T acc  -   0.710558 | V acc  -   0.654388 #
#############################################
# epoch  -         27 | time(s) -    309.56 #
# T loss -   0.550334 | V loss -   0.640570 #
# T acc  -   0.722891 | V acc  -   0.653734 #
#############################################
# epoch  -         28 | time(s) -    310.05 #
# T loss -   0.544240 | V loss -   0.992973 #
# T acc  -   0.715529 | V acc  -   0.655475 #
#############################################
# epoch  -         29 | time(s) -    308.45 #
# T loss -   0.544032 | V loss -   0.645779 #
# T acc  -   0.724822 | V acc  -   0.651751 #
#############################################
# epoch  -         30 | time(s) -    309.38 #
# T loss -   0.555894 | V loss -   0.651271 #
# T acc  -   0.710922 | V acc  -   0.655316 #
#############################################
# epoch  -         31 | time(s) -    308.12 #
# T loss -   0.548537 | V loss -   1.059088 #
# T acc  -   0.723313 | V acc  -   0.655665 #
#############################################
# epoch  -         32 | time(s) -    309.93 #
# T loss -   0.549732 | V loss -   0.807980 #
# T acc  -   0.708519 | V acc  -   0.655517 #
#############################################
# epoch  -         33 | time(s) -    308.39 #
# T loss -   0.551770 | V loss -   0.651797 #
# T acc  -   0.709747 | V acc  -   0.655095 #
#############################################
# epoch  -         34 | time(s) -    310.35 #
# T loss -   0.547264 | V loss -   0.658062 #
# T acc  -   0.720553 | V acc  -   0.654546 #
#############################################
# epoch  -         35 | time(s) -    308.21 #
# T loss -   0.546252 | V loss -   0.642377 #
# T acc  -   0.710696 | V acc  -   0.653544 #
#############################################
# epoch  -         36 | time(s) -    307.48 #
# T loss -   0.553090 | V loss -   0.640871 #
# T acc  -   0.710745 | V acc  -   0.653165 #
#############################################
# epoch  -         37 | time(s) -    308.91 #
# T loss -   0.547351 | V loss -   0.688042 #
# T acc  -   0.723500 | V acc  -   0.654715 #
#############################################
# epoch  -         38 | time(s) -    308.50 #
# T loss -   0.550556 | V loss -   0.681507 #
# T acc  -   0.717299 | V acc  -   0.655327 #
#############################################
# epoch  -         39 | time(s) -    309.40 #
# T loss -   0.548197 | V loss -   0.645887 #
# T acc  -   0.712439 | V acc  -   0.654146 #
#############################################
# epoch  -         40 | time(s) -    308.62 #
# T loss -   0.541606 | V loss -   0.658456 #
# T acc  -   0.726228 | V acc  -   0.653660 #
#############################################
# epoch  -         41 | time(s) -    308.90 #
# T loss -   0.550505 | V loss -   1.387599 #
# T acc  -   0.714171 | V acc  -   0.655665 #
#############################################
# epoch  -         42 | time(s) -    307.90 #
# T loss -   0.555982 | V loss -   0.640956 #
# T acc  -   0.718979 | V acc  -   0.654135 #
#############################################
# epoch  -         43 | time(s) -    307.30 #
# T loss -   0.545711 | V loss -   0.641927 #
# T acc  -   0.724318 | V acc  -   0.650970 #
#############################################
# epoch  -         44 | time(s) -    308.50 #
# T loss -   0.549747 | V loss -   0.640906 #
# T acc  -   0.711029 | V acc  -   0.654019 #
#############################################
# epoch  -         45 | time(s) -    306.91 #
# T loss -   0.549485 | V loss -   0.691047 #
# T acc  -   0.722628 | V acc  -   0.655422 #
#############################################
# epoch  -         46 | time(s) -    306.68 #
# T loss -   0.548460 | V loss -   0.646719 #
# T acc  -   0.709560 | V acc  -   0.654789 #
#############################################
# epoch  -         47 | time(s) -    308.20 #
# T loss -   0.544970 | V loss -   0.706419 #
# T acc  -   0.726098 | V acc  -   0.655169 #
#############################################
# epoch  -         48 | time(s) -    307.70 #
# T loss -   0.544853 | V loss -   1.294412 #
# T acc  -   0.720461 | V acc  -   0.655422 #
#############################################
# epoch  -         49 | time(s) -    306.11 #
# T loss -   0.546485 | V loss -   0.657593 #
# T acc  -   0.724082 | V acc  -   0.654325 #
#############################################
# epoch  -         50 | time(s) -    308.01 #
# T loss -   0.548147 | V loss -   0.645111 #
# T acc  -   0.726204 | V acc  -   0.655074 #
#############################################
# epoch  -         51 | time(s) -    307.02 #
# T loss -   0.545622 | V loss -   0.912393 #
# T acc  -   0.711742 | V acc  -   0.655665 #
#############################################
# epoch  -         52 | time(s) -    307.18 #
# T loss -   0.550278 | V loss -   1.211899 #
# T acc  -   0.709915 | V acc  -   0.655665 #
#############################################
# epoch  -         53 | time(s) -    308.34 #
# T loss -   0.547335 | V loss -   0.735994 #
# T acc  -   0.721637 | V acc  -   0.655665 #
#############################################
# epoch  -         54 | time(s) -    307.54 #
# T loss -   0.545601 | V loss -   0.796071 #
# T acc  -   0.714074 | V acc  -   0.655665 #
#############################################
# epoch  -         55 | time(s) -    307.57 #
# T loss -   0.542948 | V loss -   0.744990 #
# T acc  -   0.724946 | V acc  -   0.360981 #
#############################################
# epoch  -         56 | time(s) -    309.10 #
# T loss -   0.542521 | V loss -   0.646866 #
# T acc  -   0.720002 | V acc  -   0.654800 #
#############################################
# epoch  -         57 | time(s) -    307.27 #
# T loss -   0.542126 | V loss -   0.673981 #
# T acc  -   0.713093 | V acc  -   0.648977 #
#############################################
# epoch  -         58 | time(s) -    306.70 #
# T loss -   0.550702 | V loss -   1.158247 #
# T acc  -   0.721314 | V acc  -   0.655665 #
#############################################
# epoch  -         59 | time(s) -    308.11 #
# T loss -   0.545555 | V loss -   0.736786 #
# T acc  -   0.725519 | V acc  -   0.655369 #
#############################################
# epoch  -         60 | time(s) -    307.02 #
# T loss -   0.548113 | V loss -   0.642836 #
# T acc  -   0.723575 | V acc  -   0.655432 #
#############################################
# epoch  -         61 | time(s) -    307.35 #
# T loss -   0.546518 | V loss -   0.644262 #
# T acc  -   0.722833 | V acc  -   0.649093 #
#############################################
# epoch  -         62 | time(s) -    309.12 #
# T loss -   0.537343 | V loss -   0.645479 #
# T acc  -   0.729402 | V acc  -   0.649167 #
#############################################
# epoch  -         63 | time(s) -    306.96 #
# T loss -   0.553556 | V loss -   0.642190 #
# T acc  -   0.713345 | V acc  -   0.654251 #
#############################################
# epoch  -         64 | time(s) -    306.60 #
# T loss -   0.542500 | V loss -   0.725269 #
# T acc  -   0.726791 | V acc  -   0.655549 #
#############################################
# epoch  -         65 | time(s) -    307.96 #
# T loss -   0.542695 | V loss -   1.005989 #
# T acc  -   0.724869 | V acc  -   0.655665 #
#############################################
# epoch  -         66 | time(s) -    307.01 #
# T loss -   0.540236 | V loss -   1.402875 #
# T acc  -   0.724860 | V acc  -   0.655665 #
#############################################
# epoch  -         67 | time(s) -    306.42 #
# T loss -   0.554321 | V loss -   0.645913 #
# T acc  -   0.718962 | V acc  -   0.654135 #
#############################################
# epoch  -         68 | time(s) -    307.58 #
# T loss -   0.549474 | V loss -   0.729142 #
# T acc  -   0.716184 | V acc  -   0.655380 #
#############################################
# epoch  -         69 | time(s) -    307.72 #
# T loss -   0.540773 | V loss -   0.643465 #
# T acc  -   0.727548 | V acc  -   0.651814 #
#############################################
# epoch  -         70 | time(s) -    306.28 #
# T loss -   0.546818 | V loss -   1.221647 #
# T acc  -   0.724968 | V acc  -   0.655665 #
#############################################
# epoch  -         71 | time(s) -    306.54 #
# T loss -   0.544370 | V loss -   0.722112 #
# T acc  -   0.718967 | V acc  -   0.655633 #
#############################################
# epoch  -         72 | time(s) -    306.74 #
# T loss -   0.543066 | V loss -   0.646702 #
# T acc  -   0.715260 | V acc  -   0.651762 #
#############################################
# epoch  -         73 | time(s) -    306.71 #
# T loss -   0.543523 | V loss -   0.642137 #
# T acc  -   0.714749 | V acc  -   0.650063 #
#############################################
# epoch  -         74 | time(s) -    306.02 #
# T loss -   0.538772 | V loss -   0.759372 #
# T acc  -   0.728179 | V acc  -   0.335074 #
#############################################
# epoch  -         75 | time(s) -    306.96 #
# T loss -   0.546206 | V loss -   0.654417 #
# T acc  -   0.720303 | V acc  -   0.630643 #
#############################################
# epoch  -         76 | time(s) -    306.60 #
# T loss -   0.547196 | V loss -   1.335305 #
# T acc  -   0.724841 | V acc  -   0.655665 #
#############################################
# epoch  -         77 | time(s) -    306.93 #
# T loss -   0.545861 | V loss -   0.648664 #
# T acc  -   0.716606 | V acc  -   0.652489 #
#############################################
# epoch  -         78 | time(s) -    306.80 #
# T loss -   0.544232 | V loss -   0.742528 #
# T acc  -   0.726537 | V acc  -   0.655496 #
#############################################
# epoch  -         79 | time(s) -    306.71 #
# T loss -   0.543840 | V loss -   0.695194 #
# T acc  -   0.714398 | V acc  -   0.655274 #
#############################################
# epoch  -         80 | time(s) -    305.89 #
# T loss -   0.551789 | V loss -   0.709246 #
# T acc  -   0.718994 | V acc  -   0.654852 #
#############################################
# epoch  -         81 | time(s) -    306.17 #
# T loss -   0.542258 | V loss -   0.691019 #
# T acc  -   0.729182 | V acc  -   0.655369 #
#############################################
# epoch  -         82 | time(s) -    306.15 #
# T loss -   0.543691 | V loss -   0.797893 #
# T acc  -   0.714030 | V acc  -   0.655443 #
#############################################
# epoch  -         83 | time(s) -    307.27 #
# T loss -   0.537537 | V loss -   0.653523 #
# T acc  -   0.728388 | V acc  -   0.655179 #
#############################################
# epoch  -         84 | time(s) -    305.96 #
# T loss -   0.551987 | V loss -   0.701562 #
# T acc  -   0.720859 | V acc  -   0.655285 #
#############################################
# epoch  -         85 | time(s) -    305.84 #
# T loss -   0.547952 | V loss -   0.834549 #
# T acc  -   0.717682 | V acc  -   0.655359 #
#############################################
# epoch  -         86 | time(s) -    306.27 #
# T loss -   0.541359 | V loss -   0.771714 #
# T acc  -   0.721638 | V acc  -   0.655264 #
#############################################
# epoch  -         87 | time(s) -    306.29 #
# T loss -   0.547010 | V loss -   0.645794 #
# T acc  -   0.725666 | V acc  -   0.653914 #
#############################################
# epoch  -         88 | time(s) -    306.36 #
# T loss -   0.542899 | V loss -   1.083780 #
# T acc  -   0.727787 | V acc  -   0.655496 #
#############################################
# epoch  -         89 | time(s) -    306.83 #
# T loss -   0.550882 | V loss -   0.673362 #
# T acc  -   0.712978 | V acc  -   0.651730 #
#############################################
# epoch  -         90 | time(s) -    306.27 #
# T loss -   0.551084 | V loss -   1.095895 #
# T acc  -   0.720518 | V acc  -   0.655527 #
#############################################
# epoch  -         91 | time(s) -    306.52 #
# T loss -   0.541647 | V loss -   0.788394 #
# T acc  -   0.725805 | V acc  -   0.655327 #
#############################################
# epoch  -         92 | time(s) -    305.82 #
# T loss -   0.541368 | V loss -   0.729106 #
# T acc  -   0.726806 | V acc  -   0.653956 #
#############################################
# epoch  -         93 | time(s) -    306.46 #
# T loss -   0.546318 | V loss -   0.703361 #
# T acc  -   0.718359 | V acc  -   0.655042 #
#############################################
# epoch  -         94 | time(s) -    306.65 #
# T loss -   0.542921 | V loss -   0.656877 #
# T acc  -   0.718342 | V acc  -   0.653481 #
#############################################
# epoch  -         95 | time(s) -    306.06 #
# T loss -   0.545870 | V loss -   1.453426 #
# T acc  -   0.724498 | V acc  -   0.655443 #
#############################################
# epoch  -         96 | time(s) -    306.56 #
# T loss -   0.550678 | V loss -   0.646282 #
# T acc  -   0.719829 | V acc  -   0.654673 #
#############################################
# epoch  -         97 | time(s) -    306.13 #
# T loss -   0.545630 | V loss -   0.642399 #
# T acc  -   0.723338 | V acc  -   0.654272 #
#############################################
# epoch  -         98 | time(s) -    306.36 #
# T loss -   0.540102 | V loss -   0.648155 #
# T acc  -   0.728164 | V acc  -   0.653565 #
#############################################
# epoch  -         99 | time(s) -    306.85 #
# T loss -   0.546665 | V loss -   0.898574 #
# T acc  -   0.717467 | V acc  -   0.655432 #
#############################################
# epoch  -        100 | time(s) -    306.21 #
# T loss -   0.546488 | V loss -   1.571599 #
# T acc  -   0.718706 | V acc  -   0.655580 #
#############################################
# epoch  -        101 | time(s) -    306.53 #
# T loss -   0.549065 | V loss -   0.770410 #
# T acc  -   0.727112 | V acc  -   0.655369 #
#############################################
# epoch  -        102 | time(s) -    306.32 #
# T loss -   0.543496 | V loss -   0.818229 #
# T acc  -   0.724493 | V acc  -   0.655422 #
#############################################
# epoch  -        103 | time(s) -    306.06 #
# T loss -   0.546909 | V loss -   1.001943 #
# T acc  -   0.726422 | V acc  -   0.655665 #
#############################################
# epoch  -        104 | time(s) -    306.18 #
# T loss -   0.550446 | V loss -   0.756035 #
# T acc  -   0.720562 | V acc  -   0.655295 #
#############################################
# epoch  -        105 | time(s) -    306.89 #
# T loss -   0.549030 | V loss -   0.682621 #
# T acc  -   0.715392 | V acc  -   0.654209 #
#############################################
# epoch  -        106 | time(s) -    306.71 #
# T loss -   0.539931 | V loss -   0.638115 #
# T acc  -   0.727855 | V acc  -   0.654451 #
#############################################
# epoch  -        107 | time(s) -    306.95 #
# T loss -   0.544715 | V loss -   0.658879 #
# T acc  -   0.724311 | V acc  -   0.654325 #
#############################################
# epoch  -        108 | time(s) -    306.52 #
# T loss -   0.542156 | V loss -   0.693003 #
# T acc  -   0.727825 | V acc  -   0.655074 #
#############################################
# epoch  -        109 | time(s) -    307.81 #
# T loss -   0.543496 | V loss -   0.816178 #
# T acc  -   0.712461 | V acc  -   0.655454 #
#############################################
# epoch  -        110 | time(s) -    306.88 #
# T loss -   0.541692 | V loss -   1.698936 #
# T acc  -   0.723412 | V acc  -   0.655665 #
#############################################
# epoch  -        111 | time(s) -    306.70 #
# T loss -   0.543824 | V loss -   0.732088 #
# T acc  -   0.717239 | V acc  -   0.655454 #
#############################################
# epoch  -        112 | time(s) -    306.13 #
# T loss -   0.544903 | V loss -   0.643208 #
# T acc  -   0.727638 | V acc  -   0.650559 #
#############################################
# epoch  -        113 | time(s) -    307.20 #
# T loss -   0.550615 | V loss -   0.639918 #
# T acc  -   0.721274 | V acc  -   0.652911 #
#############################################
# epoch  -        114 | time(s) -    306.86 #
# T loss -   0.544640 | V loss -   0.730273 #
# T acc  -   0.724697 | V acc  -   0.655369 #
#############################################
# epoch  -        115 | time(s) -    306.43 #
# T loss -   0.548058 | V loss -   0.646928 #
# T acc  -   0.725660 | V acc  -   0.654937 #
#############################################
# epoch  -        116 | time(s) -    306.09 #
# T loss -   0.548159 | V loss -   0.641659 #
# T acc  -   0.720198 | V acc  -   0.652141 #
#############################################
# epoch  -        117 | time(s) -    305.50 #
# T loss -   0.548648 | V loss -   0.716231 #
# T acc  -   0.722286 | V acc  -   0.655327 #
#############################################
# epoch  -        118 | time(s) -    306.12 #
# T loss -   0.552140 | V loss -   0.816282 #
# T acc  -   0.714628 | V acc  -   0.655454 #
#############################################
# epoch  -        119 | time(s) -    307.26 #
# T loss -   0.552019 | V loss -   0.652374 #
# T acc  -   0.719668 | V acc  -   0.652648 #
#############################################
# epoch  -        120 | time(s) -    306.78 #
# T loss -   0.557026 | V loss -   0.640962 #
# T acc  -   0.716592 | V acc  -   0.652764 #
#############################################
# epoch  -        121 | time(s) -    306.24 #
# T loss -   0.543745 | V loss -   0.804498 #
# T acc  -   0.723664 | V acc  -   0.655348 #
#############################################
# epoch  -        122 | time(s) -    306.87 #
# T loss -   0.551719 | V loss -   0.714226 #
# T acc  -   0.724912 | V acc  -   0.655327 #
#############################################
# epoch  -        123 | time(s) -    307.45 #
# T loss -   0.549368 | V loss -   0.892804 #
# T acc  -   0.711987 | V acc  -   0.655454 #
#############################################
# epoch  -        124 | time(s) -    306.35 #
# T loss -   0.555336 | V loss -   0.657411 #
# T acc  -   0.710008 | V acc  -   0.652331 #
#############################################
# epoch  -        125 | time(s) -    306.51 #
# T loss -   0.550089 | V loss -   1.468720 #
# T acc  -   0.714854 | V acc  -   0.655665 #
#############################################
# epoch  -        126 | time(s) -    306.11 #
# T loss -   0.549231 | V loss -   0.652805 #
# T acc  -   0.711070 | V acc  -   0.654884 #
#############################################
# epoch  -        127 | time(s) -    306.21 #
# T loss -   0.546254 | V loss -   0.646483 #
# T acc  -   0.725472 | V acc  -   0.649441 #
#############################################
# epoch  -        128 | time(s) -    307.03 #
# T loss -   0.547177 | V loss -   0.791336 #
# T acc  -   0.717420 | V acc  -   0.655475 #
#############################################
# epoch  -        129 | time(s) -    305.86 #
# T loss -   0.543318 | V loss -   0.650138 #
# T acc  -   0.725224 | V acc  -   0.641551 #
#############################################
# epoch  -        130 | time(s) -    305.39 #
# T loss -   0.549469 | V loss -   0.648073 #
# T acc  -   0.712895 | V acc  -   0.648829 #
#############################################
# epoch  -        131 | time(s) -    305.75 #
# T loss -   0.552999 | V loss -   1.033213 #
# T acc  -   0.719175 | V acc  -   0.655348 #
#############################################
# epoch  -        132 | time(s) -    302.56 #
# T loss -   0.543622 | V loss -   1.247719 #
# T acc  -   0.724896 | V acc  -   0.655338 #
#############################################
# epoch  -        133 | time(s) -    300.01 #
# T loss -   0.543134 | V loss -   0.729407 #
# T acc  -   0.725184 | V acc  -   0.655422 #
#############################################
# epoch  -        134 | time(s) -    301.94 #
# T loss -   0.542515 | V loss -   0.691264 #
# T acc  -   0.717999 | V acc  -   0.654367 #
#############################################
# epoch  -        135 | time(s) -    302.45 #
# T loss -   0.554532 | V loss -   0.699308 #
# T acc  -   0.712086 | V acc  -   0.654968 #
#############################################
# epoch  -        136 | time(s) -    303.05 #
# T loss -   0.548950 | V loss -   0.742044 #
# T acc  -   0.725241 | V acc  -   0.356656 #
#############################################
# epoch  -        137 | time(s) -    302.64 #
# T loss -   0.542495 | V loss -   0.743756 #
# T acc  -   0.727349 | V acc  -   0.654937 #
#############################################
# epoch  -        138 | time(s) -    301.13 #
# T loss -   0.545622 | V loss -   0.697497 #
# T acc  -   0.725202 | V acc  -   0.655432 #
#############################################
# epoch  -        139 | time(s) -    302.66 #
# T loss -   0.549854 | V loss -   0.715093 #
# T acc  -   0.718320 | V acc  -   0.655348 #
#############################################
# epoch  -        140 | time(s) -    302.40 #
# T loss -   0.545029 | V loss -   0.643264 #
# T acc  -   0.722218 | V acc  -   0.652954 #
#############################################
# epoch  -        141 | time(s) -    301.96 #
# T loss -   0.546132 | V loss -   0.711362 #
# T acc  -   0.720346 | V acc  -   0.655011 #
#############################################
# epoch  -        142 | time(s) -    302.61 #
# T loss -   0.548254 | V loss -   0.729783 #
# T acc  -   0.724194 | V acc  -   0.655665 #
#############################################
# epoch  -        143 | time(s) -    302.95 #
# T loss -   0.541549 | V loss -   0.995211 #
# T acc  -   0.724828 | V acc  -   0.655411 #
#############################################
# epoch  -        144 | time(s) -    302.73 #
# T loss -   0.543218 | V loss -   0.728108 #
# T acc  -   0.720530 | V acc  -   0.372985 #
#############################################
# epoch  -        145 | time(s) -    305.43 #
# T loss -   0.543766 | V loss -   0.724157 #
# T acc  -   0.723239 | V acc  -   0.655380 #
#############################################
# epoch  -        146 | time(s) -    306.34 #
# T loss -   0.537698 | V loss -   0.838404 #
# T acc  -   0.727180 | V acc  -   0.655380 #
#############################################
# epoch  -        147 | time(s) -    305.70 #
# T loss -   0.537086 | V loss -   1.274506 #
# T acc  -   0.726828 | V acc  -   0.655665 #
#############################################
# epoch  -        148 | time(s) -    306.00 #
# T loss -   0.556497 | V loss -   0.783969 #
# T acc  -   0.714697 | V acc  -   0.655411 #
#############################################
# epoch  -        149 | time(s) -    306.58 #
# T loss -   0.546841 | V loss -   0.771672 #
# T acc  -   0.719279 | V acc  -   0.655422 #
#############################################
# epoch  -        150 | time(s) -    306.69 #
# T loss -   0.546674 | V loss -   0.641903 #
# T acc  -   0.725086 | V acc  -   0.653091 #
#############################################
# epoch  -        151 | time(s) -    299.60 #
# T loss -   0.542632 | V loss -   1.191566 #
# T acc  -   0.722681 | V acc  -   0.655485 #
#############################################
# epoch  -        152 | time(s) -    296.03 #
# T loss -   0.541572 | V loss -   0.654379 #
# T acc  -   0.726482 | V acc  -   0.651213 #
#############################################
# epoch  -        153 | time(s) -    296.28 #
# T loss -   0.548416 | V loss -   0.713140 #
# T acc  -   0.717796 | V acc  -   0.653460 #
#############################################
# epoch  -        154 | time(s) -    295.44 #
# T loss -   0.548405 | V loss -   0.644246 #
# T acc  -   0.724304 | V acc  -   0.653133 #
#############################################
# epoch  -        155 | time(s) -    295.90 #
# T loss -   0.545584 | V loss -   0.641189 #
# T acc  -   0.717386 | V acc  -   0.655053 #
#############################################
# epoch  -        156 | time(s) -    295.54 #
# T loss -   0.548539 | V loss -   0.647326 #
# T acc  -   0.709926 | V acc  -   0.648724 #
#############################################
# epoch  -        157 | time(s) -    295.49 #
# T loss -   0.557048 | V loss -   0.641707 #
# T acc  -   0.715498 | V acc  -   0.653650 #
#############################################
# epoch  -        158 | time(s) -    294.70 #
# T loss -   0.555568 | V loss -   0.707699 #
# T acc  -   0.718609 | V acc  -   0.655506 #
#############################################
# epoch  -        159 | time(s) -    294.86 #
# T loss -   0.553601 | V loss -   0.640677 #
# T acc  -   0.706886 | V acc  -   0.653819 #
#############################################
# epoch  -        160 | time(s) -    295.23 #
# T loss -   0.549787 | V loss -   0.729217 #
# T acc  -   0.717543 | V acc  -   0.655316 #
#############################################
# epoch  -        161 | time(s) -    295.02 #
# T loss -   0.547703 | V loss -   0.702851 #
# T acc  -   0.726455 | V acc  -   0.655380 #
#############################################
# epoch  -        162 | time(s) -    296.06 #
# T loss -   0.557275 | V loss -   0.642099 #
# T acc  -   0.710670 | V acc  -   0.652521 #
#############################################
# epoch  -        163 | time(s) -    295.59 #
# T loss -   0.549059 | V loss -   1.291986 #
# T acc  -   0.711268 | V acc  -   0.655665 #
#############################################
# epoch  -        164 | time(s) -    297.64 #
# T loss -   0.548091 | V loss -   0.644699 #
# T acc  -   0.720249 | V acc  -   0.654620 #
#############################################
# epoch  -        165 | time(s) -    302.03 #
# T loss -   0.543700 | V loss -   0.653540 #
# T acc  -   0.724403 | V acc  -   0.653112 #
#############################################
# epoch  -        166 | time(s) -    301.74 #
# T loss -   0.546150 | V loss -   0.643383 #
# T acc  -   0.724120 | V acc  -   0.650970 #
#############################################
# epoch  -        167 | time(s) -    301.60 #
# T loss -   0.551509 | V loss -   0.780576 #
# T acc  -   0.712488 | V acc  -   0.654968 #
#############################################
# epoch  -        168 | time(s) -    301.51 #
# T loss -   0.545042 | V loss -   0.776557 #
# T acc  -   0.726249 | V acc  -   0.655274 #
#############################################
# epoch  -        169 | time(s) -    300.69 #
# T loss -   0.546425 | V loss -   0.731581 #
# T acc  -   0.710581 | V acc  -   0.655200 #
#############################################
# epoch  -        170 | time(s) -    301.12 #
# T loss -   0.541560 | V loss -   0.820592 #
# T acc  -   0.726872 | V acc  -   0.655380 #
#############################################
# epoch  -        171 | time(s) -    302.15 #
# T loss -   0.546230 | V loss -   1.264543 #
# T acc  -   0.718089 | V acc  -   0.655570 #
#############################################
# epoch  -        172 | time(s) -    301.70 #
# T loss -   0.551116 | V loss -   0.670500 #
# T acc  -   0.716323 | V acc  -   0.655169 #
#############################################
# epoch  -        173 | time(s) -    301.92 #
# T loss -   0.553111 | V loss -   0.723281 #
# T acc  -   0.714078 | V acc  -   0.654694 #
#############################################
# epoch  -        174 | time(s) -    301.55 #
# T loss -   0.545887 | V loss -   1.289760 #
# T acc  -   0.713404 | V acc  -   0.655665 #
#############################################
# epoch  -        175 | time(s) -    301.89 #
# T loss -   0.550129 | V loss -   0.791297 #
# T acc  -   0.723866 | V acc  -   0.655369 #
#############################################
# epoch  -        176 | time(s) -    301.50 #
# T loss -   0.538651 | V loss -   0.807928 #
# T acc  -   0.727812 | V acc  -   0.655475 #
#############################################
# epoch  -        177 | time(s) -    301.46 #
# T loss -   0.548527 | V loss -   0.690334 #
# T acc  -   0.722801 | V acc  -   0.654525 #
#############################################
# epoch  -        178 | time(s) -    301.04 #
# T loss -   0.545484 | V loss -   0.770344 #
# T acc  -   0.718192 | V acc  -   0.655401 #
#############################################
# epoch  -        179 | time(s) -    301.09 #
# T loss -   0.552570 | V loss -   1.263649 #
# T acc  -   0.714082 | V acc  -   0.655665 #
#############################################
# epoch  -        180 | time(s) -    301.87 #
# T loss -   0.552782 | V loss -   0.767457 #
# T acc  -   0.725486 | V acc  -   0.655496 #
#############################################
# epoch  -        181 | time(s) -    300.73 #
# T loss -   0.557795 | V loss -   0.735818 #
# T acc  -   0.713333 | V acc  -   0.655032 #
#############################################
# epoch  -        182 | time(s) -    301.23 #
# T loss -   0.546262 | V loss -   0.724193 #
# T acc  -   0.724657 | V acc  -   0.655390 #
#############################################
# epoch  -        183 | time(s) -    301.04 #
# T loss -   0.539543 | V loss -   0.644044 #
# T acc  -   0.723546 | V acc  -   0.652405 #
#############################################
# epoch  -        184 | time(s) -    301.17 #
# T loss -   0.542426 | V loss -   0.638906 #
# T acc  -   0.726016 | V acc  -   0.655359 #
#############################################
# epoch  -        185 | time(s) -    301.01 #
# T loss -   0.549254 | V loss -   0.652305 #
# T acc  -   0.723305 | V acc  -   0.654810 #
#############################################
# epoch  -        186 | time(s) -    302.00 #
# T loss -   0.543754 | V loss -   0.890346 #
# T acc  -   0.710282 | V acc  -   0.655454 #
#############################################
# epoch  -        187 | time(s) -    300.10 #
# T loss -   0.556788 | V loss -   0.779863 #
# T acc  -   0.712911 | V acc  -   0.655390 #
#############################################
# epoch  -        188 | time(s) -    299.42 #
# T loss -   0.556295 | V loss -   0.703450 #
# T acc  -   0.715306 | V acc  -   0.655443 #
#############################################
# epoch  -        189 | time(s) -    300.14 #
# T loss -   0.548272 | V loss -   0.714305 #
# T acc  -   0.722974 | V acc  -   0.655517 #
#############################################
# epoch  -        190 | time(s) -    301.51 #
# T loss -   0.547181 | V loss -   0.650319 #
# T acc  -   0.713788 | V acc  -   0.650886 #
#############################################
# epoch  -        191 | time(s) -    300.89 #
# T loss -   0.542473 | V loss -   0.646674 #
# T acc  -   0.721527 | V acc  -   0.655559 #
#############################################
# epoch  -        192 | time(s) -    301.44 #
# T loss -   0.557053 | V loss -   0.644536 #
# T acc  -   0.714496 | V acc  -   0.654156 #
#############################################
# epoch  -        193 | time(s) -    300.92 #
# T loss -   0.547167 | V loss -   0.805312 #
# T acc  -   0.716746 | V acc  -   0.655390 #
#############################################
# epoch  -        194 | time(s) -    301.32 #
# T loss -   0.541712 | V loss -   0.717662 #
# T acc  -   0.723931 | V acc  -   0.654937 #
#############################################
# epoch  -        195 | time(s) -    301.18 #
# T loss -   0.547554 | V loss -   1.125943 #
# T acc  -   0.717079 | V acc  -   0.655348 #
#############################################
# epoch  -        196 | time(s) -    303.76 #
# T loss -   0.547154 | V loss -   1.287575 #
# T acc  -   0.712539 | V acc  -   0.655665 #
#############################################
# epoch  -        197 | time(s) -    307.59 #
# T loss -   0.543371 | V loss -   0.642285 #
# T acc  -   0.723410 | V acc  -   0.651783 #
#############################################
# epoch  -        198 | time(s) -    308.29 #
# T loss -   0.543408 | V loss -   0.701288 #
# T acc  -   0.712921 | V acc  -   0.655380 #
#############################################
# epoch  -        199 | time(s) -    307.44 #
# T loss -   0.547078 | V loss -   0.679335 #
# T acc  -   0.711501 | V acc  -   0.616825 #
#############################################
