using cuda
4077.6039509723137 better than None, saving model
#############################################
# epoch  -          0 | time(s) -    119.06 #
# T loss -    4369.37 | V loss -    4077.60 #
1758.0526214460672 better than 4077.6039509723137, saving model
#############################################
# epoch  -          1 | time(s) -    117.02 #
# T loss -    2441.32 | V loss -    1758.05 #
1607.8085268991565 better than 1758.0526214460672, saving model
#############################################
# epoch  -          2 | time(s) -    112.72 #
# T loss -    1559.31 | V loss -    1607.81 #
1379.2717691386918 better than 1607.8085268991565, saving model
#############################################
# epoch  -          3 | time(s) -    112.45 #
# T loss -    1405.83 | V loss -    1379.27 #
#############################################
# epoch  -          4 | time(s) -    112.16 #
# T loss -    1320.58 | V loss -    1875.59 #
1335.7275291481749 better than 1379.2717691386918, saving model
#############################################
# epoch  -          5 | time(s) -    112.43 #
# T loss -    1264.51 | V loss -    1335.73 #
#############################################
# epoch  -          6 | time(s) -    111.89 #
# T loss -    1213.43 | V loss -    1846.45 #
1053.7865250127331 better than 1335.7275291481749, saving model
#############################################
# epoch  -          7 | time(s) -    111.98 #
# T loss -    1204.69 | V loss -    1053.79 #
#############################################
# epoch  -          8 | time(s) -    112.10 #
# T loss -    1167.92 | V loss -    1264.09 #
#############################################
# epoch  -          9 | time(s) -    112.22 #
# T loss -    1161.36 | V loss -    1274.82 #
#############################################
# epoch  -         10 | time(s) -    112.18 #
# T loss -    1140.32 | V loss -    1058.64 #
#############################################
# epoch  -         11 | time(s) -    111.94 #
# T loss -    1076.43 | V loss -    1249.58 #
#############################################
# epoch  -         12 | time(s) -    113.83 #
# T loss -    1063.35 | V loss -    1725.30 #
#############################################
# epoch  -         13 | time(s) -    114.29 #
# T loss -    1058.29 | V loss -    1392.38 #
#############################################
# epoch  -         14 | time(s) -    114.29 #
# T loss -    1029.38 | V loss -    1149.22 #
#############################################
