using cuda
16245.465773809523 better than None, saving model
#############################################
# epoch  -          0 | time(s) -    268.87 #
# T loss -   20044.03 | V loss -   16245.47 #
#############################################
# epoch  -          1 | time(s) -    264.50 #
# T loss -   21060.06 | V loss -   52193.52 #
#############################################
# epoch  -          2 | time(s) -    264.58 #
# T loss -   49090.83 | V loss -   52190.83 #
#############################################
# epoch  -          3 | time(s) -    264.69 #
# T loss -   49090.55 | V loss -   52190.83 #
#############################################
# epoch  -          4 | time(s) -    264.36 #
# T loss -   49090.92 | V loss -   52191.41 #
#############################################
# epoch  -          5 | time(s) -    263.93 #
# T loss -   49090.99 | V loss -   52191.41 #
#############################################
# epoch  -          6 | time(s) -    264.00 #
# T loss -   49090.99 | V loss -   52191.41 #
#############################################
# epoch  -          7 | time(s) -    264.46 #
# T loss -   49090.99 | V loss -   52191.41 #
#############################################
# epoch  -          8 | time(s) -    264.85 #
# T loss -   49090.99 | V loss -   52191.41 #
#############################################
# epoch  -          9 | time(s) -    264.01 #
# T loss -   49090.99 | V loss -   52191.41 #
#############################################
# epoch  -         10 | time(s) -    264.01 #
# T loss -   49090.99 | V loss -   52191.41 #
#############################################
# epoch  -         11 | time(s) -    264.55 #
# T loss -   49090.99 | V loss -   52191.41 #
#############################################
# epoch  -         12 | time(s) -    264.02 #
# T loss -   49090.99 | V loss -   52191.41 #
#############################################
# epoch  -         13 | time(s) -    264.37 #
# T loss -   49090.99 | V loss -   52191.41 #
#############################################
# epoch  -         14 | time(s) -    264.53 #
# T loss -   49090.99 | V loss -   52191.41 #
#############################################
