using cuda
8231.92090175655 better than None, saving model
#############################################
# epoch  -          0 | time(s) -    142.45 #
# T loss -    5995.16 | V loss -    8231.92 #
6282.603737295748 better than 8231.92090175655, saving model
#############################################
# epoch  -          1 | time(s) -    141.13 #
# T loss -    4800.66 | V loss -    6282.60 #
#############################################
# epoch  -          2 | time(s) -    140.84 #
# T loss -    4567.36 | V loss -    7064.51 #
5077.601859671623 better than 6282.603737295748, saving model
#############################################
# epoch  -          3 | time(s) -    140.87 #
# T loss -    4340.78 | V loss -    5077.60 #
#############################################
# epoch  -          4 | time(s) -    141.30 #
# T loss -    4271.85 | V loss -    5588.26 #
4078.1272157806534 better than 5077.601859671623, saving model
#############################################
# epoch  -          5 | time(s) -    140.88 #
# T loss -    4223.45 | V loss -    4078.13 #
#############################################
# epoch  -          6 | time(s) -    141.32 #
# T loss -    3962.59 | V loss -    5560.61 #
#############################################
# epoch  -          7 | time(s) -    141.03 #
# T loss -    3906.72 | V loss -    4410.40 #
#############################################
# epoch  -          8 | time(s) -    142.42 #
# T loss -    3764.17 | V loss -    6487.22 #
#############################################
# epoch  -          9 | time(s) -    141.48 #
# T loss -    3633.19 | V loss -    5444.16 #
#############################################
# epoch  -         10 | time(s) -    141.67 #
# T loss -    3540.21 | V loss -    5359.49 #
#############################################
# epoch  -         11 | time(s) -    141.79 #
# T loss -    3370.06 | V loss -    6494.11 #
#############################################
# epoch  -         12 | time(s) -    141.47 #
# T loss -    3178.09 | V loss -    4313.50 #
#############################################
# epoch  -         13 | time(s) -    141.63 #
# T loss -    3076.67 | V loss -    4238.17 #
#############################################
# epoch  -         14 | time(s) -    141.18 #
# T loss -    2953.74 | V loss -    4336.38 #
#############################################
# epoch  -         15 | time(s) -    141.07 #
# T loss -    2805.24 | V loss -    4805.99 #
#############################################
# epoch  -         16 | time(s) -    141.34 #
# T loss -    2612.82 | V loss -    5882.06 #
#############################################
# epoch  -         17 | time(s) -    142.12 #
# T loss -    2487.93 | V loss -    5200.84 #
#############################################
# epoch  -         18 | time(s) -    141.36 #
# T loss -    2288.09 | V loss -    7492.92 #
#############################################
# epoch  -         19 | time(s) -    141.24 #
# T loss -    2203.57 | V loss -    5661.58 #
#############################################
# epoch  -         20 | time(s) -    141.42 #
# T loss -    2078.00 | V loss -    5513.84 #
#############################################
# epoch  -         21 | time(s) -    141.77 #
# T loss -    1982.95 | V loss -    6993.40 #
#############################################
# epoch  -         22 | time(s) -    142.46 #
# T loss -    1858.89 | V loss -    7794.33 #
#############################################
# epoch  -         23 | time(s) -    142.03 #
# T loss -    1801.20 | V loss -    8276.23 #
#############################################
# epoch  -         24 | time(s) -    141.86 #
# T loss -    1681.26 | V loss -    9132.78 #
#############################################
# epoch  -         25 | time(s) -    142.17 #
# T loss -    1670.65 | V loss -    6709.19 #
#############################################
# epoch  -         26 | time(s) -    142.22 #
# T loss -    1561.64 | V loss -    7486.42 #
#############################################
# epoch  -         27 | time(s) -    142.28 #
# T loss -    1526.80 | V loss -    9454.95 #
#############################################
# epoch  -         28 | time(s) -    142.17 #
# T loss -    1394.77 | V loss -    8086.67 #
#############################################
# epoch  -         29 | time(s) -    142.08 #
# T loss -    1475.88 | V loss -   12104.26 #
#############################################
# epoch  -         30 | time(s) -    142.30 #
# T loss -    1289.00 | V loss -    8751.89 #
#############################################
# epoch  -         31 | time(s) -    142.80 #
# T loss -    1269.12 | V loss -   10321.53 #
#############################################
# epoch  -         32 | time(s) -    142.76 #
# T loss -    1255.54 | V loss -    9304.10 #
#############################################
# epoch  -         33 | time(s) -    142.17 #
# T loss -    1178.57 | V loss -    9082.76 #
#############################################
# epoch  -         34 | time(s) -    142.30 #
# T loss -    1092.57 | V loss -   11552.20 #
#############################################
# epoch  -         35 | time(s) -    141.82 #
# T loss -    1110.10 | V loss -    9606.49 #
#############################################
# epoch  -         36 | time(s) -    141.92 #
# T loss -    1092.67 | V loss -   11218.11 #
#############################################
# epoch  -         37 | time(s) -    142.29 #
# T loss -    1001.59 | V loss -    9208.65 #
#############################################
# epoch  -         38 | time(s) -    142.29 #
# T loss -    1076.98 | V loss -    9220.52 #
#############################################
# epoch  -         39 | time(s) -    142.09 #
# T loss -     964.44 | V loss -   10542.56 #
#############################################
# epoch  -         40 | time(s) -    142.02 #
# T loss -     961.02 | V loss -    9386.64 #
#############################################
# epoch  -         41 | time(s) -    141.96 #
# T loss -     952.15 | V loss -   10187.44 #
#############################################
# epoch  -         42 | time(s) -    141.74 #
# T loss -     924.72 | V loss -   10133.28 #
#############################################
# epoch  -         43 | time(s) -    142.57 #
# T loss -     904.29 | V loss -   10086.30 #
#############################################
# epoch  -         44 | time(s) -    142.68 #
# T loss -     859.40 | V loss -   11269.04 #
#############################################
# epoch  -         45 | time(s) -    142.40 #
# T loss -     793.08 | V loss -   10838.47 #
#############################################
# epoch  -         46 | time(s) -    142.67 #
# T loss -     865.28 | V loss -   10278.90 #
#############################################
# epoch  -         47 | time(s) -    142.08 #
# T loss -     782.66 | V loss -   13204.35 #
#############################################
# epoch  -         48 | time(s) -    142.17 #
# T loss -     760.05 | V loss -   11831.17 #
#############################################
# epoch  -         49 | time(s) -    141.83 #
# T loss -     787.51 | V loss -   12849.90 #
#############################################
Exception ignored in: <function WeakValueDictionary.__init__.<locals>.remove at 0x2b4f2b325268>
Traceback (most recent call last):
  File "/beegfs/ga4493/projects/groupb/environments/torch/lib/python3.5/weakref.py", line 117, in remove
TypeError: 'NoneType' object is not callable
