using cuda
2734.6480818125597 better than None, saving model
#############################################
# epoch  -          0 | time(s) -    156.61 #
# T loss -    3692.89 | V loss -    2734.65 #
#############################################
# epoch  -          1 | time(s) -    157.45 #
# T loss -    4250.11 | V loss -    4106.73 #
#############################################
# epoch  -          2 | time(s) -    157.76 #
# T loss -    3577.24 | V loss -    3263.55 #
2219.165238720629 better than 2734.6480818125597, saving model
#############################################
# epoch  -          3 | time(s) -    156.15 #
# T loss -    2481.63 | V loss -    2219.17 #
2134.8503276072374 better than 2219.165238720629, saving model
#############################################
# epoch  -          4 | time(s) -    157.78 #
# T loss -    2279.24 | V loss -    2134.85 #
2100.9747878402927 better than 2134.8503276072374, saving model
#############################################
# epoch  -          5 | time(s) -    157.17 #
# T loss -    2137.35 | V loss -    2100.97 #
#############################################
# epoch  -          6 | time(s) -    159.02 #
# T loss -    1956.68 | V loss -    2193.11 #
1797.3150332444425 better than 2100.9747878402927, saving model
#############################################
# epoch  -          7 | time(s) -    157.75 #
# T loss -    1901.26 | V loss -    1797.32 #
#############################################
# epoch  -          8 | time(s) -    157.38 #
# T loss -    1759.11 | V loss -    1824.93 #
1744.4344719592812 better than 1797.3150332444425, saving model
#############################################
# epoch  -          9 | time(s) -    158.89 #
# T loss -    1718.73 | V loss -    1744.43 #
#############################################
# epoch  -         10 | time(s) -    158.52 #
# T loss -    1642.87 | V loss -    1783.05 #
#############################################
# epoch  -         11 | time(s) -    157.75 #
# T loss -    1582.02 | V loss -    2577.32 #
#############################################
# epoch  -         12 | time(s) -    157.81 #
# T loss -    1557.90 | V loss -    1812.38 #
#############################################
# epoch  -         13 | time(s) -    158.20 #
# T loss -    1472.22 | V loss -    1746.16 #
#############################################
# epoch  -         14 | time(s) -    158.60 #
# T loss -    1394.06 | V loss -    1862.44 #
#############################################
# epoch  -         15 | time(s) -    159.13 #
# T loss -    1313.67 | V loss -    2334.57 #
#############################################
# epoch  -         16 | time(s) -    158.89 #
# T loss -    1316.11 | V loss -    2426.09 #
#############################################
# epoch  -         17 | time(s) -    155.23 #
# T loss -    1237.54 | V loss -    2576.26 #
#############################################
# epoch  -         18 | time(s) -    158.69 #
# T loss -    1191.06 | V loss -    1910.01 #
#############################################
# epoch  -         19 | time(s) -    158.67 #
# T loss -    1140.32 | V loss -    2453.01 #
#############################################
# epoch  -         20 | time(s) -    157.65 #
# T loss -    1128.92 | V loss -    2195.79 #
#############################################
# epoch  -         21 | time(s) -    158.59 #
# T loss -    1101.97 | V loss -    2015.97 #
#############################################
# epoch  -         22 | time(s) -    157.69 #
# T loss -    1026.03 | V loss -    2473.57 #
#############################################
# epoch  -         23 | time(s) -    157.43 #
# T loss -    1027.39 | V loss -    2044.49 #
#############################################
# epoch  -         24 | time(s) -    155.86 #
# T loss -     959.61 | V loss -    2451.18 #
#############################################
# epoch  -         25 | time(s) -    155.03 #
# T loss -     958.43 | V loss -    2425.84 #
#############################################
# epoch  -         26 | time(s) -    154.93 #
# T loss -     940.28 | V loss -    2148.37 #
#############################################
# epoch  -         27 | time(s) -    157.35 #
# T loss -     883.10 | V loss -    2696.23 #
#############################################
# epoch  -         28 | time(s) -    157.87 #
# T loss -     893.78 | V loss -    2312.33 #
#############################################
# epoch  -         29 | time(s) -    155.54 #
# T loss -     854.71 | V loss -    2434.99 #
#############################################
# epoch  -         30 | time(s) -    158.68 #
# T loss -     839.79 | V loss -    2321.32 #
#############################################
# epoch  -         31 | time(s) -    158.14 #
# T loss -     796.55 | V loss -    2179.20 #
#############################################
# epoch  -         32 | time(s) -    157.91 #
# T loss -     794.51 | V loss -    2376.40 #
#############################################
# epoch  -         33 | time(s) -    156.46 #
# T loss -     778.89 | V loss -    2276.74 #
#############################################
# epoch  -         34 | time(s) -    155.73 #
# T loss -     751.31 | V loss -    2377.55 #
#############################################
# epoch  -         35 | time(s) -    157.84 #
# T loss -     734.83 | V loss -    2377.40 #
#############################################
# epoch  -         36 | time(s) -    158.71 #
# T loss -     711.70 | V loss -    2343.87 #
#############################################
# epoch  -         37 | time(s) -    157.76 #
# T loss -     697.43 | V loss -    2431.94 #
#############################################
# epoch  -         38 | time(s) -    158.57 #
# T loss -     701.09 | V loss -    2384.03 #
#############################################
# epoch  -         39 | time(s) -    157.80 #
# T loss -     678.83 | V loss -    2442.01 #
#############################################
# epoch  -         40 | time(s) -    151.94 #
# T loss -     641.50 | V loss -    2358.35 #
#############################################
# epoch  -         41 | time(s) -    157.70 #
# T loss -     611.63 | V loss -    2549.76 #
#############################################
# epoch  -         42 | time(s) -    157.49 #
# T loss -     646.96 | V loss -    2426.82 #
#############################################
# epoch  -         43 | time(s) -    158.33 #
# T loss -     605.83 | V loss -    2367.16 #
#############################################
# epoch  -         44 | time(s) -    156.60 #
# T loss -     580.99 | V loss -    2337.78 #
#############################################
# epoch  -         45 | time(s) -    155.53 #
# T loss -     584.89 | V loss -    2407.30 #
#############################################
# epoch  -         46 | time(s) -    155.15 #
# T loss -     598.13 | V loss -    2404.67 #
#############################################
# epoch  -         47 | time(s) -    153.89 #
# T loss -     586.97 | V loss -    2499.14 #
#############################################
# epoch  -         48 | time(s) -    157.57 #
# T loss -     559.24 | V loss -    2311.46 #
#############################################
# epoch  -         49 | time(s) -    152.93 #
# T loss -     586.26 | V loss -    2457.86 #
#############################################
