using cuda
22862.73363095238 better than None, saving model
#############################################
# epoch  -          0 | time(s) -    257.82 #
# T loss -   23964.66 | V loss -   22862.73 #
#############################################
# epoch  -          1 | time(s) -    252.45 #
# T loss -   25268.39 | V loss -   22864.41 #
#############################################
# epoch  -          2 | time(s) -    252.77 #
# T loss -   25269.13 | V loss -   22865.47 #
#############################################
# epoch  -          3 | time(s) -    253.31 #
# T loss -   25269.66 | V loss -   22865.47 #
#############################################
# epoch  -          4 | time(s) -    253.26 #
# T loss -   25269.66 | V loss -   22865.47 #
#############################################
# epoch  -          5 | time(s) -    253.64 #
# T loss -   25269.98 | V loss -   22866.08 #
#############################################
# epoch  -          6 | time(s) -    253.46 #
# T loss -   25270.35 | V loss -   22866.59 #
#############################################
# epoch  -          7 | time(s) -    253.46 #
# T loss -   25270.52 | V loss -   22866.59 #
#############################################
# epoch  -          8 | time(s) -    253.14 #
# T loss -   25270.52 | V loss -   22866.59 #
#############################################
# epoch  -          9 | time(s) -    253.18 #
# T loss -   25270.52 | V loss -   22866.59 #
#############################################
# epoch  -         10 | time(s) -    253.26 #
# T loss -   25270.52 | V loss -   22866.59 #
#############################################
# epoch  -         11 | time(s) -    253.40 #
# T loss -   25270.52 | V loss -   22866.59 #
#############################################
# epoch  -         12 | time(s) -    253.29 #
# T loss -   25270.52 | V loss -   22866.59 #
#############################################
# epoch  -         13 | time(s) -    253.27 #
# T loss -   25270.52 | V loss -   22866.59 #
#############################################
# epoch  -         14 | time(s) -    253.51 #
# T loss -   25270.52 | V loss -   22866.59 #
#############################################
