using cuda
2668.5151094178077 better than None, saving model
#############################################
# epoch  -          0 | time(s) -    114.82 #
# T loss -    3239.37 | V loss -    2668.52 #
2102.5494270035642 better than 2668.5151094178077, saving model
#############################################
# epoch  -          1 | time(s) -    111.93 #
# T loss -    2545.88 | V loss -    2102.55 #
#############################################
# epoch  -          2 | time(s) -    113.27 #
# T loss -    2380.13 | V loss -    2125.28 #
#############################################
# epoch  -          3 | time(s) -    113.11 #
# T loss -    2375.72 | V loss -    2110.98 #
#############################################
# epoch  -          4 | time(s) -    113.35 #
# T loss -    2389.00 | V loss -    2107.28 #
#############################################
# epoch  -          5 | time(s) -    111.81 #
# T loss -    2376.13 | V loss -    2180.06 #
2101.950099321252 better than 2102.5494270035642, saving model
#############################################
# epoch  -          6 | time(s) -    111.63 #
# T loss -    2391.70 | V loss -    2101.95 #
#############################################
# epoch  -          7 | time(s) -    111.70 #
# T loss -    2383.07 | V loss -    2147.24 #
#############################################
# epoch  -          8 | time(s) -    112.95 #
# T loss -    2389.91 | V loss -    2155.45 #
#############################################
# epoch  -          9 | time(s) -    112.29 #
# T loss -    2395.13 | V loss -    2134.09 #
2101.385468804903 better than 2101.950099321252, saving model
#############################################
# epoch  -         10 | time(s) -    113.57 #
# T loss -    2390.99 | V loss -    2101.39 #
2083.1425954762312 better than 2101.385468804903, saving model
#############################################
# epoch  -         11 | time(s) -    113.51 #
# T loss -    2380.78 | V loss -    2083.14 #
#############################################
# epoch  -         12 | time(s) -    113.46 #
# T loss -    2393.45 | V loss -    2090.98 #
#############################################
# epoch  -         13 | time(s) -    112.98 #
# T loss -    2392.19 | V loss -    2117.82 #
#############################################
# epoch  -         14 | time(s) -    113.06 #
# T loss -    2386.15 | V loss -    2132.55 #
#############################################
