using cuda
32841.511814662386 better than None, saving model
#############################################
# epoch  -          0 | time(s) -    271.92 #
# T loss -   28004.98 | V loss -   32841.51 #
#############################################
# epoch  -          1 | time(s) -    266.37 #
# T loss -   34127.22 | V loss -   34078.36 #
#############################################
# epoch  -          2 | time(s) -    266.00 #
# T loss -   34563.93 | V loss -   34608.64 #
#############################################
# epoch  -          3 | time(s) -    266.03 #
# T loss -   34964.97 | V loss -   35145.78 #
18705.919573829287 better than 32841.511814662386, saving model
#############################################
# epoch  -          4 | time(s) -    268.47 #
# T loss -   26070.79 | V loss -   18705.92 #
#############################################
# epoch  -          5 | time(s) -    266.14 #
# T loss -   22039.45 | V loss -   18718.55 #
#############################################
# epoch  -          6 | time(s) -    266.28 #
# T loss -   22044.96 | V loss -   18721.22 #
#############################################
# epoch  -          7 | time(s) -    266.13 #
# T loss -   22047.63 | V loss -   18724.61 #
#############################################
# epoch  -          8 | time(s) -    266.18 #
# T loss -   22048.96 | V loss -   18724.61 #
#############################################
# epoch  -          9 | time(s) -    266.23 #
# T loss -   22051.12 | V loss -   18727.35 #
#############################################
# epoch  -         10 | time(s) -    266.55 #
# T loss -   22051.33 | V loss -   18727.35 #
#############################################
# epoch  -         11 | time(s) -    266.23 #
# T loss -   22051.43 | V loss -   18728.49 #
#############################################
# epoch  -         12 | time(s) -    266.23 #
# T loss -   22052.38 | V loss -   18730.74 #
#############################################
# epoch  -         13 | time(s) -    266.23 #
# T loss -   22053.74 | V loss -   18731.25 #
#############################################
# epoch  -         14 | time(s) -    266.33 #
# T loss -   22055.03 | V loss -   18733.54 #
#############################################
