using cuda
2319.8883611827805 better than None, saving model
#############################################
# epoch  -          0 | time(s) -    109.24 #
# T loss -    2182.04 | V loss -    2319.89 #
1757.8191183402862 better than 2319.8883611827805, saving model
#############################################
# epoch  -          1 | time(s) -    109.59 #
# T loss -    1711.82 | V loss -    1757.82 #
1473.597282379708 better than 1757.8191183402862, saving model
#############################################
# epoch  -          2 | time(s) -    108.09 #
# T loss -    1496.34 | V loss -    1473.60 #
1358.2733263789912 better than 1473.597282379708, saving model
#############################################
# epoch  -          3 | time(s) -    109.54 #
# T loss -    1462.78 | V loss -    1358.27 #
#############################################
# epoch  -          4 | time(s) -    107.90 #
# T loss -    1417.22 | V loss -    1454.39 #
#############################################
# epoch  -          5 | time(s) -    107.94 #
# T loss -    1384.01 | V loss -    1470.36 #
1182.2058825694937 better than 1358.2733263789912, saving model
#############################################
# epoch  -          6 | time(s) -    109.34 #
# T loss -    1356.92 | V loss -    1182.21 #
#############################################
# epoch  -          7 | time(s) -    108.61 #
# T loss -    1340.49 | V loss -    1194.72 #
#############################################
# epoch  -          8 | time(s) -    109.22 #
# T loss -    1304.76 | V loss -    1190.28 #
1152.8434745908703 better than 1182.2058825694937, saving model
#############################################
# epoch  -          9 | time(s) -    109.11 #
# T loss -    1286.52 | V loss -    1152.84 #
#############################################
# epoch  -         10 | time(s) -    108.89 #
# T loss -    1267.31 | V loss -    1463.73 #
#############################################
# epoch  -         11 | time(s) -    110.28 #
# T loss -    1237.01 | V loss -    1475.18 #
#############################################
# epoch  -         12 | time(s) -    109.11 #
# T loss -    1230.83 | V loss -    1446.32 #
1114.950817201113 better than 1152.8434745908703, saving model
#############################################
# epoch  -         13 | time(s) -    110.47 #
# T loss -    1214.35 | V loss -    1114.95 #
#############################################
# epoch  -         14 | time(s) -    110.32 #
# T loss -    1195.62 | V loss -    1396.31 #
#############################################
