using cuda
14537.031247093564 better than None, saving model
#############################################
# epoch  -          0 | time(s) -    256.83 #
# T loss -   17824.09 | V loss -   14537.03 #
#############################################
# epoch  -          1 | time(s) -    253.27 #
# T loss -   14995.30 | V loss -   16200.68 #
#############################################
# epoch  -          2 | time(s) -    253.02 #
# T loss -   16223.05 | V loss -   53641.07 #
10220.001843004 better than 14537.031247093564, saving model
#############################################
# epoch  -          3 | time(s) -    255.43 #
# T loss -   20356.58 | V loss -   10220.00 #
#############################################
# epoch  -          4 | time(s) -    253.31 #
# T loss -   17756.57 | V loss -   10651.42 #
9682.78816091961 better than 10220.001843004, saving model
#############################################
# epoch  -          5 | time(s) -    255.44 #
# T loss -   11842.98 | V loss -    9682.79 #
#############################################
# epoch  -          6 | time(s) -    253.15 #
# T loss -   11353.00 | V loss -   10450.02 #
7735.981849154494 better than 9682.78816091961, saving model
#############################################
# epoch  -          7 | time(s) -    255.39 #
# T loss -    9926.18 | V loss -    7735.98 #
7163.233738665843 better than 7735.981849154494, saving model
#############################################
# epoch  -          8 | time(s) -    255.28 #
# T loss -    8872.48 | V loss -    7163.23 #
7155.475807439891 better than 7163.233738665843, saving model
#############################################
# epoch  -          9 | time(s) -    255.04 #
# T loss -    8391.49 | V loss -    7155.48 #
#############################################
# epoch  -         10 | time(s) -    252.99 #
# T loss -    7830.20 | V loss -    7787.62 #
#############################################
# epoch  -         11 | time(s) -    252.93 #
# T loss -    7483.46 | V loss -    7843.54 #
6719.766779488307 better than 7155.475807439891, saving model
#############################################
# epoch  -         12 | time(s) -    255.80 #
# T loss -    7187.88 | V loss -    6719.77 #
#############################################
# epoch  -         13 | time(s) -    253.74 #
# T loss -    6660.72 | V loss -    6822.61 #
#############################################
# epoch  -         14 | time(s) -    253.53 #
# T loss -    6376.43 | V loss -    6919.44 #
#############################################
