using cuda
3173.376467202894 better than None, saving model
#############################################
# epoch  -          0 | time(s) -    158.08 #
# T loss -    4050.89 | V loss -    3173.38 #
2815.464172233857 better than 3173.376467202894, saving model
#############################################
# epoch  -          1 | time(s) -    155.00 #
# T loss -    3425.78 | V loss -    2815.46 #
#############################################
# epoch  -          2 | time(s) -    145.83 #
# T loss -    2841.78 | V loss -    3394.58 #
2637.6963323037035 better than 2815.464172233857, saving model
#############################################
# epoch  -          3 | time(s) -    138.65 #
# T loss -    3690.20 | V loss -    2637.70 #
#############################################
# epoch  -          4 | time(s) -    154.06 #
# T loss -    2606.25 | V loss -    2991.43 #
#############################################
# epoch  -          5 | time(s) -    152.93 #
# T loss -    2531.68 | V loss -    2808.18 #
2194.075799922108 better than 2637.6963323037035, saving model
#############################################
# epoch  -          6 | time(s) -    154.66 #
# T loss -    2404.26 | V loss -    2194.08 #
1944.3800582401168 better than 2194.075799922108, saving model
#############################################
# epoch  -          7 | time(s) -    151.69 #
# T loss -    2259.24 | V loss -    1944.38 #
#############################################
# epoch  -          8 | time(s) -    154.28 #
# T loss -    2222.00 | V loss -    2188.39 #
#############################################
# epoch  -          9 | time(s) -    153.10 #
# T loss -    2049.16 | V loss -    1956.25 #
#############################################
# epoch  -         10 | time(s) -    154.98 #
# T loss -    1994.55 | V loss -    2396.69 #
#############################################
# epoch  -         11 | time(s) -    152.04 #
# T loss -    1926.73 | V loss -    3760.42 #
#############################################
# epoch  -         12 | time(s) -    151.90 #
# T loss -    1875.95 | V loss -    1971.56 #
#############################################
# epoch  -         13 | time(s) -    154.04 #
# T loss -    1821.61 | V loss -    2080.79 #
1892.5478247536676 better than 1944.3800582401168, saving model
#############################################
# epoch  -         14 | time(s) -    151.55 #
# T loss -    1773.11 | V loss -    1892.55 #
#############################################
