using cuda
1793.1951170552845 better than None, saving model
#############################################
# epoch  -          0 | time(s) -    111.05 #
# T loss -    1966.12 | V loss -    1793.20 #
#############################################
# epoch  -          1 | time(s) -    109.49 #
# T loss -    1606.37 | V loss -    2395.46 #
#############################################
# epoch  -          2 | time(s) -    109.54 #
# T loss -    1566.98 | V loss -    1993.67 #
#############################################
# epoch  -          3 | time(s) -    109.74 #
# T loss -    1476.57 | V loss -    1842.46 #
1417.6102046509707 better than 1793.1951170552845, saving model
#############################################
# epoch  -          4 | time(s) -    111.06 #
# T loss -    1428.37 | V loss -    1417.61 #
#############################################
# epoch  -          5 | time(s) -    109.74 #
# T loss -    1348.38 | V loss -    1694.69 #
1323.6280034846832 better than 1417.6102046509707, saving model
#############################################
# epoch  -          6 | time(s) -    109.65 #
# T loss -    1303.87 | V loss -    1323.63 #
#############################################
# epoch  -          7 | time(s) -    110.69 #
# T loss -    1238.74 | V loss -    1475.25 #
1237.232567673628 better than 1323.6280034846832, saving model
#############################################
# epoch  -          8 | time(s) -    109.71 #
# T loss -    1199.53 | V loss -    1237.23 #
1163.0054588378484 better than 1237.232567673628, saving model
#############################################
# epoch  -          9 | time(s) -    111.30 #
# T loss -    1147.98 | V loss -    1163.01 #
#############################################
# epoch  -         10 | time(s) -    111.18 #
# T loss -    1105.32 | V loss -    1231.73 #
#############################################
# epoch  -         11 | time(s) -    110.87 #
# T loss -    1084.74 | V loss -    1313.05 #
#############################################
# epoch  -         12 | time(s) -    110.66 #
# T loss -    1039.40 | V loss -    1393.77 #
#############################################
# epoch  -         13 | time(s) -    110.65 #
# T loss -    1021.43 | V loss -    1245.42 #
#############################################
# epoch  -         14 | time(s) -    111.08 #
# T loss -     973.30 | V loss -    1772.80 #
#############################################
Exception ignored in: <function WeakValueDictionary.__init__.<locals>.remove at 0x2b6b609692f0>
Traceback (most recent call last):
  File "/beegfs/ga4493/projects/groupb/environments/torch/lib/python3.5/weakref.py", line 117, in remove
TypeError: 'NoneType' object is not callable
