using cuda
2287.7959137156627 better than None, saving model
#############################################
# epoch  -          0 | time(s) -    146.52 #
# T loss -    1284.87 | V loss -    2287.80 #
1570.8297084667913 better than 2287.7959137156627, saving model
#############################################
# epoch  -          1 | time(s) -    144.04 #
# T loss -    1253.57 | V loss -    1570.83 #
1296.0770071377253 better than 1570.8297084667913, saving model
#############################################
# epoch  -          2 | time(s) -    148.76 #
# T loss -    1259.77 | V loss -    1296.08 #
1269.9584992190003 better than 1296.0770071377253, saving model
#############################################
# epoch  -          3 | time(s) -    144.19 #
# T loss -    1265.71 | V loss -    1269.96 #
#############################################
# epoch  -          4 | time(s) -    144.21 #
# T loss -    1300.65 | V loss -    1277.98 #
#############################################
# epoch  -          5 | time(s) -    144.32 #
# T loss -    1295.12 | V loss -    1739.39 #
#############################################
# epoch  -          6 | time(s) -    145.22 #
# T loss -    1287.60 | V loss -    1361.22 #
#############################################
# epoch  -          7 | time(s) -    149.26 #
# T loss -    1274.42 | V loss -    1807.14 #
#############################################
# epoch  -          8 | time(s) -    146.61 #
# T loss -    1307.82 | V loss -    1760.81 #
#############################################
# epoch  -          9 | time(s) -    144.21 #
# T loss -    1260.04 | V loss -    1282.69 #
#############################################
# epoch  -         10 | time(s) -    143.90 #
# T loss -    1250.36 | V loss -    1518.66 #
#############################################
# epoch  -         11 | time(s) -    145.29 #
# T loss -    1243.31 | V loss -    8408.84 #
#############################################
# epoch  -         12 | time(s) -    149.29 #
# T loss -    1324.73 | V loss -    1721.57 #
#############################################
# epoch  -         13 | time(s) -    144.50 #
# T loss -    1247.29 | V loss -    1402.17 #
#############################################
# epoch  -         14 | time(s) -    143.86 #
# T loss -    1251.53 | V loss -    2823.21 #
#############################################
# epoch  -         15 | time(s) -    147.07 #
# T loss -    1249.71 | V loss -    1525.26 #
#############################################
# epoch  -         16 | time(s) -    148.55 #
# T loss -    1217.99 | V loss -    1689.38 #
#############################################
# epoch  -         17 | time(s) -    145.86 #
# T loss -    1221.44 | V loss -    1364.03 #
#############################################
# epoch  -         18 | time(s) -    146.82 #
# T loss -    1246.20 | V loss -    1293.16 #
#############################################
# epoch  -         19 | time(s) -    146.99 #
# T loss -    1255.45 | V loss -    3245.62 #
#############################################
# epoch  -         20 | time(s) -    144.22 #
# T loss -    1191.56 | V loss -    1444.29 #
#############################################
# epoch  -         21 | time(s) -    148.27 #
# T loss -    1200.59 | V loss -    1787.11 #
#############################################
# epoch  -         22 | time(s) -    147.24 #
# T loss -    1205.37 | V loss -    1554.01 #
#############################################
# epoch  -         23 | time(s) -    149.25 #
# T loss -    1214.83 | V loss -    1571.94 #
#############################################
# epoch  -         24 | time(s) -    146.18 #
# T loss -    1203.95 | V loss -    1372.42 #
#############################################
# epoch  -         25 | time(s) -    144.28 #
# T loss -    1197.72 | V loss -    1288.39 #
#############################################
# epoch  -         26 | time(s) -    147.10 #
# T loss -    1231.56 | V loss -    1578.49 #
#############################################
# epoch  -         27 | time(s) -    144.45 #
# T loss -    1195.50 | V loss -    1588.40 #
#############################################
# epoch  -         28 | time(s) -    144.89 #
# T loss -    1213.17 | V loss -    1591.23 #
#############################################
# epoch  -         29 | time(s) -    149.12 #
# T loss -    1175.08 | V loss -    3235.49 #
#############################################
# epoch  -         30 | time(s) -    144.96 #
# T loss -    1195.95 | V loss -    1366.79 #
#############################################
# epoch  -         31 | time(s) -    144.36 #
# T loss -    1183.57 | V loss -    2048.37 #
#############################################
# epoch  -         32 | time(s) -    144.21 #
# T loss -    1227.74 | V loss -    1684.33 #
#############################################
# epoch  -         33 | time(s) -    148.17 #
# T loss -    1183.09 | V loss -    2300.96 #
#############################################
# epoch  -         34 | time(s) -    147.91 #
# T loss -    1220.95 | V loss -    1603.24 #
#############################################
# epoch  -         35 | time(s) -    144.69 #
# T loss -    1173.71 | V loss -    1780.82 #
1247.8062575119106 better than 1269.9584992190003, saving model
#############################################
# epoch  -         36 | time(s) -    146.02 #
# T loss -    1196.54 | V loss -    1247.81 #
#############################################
# epoch  -         37 | time(s) -    144.30 #
# T loss -    1130.73 | V loss -    2183.65 #
#############################################
# epoch  -         38 | time(s) -    147.05 #
# T loss -    1194.61 | V loss -    1328.61 #
#############################################
# epoch  -         39 | time(s) -    144.12 #
# T loss -    1163.66 | V loss -    1961.85 #
#############################################
# epoch  -         40 | time(s) -    145.82 #
# T loss -    1201.06 | V loss -    2090.85 #
#############################################
# epoch  -         41 | time(s) -    148.92 #
# T loss -    1150.33 | V loss -    1504.72 #
#############################################
# epoch  -         42 | time(s) -    147.15 #
# T loss -    1161.81 | V loss -    1679.52 #
#############################################
# epoch  -         43 | time(s) -    147.11 #
# T loss -    1154.29 | V loss -    2011.68 #
#############################################
# epoch  -         44 | time(s) -    144.38 #
# T loss -    1138.53 | V loss -    1472.10 #
#############################################
# epoch  -         45 | time(s) -    144.33 #
# T loss -    1159.53 | V loss -    1759.63 #
#############################################
# epoch  -         46 | time(s) -    145.14 #
# T loss -    1126.70 | V loss -    1657.45 #
#############################################
# epoch  -         47 | time(s) -    148.01 #
# T loss -    1154.02 | V loss -    1901.10 #
#############################################
# epoch  -         48 | time(s) -    149.12 #
# T loss -    1140.85 | V loss -    1783.21 #
#############################################
# epoch  -         49 | time(s) -    144.27 #
# T loss -    1155.44 | V loss -    1867.49 #
#############################################
