using cuda
5091.9232951101285 better than None, saving model
#############################################
# epoch  -          0 | time(s) -   1218.54 #
# T loss -    6000.83 | V loss -    5091.92 #
4437.860355826664 better than 5091.9232951101285, saving model
#############################################
# epoch  -          1 | time(s) -   1217.46 #
# T loss -    4120.25 | V loss -    4437.86 #
#############################################
# epoch  -          2 | time(s) -   1218.56 #
# T loss -    4105.48 | V loss -    5158.82 #
3868.547751197672 better than 4437.860355826664, saving model
#############################################
# epoch  -          3 | time(s) -   1217.23 #
# T loss -    3601.36 | V loss -    3868.55 #
#############################################
# epoch  -          4 | time(s) -   1216.95 #
# T loss -    3436.32 | V loss -    3900.18 #
3570.167358160555 better than 3868.547751197672, saving model
#############################################
# epoch  -          5 | time(s) -   1217.72 #
# T loss -    3395.45 | V loss -    3570.17 #
#############################################
# epoch  -          6 | time(s) -   1217.00 #
# T loss -    3339.29 | V loss -    5011.06 #
#############################################
# epoch  -          7 | time(s) -   1218.28 #
# T loss -    3318.16 | V loss -    3576.04 #
#############################################
# epoch  -          8 | time(s) -   1217.79 #
# T loss -    3279.43 | V loss -    3758.41 #
3514.571194794435 better than 3570.167358160555, saving model
#############################################
# epoch  -          9 | time(s) -   1219.38 #
# T loss -    3183.82 | V loss -    3514.57 #
3503.856711545209 better than 3514.571194794435, saving model
#############################################
# epoch  -         10 | time(s) -   1217.72 #
# T loss -    3174.86 | V loss -    3503.86 #
#############################################
# epoch  -         11 | time(s) -   1217.29 #
# T loss -    3166.81 | V loss -    3700.93 #
#############################################
# epoch  -         12 | time(s) -   1217.41 #
# T loss -    3119.56 | V loss -    3639.41 #
#############################################
# epoch  -         13 | time(s) -   1217.15 #
# T loss -    3104.67 | V loss -    3772.78 #
3473.759015566083 better than 3503.856711545209, saving model
#############################################
# epoch  -         14 | time(s) -   1217.92 #
# T loss -    3074.82 | V loss -    3473.76 #
3430.948830126842 better than 3473.759015566083, saving model
#############################################
# epoch  -         15 | time(s) -   1219.36 #
# T loss -    3066.08 | V loss -    3430.95 #
#############################################
# epoch  -         16 | time(s) -   1216.84 #
# T loss -    3008.36 | V loss -    3502.54 #
#############################################
# epoch  -         17 | time(s) -   1218.28 #
# T loss -    3008.31 | V loss -    3503.31 #
#############################################
# epoch  -         18 | time(s) -   1217.63 #
# T loss -    3017.17 | V loss -    3539.80 #
#############################################
# epoch  -         19 | time(s) -   1217.11 #
# T loss -    3054.35 | V loss -    3653.36 #
#############################################
# epoch  -         20 | time(s) -   1218.93 #
# T loss -    2957.58 | V loss -    3610.14 #
#############################################
# epoch  -         21 | time(s) -   1217.31 #
# T loss -    2916.57 | V loss -    3473.19 #
#############################################
# epoch  -         22 | time(s) -   1218.80 #
# T loss -    2903.40 | V loss -    3834.84 #
#############################################
# epoch  -         23 | time(s) -   1218.61 #
# T loss -    2871.58 | V loss -    3849.78 #
#############################################
# epoch  -         24 | time(s) -   1216.78 #
# T loss -    2827.10 | V loss -    4126.73 #
#############################################
# epoch  -         25 | time(s) -   1217.52 #
# T loss -    2887.81 | V loss -    4089.61 #
#############################################
# epoch  -         26 | time(s) -   1218.88 #
# T loss -    2833.48 | V loss -    3716.66 #
#############################################
# epoch  -         27 | time(s) -   1218.58 #
# T loss -    2810.66 | V loss -    3869.96 #
#############################################
# epoch  -         28 | time(s) -   1216.97 #
# T loss -    2781.99 | V loss -    3863.07 #
#############################################
# epoch  -         29 | time(s) -   1219.08 #
# T loss -    2757.31 | V loss -    4067.81 #
#############################################
# epoch  -         30 | time(s) -   1218.46 #
# T loss -    2738.25 | V loss -    3789.28 #
#############################################
# epoch  -         31 | time(s) -   1218.65 #
# T loss -    2707.56 | V loss -    3864.96 #
#############################################
# epoch  -         32 | time(s) -   1217.26 #
# T loss -    2702.75 | V loss -    4014.55 #
#############################################
# epoch  -         33 | time(s) -   1216.24 #
# T loss -    2700.45 | V loss -    3750.87 #
#############################################
# epoch  -         34 | time(s) -   1216.45 #
# T loss -    2691.11 | V loss -    3977.69 #
#############################################
# epoch  -         35 | time(s) -   1216.79 #
# T loss -    2695.58 | V loss -    3969.50 #
#############################################
# epoch  -         36 | time(s) -   1224.26 #
# T loss -    2653.31 | V loss -    3911.44 #
#############################################
# epoch  -         37 | time(s) -   1218.70 #
# T loss -    2620.63 | V loss -    3946.89 #
#############################################
# epoch  -         38 | time(s) -   1217.98 #
# T loss -    2617.28 | V loss -    4027.43 #
#############################################
# epoch  -         39 | time(s) -   1219.45 #
# T loss -    2599.06 | V loss -    4857.35 #
#############################################
# epoch  -         40 | time(s) -   1218.53 #
# T loss -    2596.30 | V loss -    4106.36 #
#############################################
# epoch  -         41 | time(s) -   1218.30 #
# T loss -    2581.82 | V loss -    3985.76 #
#############################################
# epoch  -         42 | time(s) -   1217.28 #
# T loss -    2568.26 | V loss -    4307.12 #
#############################################
# epoch  -         43 | time(s) -   1217.39 #
# T loss -    2573.92 | V loss -    3926.86 #
#############################################
# epoch  -         44 | time(s) -   1217.77 #
# T loss -    2548.84 | V loss -    4130.16 #
#############################################
# epoch  -         45 | time(s) -   1214.00 #
# T loss -    2549.92 | V loss -    3988.84 #
#############################################
# epoch  -         46 | time(s) -   1209.65 #
# T loss -    2528.43 | V loss -    3909.40 #
#############################################
# epoch  -         47 | time(s) -   1212.41 #
# T loss -    2534.04 | V loss -    3989.84 #
#############################################
# epoch  -         48 | time(s) -   1211.42 #
# T loss -    2557.02 | V loss -    4078.21 #
#############################################
# epoch  -         49 | time(s) -   1211.20 #
# T loss -    2488.31 | V loss -    4019.91 #
#############################################
