using cuda
13990.83621006243 better than None, saving model
#############################################
# epoch  -          0 | time(s) -    149.89 #
# T loss -   11708.11 | V loss -   13990.84 #
13990.83621006243 better than None, saving model
#############################################
# epoch  -          1 | time(s) -    150.34 #
# T loss -   13059.51 | V loss -   13990.84 #
13990.83621006243 better than None, saving model
#############################################
# epoch  -          2 | time(s) -    150.63 #
# T loss -   13059.51 | V loss -   13990.84 #
13990.83621006243 better than None, saving model
#############################################
# epoch  -          3 | time(s) -    149.75 #
# T loss -   13059.51 | V loss -   13990.84 #
13990.83621006243 better than None, saving model
#############################################
# epoch  -          4 | time(s) -    150.32 #
# T loss -   13059.51 | V loss -   13990.84 #
13990.83621006243 better than None, saving model
#############################################
# epoch  -          5 | time(s) -    149.53 #
# T loss -   13059.51 | V loss -   13990.84 #
13990.83621006243 better than None, saving model
#############################################
# epoch  -          6 | time(s) -    146.62 #
# T loss -   13059.51 | V loss -   13990.84 #
13990.83621006243 better than None, saving model
#############################################
# epoch  -          7 | time(s) -    147.99 #
# T loss -   13059.51 | V loss -   13990.84 #
13990.83621006243 better than None, saving model
#############################################
# epoch  -          8 | time(s) -    149.17 #
# T loss -   13059.51 | V loss -   13990.84 #
13990.83621006243 better than None, saving model
#############################################
# epoch  -          9 | time(s) -    151.63 #
# T loss -   13059.51 | V loss -   13990.84 #
13990.83621006243 better than None, saving model
#############################################
# epoch  -         10 | time(s) -    150.98 #
# T loss -   13059.51 | V loss -   13990.84 #
13990.83621006243 better than None, saving model
#############################################
# epoch  -         11 | time(s) -    152.76 #
# T loss -   13059.51 | V loss -   13990.84 #
13990.83621006243 better than None, saving model
#############################################
# epoch  -         12 | time(s) -    151.07 #
# T loss -   13059.51 | V loss -   13990.84 #
13990.83621006243 better than None, saving model
#############################################
# epoch  -         13 | time(s) -    154.06 #
# T loss -   13059.51 | V loss -   13990.84 #
13990.83621006243 better than None, saving model
#############################################
# epoch  -         14 | time(s) -    150.90 #
# T loss -   13059.51 | V loss -   13990.84 #
#############################################
