using cuda
3100.7599054195844 better than None, saving model
#############################################
# epoch  -          0 | time(s) -    146.82 #
# T loss -    2718.91 | V loss -    3100.76 #
2817.969715776756 better than 3100.7599054195844, saving model
#############################################
# epoch  -          1 | time(s) -    146.25 #
# T loss -    2540.72 | V loss -    2817.97 #
#############################################
# epoch  -          2 | time(s) -    146.35 #
# T loss -    2476.94 | V loss -    4097.69 #
#############################################
# epoch  -          3 | time(s) -    147.84 #
# T loss -    2553.34 | V loss -    3468.31 #
#############################################
# epoch  -          4 | time(s) -    146.74 #
# T loss -    2537.12 | V loss -    5036.12 #
2508.769090435461 better than 2817.969715776756, saving model
#############################################
# epoch  -          5 | time(s) -    145.59 #
# T loss -    2588.61 | V loss -    2508.77 #
#############################################
# epoch  -          6 | time(s) -    145.97 #
# T loss -    2535.87 | V loss -    3916.85 #
#############################################
# epoch  -          7 | time(s) -    145.12 #
# T loss -    2454.51 | V loss -    2523.28 #
#############################################
# epoch  -          8 | time(s) -    145.56 #
# T loss -    2479.66 | V loss -    2988.70 #
#############################################
# epoch  -          9 | time(s) -    145.74 #
# T loss -    2547.67 | V loss -    3729.40 #
#############################################
# epoch  -         10 | time(s) -    145.74 #
# T loss -    2572.02 | V loss -    4351.33 #
#############################################
# epoch  -         11 | time(s) -    145.60 #
# T loss -    2467.40 | V loss -    3831.94 #
#############################################
# epoch  -         12 | time(s) -    146.70 #
# T loss -    2462.82 | V loss -    4247.03 #
#############################################
# epoch  -         13 | time(s) -    148.83 #
# T loss -    2412.77 | V loss -    3430.92 #
#############################################
# epoch  -         14 | time(s) -    148.56 #
# T loss -    2439.04 | V loss -    2971.62 #
#############################################
# epoch  -         15 | time(s) -    150.27 #
# T loss -    2440.32 | V loss -    3463.80 #
#############################################
# epoch  -         16 | time(s) -    148.59 #
# T loss -    2391.58 | V loss -    2771.52 #
#############################################
# epoch  -         17 | time(s) -    148.74 #
# T loss -    2365.13 | V loss -    3622.82 #
#############################################
# epoch  -         18 | time(s) -    147.04 #
# T loss -    2385.61 | V loss -    3552.53 #
#############################################
# epoch  -         19 | time(s) -    144.22 #
# T loss -    2319.70 | V loss -    2962.14 #
#############################################
# epoch  -         20 | time(s) -    146.26 #
# T loss -    2434.75 | V loss -    2924.84 #
#############################################
# epoch  -         21 | time(s) -    144.84 #
# T loss -    2364.04 | V loss -    2569.33 #
#############################################
# epoch  -         22 | time(s) -    145.96 #
# T loss -    2290.64 | V loss -    2638.81 #
#############################################
# epoch  -         23 | time(s) -    145.64 #
# T loss -    2374.41 | V loss -    3005.15 #
#############################################
# epoch  -         24 | time(s) -    146.68 #
# T loss -    2395.15 | V loss -    2759.38 #
#############################################
# epoch  -         25 | time(s) -    145.64 #
# T loss -    2329.71 | V loss -    3170.11 #
#############################################
# epoch  -         26 | time(s) -    147.43 #
# T loss -    2284.19 | V loss -    3370.67 #
#############################################
# epoch  -         27 | time(s) -    144.60 #
# T loss -    2225.48 | V loss -    2508.89 #
#############################################
# epoch  -         28 | time(s) -    145.62 #
# T loss -    2291.49 | V loss -    2948.44 #
2462.656712346029 better than 2508.769090435461, saving model
#############################################
# epoch  -         29 | time(s) -    145.59 #
# T loss -    2248.26 | V loss -    2462.66 #
#############################################
# epoch  -         30 | time(s) -    143.21 #
# T loss -    2221.22 | V loss -    3158.35 #
#############################################
# epoch  -         31 | time(s) -    145.04 #
# T loss -    2160.19 | V loss -    2695.55 #
#############################################
# epoch  -         32 | time(s) -    145.64 #
# T loss -    2227.14 | V loss -    3099.24 #
#############################################
# epoch  -         33 | time(s) -    142.91 #
# T loss -    2191.32 | V loss -    3067.90 #
#############################################
# epoch  -         34 | time(s) -    141.96 #
# T loss -    2160.77 | V loss -    2628.05 #
#############################################
# epoch  -         35 | time(s) -    144.14 #
# T loss -    2099.65 | V loss -    3975.45 #
#############################################
# epoch  -         36 | time(s) -    144.65 #
# T loss -    2095.42 | V loss -    4557.42 #
#############################################
# epoch  -         37 | time(s) -    149.18 #
# T loss -    2031.33 | V loss -    3994.70 #
#############################################
# epoch  -         38 | time(s) -    148.30 #
# T loss -    1968.23 | V loss -    3486.67 #
#############################################
# epoch  -         39 | time(s) -    146.06 #
# T loss -    1941.07 | V loss -    3380.48 #
#############################################
# epoch  -         40 | time(s) -    148.78 #
# T loss -    1918.23 | V loss -    3191.26 #
#############################################
# epoch  -         41 | time(s) -    146.02 #
# T loss -    1830.49 | V loss -    4363.84 #
#############################################
# epoch  -         42 | time(s) -    146.05 #
# T loss -    1795.23 | V loss -    3692.08 #
#############################################
# epoch  -         43 | time(s) -    147.41 #
# T loss -    1785.63 | V loss -    3806.52 #
#############################################
# epoch  -         44 | time(s) -    143.64 #
# T loss -    1737.23 | V loss -    3363.32 #
#############################################
# epoch  -         45 | time(s) -    142.86 #
# T loss -    1638.34 | V loss -    3374.18 #
#############################################
# epoch  -         46 | time(s) -    143.57 #
# T loss -    1589.74 | V loss -    3322.77 #
#############################################
# epoch  -         47 | time(s) -    144.73 #
# T loss -    1466.33 | V loss -    5889.14 #
#############################################
# epoch  -         48 | time(s) -    146.87 #
# T loss -    1458.88 | V loss -    3718.61 #
#############################################
# epoch  -         49 | time(s) -    146.83 #
# T loss -    1422.16 | V loss -    5079.56 #
#############################################
