using cuda
549.2912921040855 better than None, saving model
#############################################
# epoch  -          0 | time(s) -    126.75 #
# T loss -     325.46 | V loss -     549.29 #
424.6218036364699 better than 549.2912921040855, saving model
#############################################
# epoch  -          1 | time(s) -    124.74 #
# T loss -     314.99 | V loss -     424.62 #
#############################################
# epoch  -          2 | time(s) -    124.68 #
# T loss -     312.99 | V loss -     445.75 #
#############################################
# epoch  -          3 | time(s) -    124.47 #
# T loss -     314.19 | V loss -     445.77 #
#############################################
# epoch  -          4 | time(s) -    125.17 #
# T loss -     311.35 | V loss -     430.12 #
#############################################
# epoch  -          5 | time(s) -    124.61 #
# T loss -     311.97 | V loss -     577.16 #
#############################################
# epoch  -          6 | time(s) -    124.75 #
# T loss -     308.49 | V loss -     470.58 #
#############################################
# epoch  -          7 | time(s) -    125.19 #
# T loss -     307.31 | V loss -     456.28 #
#############################################
# epoch  -          8 | time(s) -    124.64 #
# T loss -     303.26 | V loss -     582.13 #
#############################################
# epoch  -          9 | time(s) -    125.65 #
# T loss -     301.85 | V loss -     434.09 #
#############################################
# epoch  -         10 | time(s) -    124.73 #
# T loss -     299.00 | V loss -     595.67 #
412.3163071876782 better than 424.6218036364699, saving model
#############################################
# epoch  -         11 | time(s) -    124.90 #
# T loss -     299.71 | V loss -     412.32 #
#############################################
# epoch  -         12 | time(s) -    124.60 #
# T loss -     299.10 | V loss -     589.77 #
#############################################
# epoch  -         13 | time(s) -    125.53 #
# T loss -     289.18 | V loss -     594.39 #
#############################################
# epoch  -         14 | time(s) -    124.61 #
# T loss -     293.23 | V loss -     576.15 #
#############################################
# epoch  -         15 | time(s) -    124.81 #
# T loss -     288.84 | V loss -     583.30 #
#############################################
# epoch  -         16 | time(s) -    125.18 #
# T loss -     282.31 | V loss -     453.51 #
#############################################
# epoch  -         17 | time(s) -    125.12 #
# T loss -     276.70 | V loss -     575.74 #
#############################################
# epoch  -         18 | time(s) -    124.74 #
# T loss -     277.32 | V loss -     562.14 #
#############################################
# epoch  -         19 | time(s) -    124.61 #
# T loss -     277.55 | V loss -     534.77 #
#############################################
# epoch  -         20 | time(s) -    124.76 #
# T loss -     263.97 | V loss -     457.28 #
#############################################
# epoch  -         21 | time(s) -    125.61 #
# T loss -     267.57 | V loss -     479.93 #
#############################################
# epoch  -         22 | time(s) -    124.70 #
# T loss -     264.86 | V loss -     521.26 #
#############################################
# epoch  -         23 | time(s) -    125.04 #
# T loss -     263.89 | V loss -     545.93 #
#############################################
# epoch  -         24 | time(s) -    125.19 #
# T loss -     250.60 | V loss -     485.74 #
#############################################
# epoch  -         25 | time(s) -    125.43 #
# T loss -     247.78 | V loss -     522.92 #
#############################################
# epoch  -         26 | time(s) -    125.92 #
# T loss -     246.41 | V loss -     511.40 #
#############################################
# epoch  -         27 | time(s) -    125.72 #
# T loss -     238.93 | V loss -     486.69 #
#############################################
# epoch  -         28 | time(s) -    124.92 #
# T loss -     234.65 | V loss -     530.09 #
#############################################
# epoch  -         29 | time(s) -    125.46 #
# T loss -     227.67 | V loss -     596.75 #
#############################################
# epoch  -         30 | time(s) -    124.79 #
# T loss -     232.13 | V loss -     574.16 #
#############################################
# epoch  -         31 | time(s) -    125.24 #
# T loss -     225.02 | V loss -     594.37 #
#############################################
# epoch  -         32 | time(s) -    124.74 #
# T loss -     226.03 | V loss -     510.32 #
#############################################
# epoch  -         33 | time(s) -    124.93 #
# T loss -     221.68 | V loss -     534.19 #
#############################################
# epoch  -         34 | time(s) -    124.81 #
# T loss -     213.19 | V loss -     590.74 #
#############################################
# epoch  -         35 | time(s) -    124.86 #
# T loss -     216.55 | V loss -     565.47 #
#############################################
# epoch  -         36 | time(s) -    124.78 #
# T loss -     207.09 | V loss -     598.15 #
#############################################
# epoch  -         37 | time(s) -    124.87 #
# T loss -     208.67 | V loss -     623.27 #
#############################################
# epoch  -         38 | time(s) -    124.70 #
# T loss -     208.25 | V loss -     556.37 #
#############################################
# epoch  -         39 | time(s) -    124.63 #
# T loss -     199.05 | V loss -     590.62 #
#############################################
# epoch  -         40 | time(s) -    125.53 #
# T loss -     203.18 | V loss -     614.37 #
#############################################
# epoch  -         41 | time(s) -    125.06 #
# T loss -     196.57 | V loss -     596.89 #
#############################################
# epoch  -         42 | time(s) -    127.30 #
# T loss -     197.87 | V loss -     560.92 #
#############################################
# epoch  -         43 | time(s) -    124.79 #
# T loss -     188.79 | V loss -     576.19 #
#############################################
# epoch  -         44 | time(s) -    124.66 #
# T loss -     196.83 | V loss -     598.04 #
#############################################
# epoch  -         45 | time(s) -    124.94 #
# T loss -     194.28 | V loss -     596.06 #
#############################################
# epoch  -         46 | time(s) -    125.60 #
# T loss -     194.58 | V loss -     586.40 #
#############################################
# epoch  -         47 | time(s) -    124.87 #
# T loss -     189.65 | V loss -     593.19 #
#############################################
# epoch  -         48 | time(s) -    125.00 #
# T loss -     181.77 | V loss -     629.30 #
#############################################
# epoch  -         49 | time(s) -    125.13 #
# T loss -     186.33 | V loss -     581.43 #
#############################################
