using cuda
1309.2993282844875 better than None, saving model
#############################################
# epoch  -          0 | time(s) -    649.85 #
# T loss -    1430.39 | V loss -    1309.30 #
1261.1320603036775 better than 1309.2993282844875, saving model
#############################################
# epoch  -          1 | time(s) -    646.88 #
# T loss -    1175.75 | V loss -    1261.13 #
#############################################
# epoch  -          2 | time(s) -    647.00 #
# T loss -    1138.01 | V loss -    1350.33 #
#############################################
# epoch  -          3 | time(s) -    647.54 #
# T loss -    1128.33 | V loss -    1314.68 #
1230.582876132498 better than 1261.1320603036775, saving model
#############################################
# epoch  -          4 | time(s) -    647.11 #
# T loss -    1120.63 | V loss -    1230.58 #
1228.1137279693276 better than 1230.582876132498, saving model
#############################################
# epoch  -          5 | time(s) -    646.60 #
# T loss -    1107.81 | V loss -    1228.11 #
1214.1005784127392 better than 1228.1137279693276, saving model
#############################################
# epoch  -          6 | time(s) -    646.82 #
# T loss -    1121.74 | V loss -    1214.10 #
#############################################
# epoch  -          7 | time(s) -    647.55 #
# T loss -    1102.15 | V loss -    1290.88 #
#############################################
# epoch  -          8 | time(s) -    647.09 #
# T loss -    1123.11 | V loss -    1334.99 #
#############################################
# epoch  -          9 | time(s) -    647.83 #
# T loss -    1102.92 | V loss -    1253.41 #
#############################################
# epoch  -         10 | time(s) -    647.40 #
# T loss -    1104.70 | V loss -    2330.07 #
#############################################
# epoch  -         11 | time(s) -    647.43 #
# T loss -    1105.50 | V loss -    1597.38 #
#############################################
# epoch  -         12 | time(s) -    646.41 #
# T loss -    1088.48 | V loss -    1278.24 #
#############################################
# epoch  -         13 | time(s) -    647.57 #
# T loss -    1094.44 | V loss -    1605.19 #
#############################################
# epoch  -         14 | time(s) -    646.59 #
# T loss -    1096.34 | V loss -    1272.96 #
#############################################
# epoch  -         15 | time(s) -    647.14 #
# T loss -    1083.20 | V loss -    1437.95 #
#############################################
# epoch  -         16 | time(s) -    647.37 #
# T loss -    1076.08 | V loss -    1362.82 #
#############################################
# epoch  -         17 | time(s) -    646.20 #
# T loss -    1082.20 | V loss -    1784.31 #
#############################################
# epoch  -         18 | time(s) -    647.75 #
# T loss -    1083.88 | V loss -    1421.56 #
#############################################
# epoch  -         19 | time(s) -    646.65 #
# T loss -    1081.30 | V loss -    1713.99 #
#############################################
# epoch  -         20 | time(s) -    646.57 #
# T loss -    1119.17 | V loss -    1357.29 #
#############################################
# epoch  -         21 | time(s) -    646.69 #
# T loss -    1101.72 | V loss -    1381.13 #
#############################################
# epoch  -         22 | time(s) -    646.85 #
# T loss -    1086.81 | V loss -    1251.20 #
#############################################
# epoch  -         23 | time(s) -    647.09 #
# T loss -    1095.26 | V loss -    1370.90 #
1206.601373267138 better than 1214.1005784127392, saving model
#############################################
# epoch  -         24 | time(s) -    646.91 #
# T loss -    1075.51 | V loss -    1206.60 #
#############################################
# epoch  -         25 | time(s) -    645.82 #
# T loss -    1074.30 | V loss -    1207.52 #
#############################################
# epoch  -         26 | time(s) -    647.04 #
# T loss -    1068.06 | V loss -    1381.05 #
#############################################
# epoch  -         27 | time(s) -    647.10 #
# T loss -    1101.49 | V loss -    1514.92 #
#############################################
# epoch  -         28 | time(s) -    646.07 #
# T loss -    1083.81 | V loss -    1241.58 #
#############################################
# epoch  -         29 | time(s) -    646.41 #
# T loss -    1078.98 | V loss -    1339.52 #
#############################################
# epoch  -         30 | time(s) -    647.06 #
# T loss -    1076.67 | V loss -    1356.64 #
#############################################
# epoch  -         31 | time(s) -    646.71 #
# T loss -    1072.09 | V loss -    1618.19 #
#############################################
# epoch  -         32 | time(s) -    647.76 #
# T loss -    1072.86 | V loss -    1496.92 #
#############################################
# epoch  -         33 | time(s) -    647.13 #
# T loss -    1113.58 | V loss -    1280.15 #
#############################################
# epoch  -         34 | time(s) -    646.91 #
# T loss -    1076.01 | V loss -    1213.38 #
#############################################
# epoch  -         35 | time(s) -    647.18 #
# T loss -    1081.12 | V loss -    1303.80 #
#############################################
# epoch  -         36 | time(s) -    645.98 #
# T loss -    1060.11 | V loss -    1283.75 #
#############################################
# epoch  -         37 | time(s) -    647.24 #
# T loss -    1078.41 | V loss -    1406.01 #
#############################################
# epoch  -         38 | time(s) -    647.61 #
# T loss -    1073.47 | V loss -    1375.31 #
#############################################
# epoch  -         39 | time(s) -    646.91 #
# T loss -    1076.74 | V loss -    1392.86 #
#############################################
# epoch  -         40 | time(s) -    646.36 #
# T loss -    1069.32 | V loss -    1284.29 #
#############################################
# epoch  -         41 | time(s) -    647.37 #
# T loss -    1071.54 | V loss -    1449.54 #
#############################################
# epoch  -         42 | time(s) -    647.35 #
# T loss -    1069.70 | V loss -    1427.59 #
#############################################
# epoch  -         43 | time(s) -    647.84 #
# T loss -    1073.89 | V loss -    1273.33 #
#############################################
# epoch  -         44 | time(s) -    648.10 #
# T loss -    1077.13 | V loss -    1838.85 #
#############################################
# epoch  -         45 | time(s) -    647.47 #
# T loss -    1072.78 | V loss -    1411.44 #
#############################################
# epoch  -         46 | time(s) -    647.48 #
# T loss -    1062.10 | V loss -    1284.58 #
#############################################
# epoch  -         47 | time(s) -    647.23 #
# T loss -    1078.26 | V loss -    1236.18 #
#############################################
# epoch  -         48 | time(s) -    646.94 #
# T loss -    1055.80 | V loss -    1862.09 #
#############################################
# epoch  -         49 | time(s) -    647.20 #
# T loss -    1084.48 | V loss -    1242.11 #
#############################################
