using cuda
1943.952193305767 better than None, saving model
#############################################
# epoch  -          0 | time(s) -    111.14 #
# T loss -    2392.14 | V loss -    1943.95 #
#############################################
# epoch  -          1 | time(s) -    109.98 #
# T loss -    1920.17 | V loss -    1977.96 #
1578.1762125022335 better than 1943.952193305767, saving model
#############################################
# epoch  -          2 | time(s) -    109.67 #
# T loss -    1407.62 | V loss -    1578.18 #
#############################################
# epoch  -          3 | time(s) -    109.57 #
# T loss -    1312.34 | V loss -    1722.93 #
#############################################
# epoch  -          4 | time(s) -    109.58 #
# T loss -    1258.85 | V loss -    1645.00 #
1576.6053838140592 better than 1578.1762125022335, saving model
#############################################
# epoch  -          5 | time(s) -    109.87 #
# T loss -    1220.29 | V loss -    1576.61 #
1495.7223748555 better than 1576.6053838140592, saving model
#############################################
# epoch  -          6 | time(s) -    109.81 #
# T loss -    1186.61 | V loss -    1495.72 #
1150.4137015741564 better than 1495.7223748555, saving model
#############################################
# epoch  -          7 | time(s) -    110.55 #
# T loss -    1158.94 | V loss -    1150.41 #
#############################################
# epoch  -          8 | time(s) -    109.95 #
# T loss -    1137.30 | V loss -    1343.44 #
#############################################
# epoch  -          9 | time(s) -    109.93 #
# T loss -    1108.53 | V loss -    1507.51 #
1098.172715675895 better than 1150.4137015741564, saving model
#############################################
# epoch  -         10 | time(s) -    109.80 #
# T loss -    1093.10 | V loss -    1098.17 #
#############################################
# epoch  -         11 | time(s) -    109.65 #
# T loss -    1069.44 | V loss -    1264.18 #
#############################################
# epoch  -         12 | time(s) -    109.78 #
# T loss -    1047.00 | V loss -    1186.84 #
#############################################
# epoch  -         13 | time(s) -    109.63 #
# T loss -    1011.24 | V loss -    1185.89 #
#############################################
# epoch  -         14 | time(s) -    109.89 #
# T loss -    1011.38 | V loss -    1270.38 #
#############################################
