using cuda
27943.20811808118 better than None, saving model
#############################################
# epoch  -          0 | time(s) -    183.06 #
# T loss -   23461.77 | V loss -   27943.21 #
27943.20811808118 better than None, saving model
#############################################
# epoch  -          1 | time(s) -    181.52 #
# T loss -   26060.63 | V loss -   27943.21 #
27943.20811808118 better than None, saving model
#############################################
# epoch  -          2 | time(s) -    181.23 #
# T loss -   26060.63 | V loss -   27943.21 #
27943.20811808118 better than None, saving model
#############################################
# epoch  -          3 | time(s) -    181.40 #
# T loss -   26060.63 | V loss -   27943.21 #
27943.20811808118 better than None, saving model
#############################################
# epoch  -          4 | time(s) -    181.47 #
# T loss -   26060.63 | V loss -   27943.21 #
27943.20811808118 better than None, saving model
#############################################
# epoch  -          5 | time(s) -    181.60 #
# T loss -   26060.63 | V loss -   27943.21 #
27943.20811808118 better than None, saving model
#############################################
# epoch  -          6 | time(s) -    181.43 #
# T loss -   26060.63 | V loss -   27943.21 #
27943.20811808118 better than None, saving model
#############################################
# epoch  -          7 | time(s) -    181.15 #
# T loss -   26060.63 | V loss -   27943.21 #
27943.20811808118 better than None, saving model
#############################################
# epoch  -          8 | time(s) -    181.34 #
# T loss -   26060.63 | V loss -   27943.21 #
27943.20811808118 better than None, saving model
#############################################
# epoch  -          9 | time(s) -    182.30 #
# T loss -   26060.63 | V loss -   27943.21 #
27943.20811808118 better than None, saving model
#############################################
# epoch  -         10 | time(s) -    181.95 #
# T loss -   26060.63 | V loss -   27943.21 #
27943.20811808118 better than None, saving model
#############################################
# epoch  -         11 | time(s) -    181.87 #
# T loss -   26060.63 | V loss -   27943.21 #
27943.20811808118 better than None, saving model
#############################################
# epoch  -         12 | time(s) -    181.23 #
# T loss -   26060.63 | V loss -   27943.21 #
27943.20811808118 better than None, saving model
#############################################
# epoch  -         13 | time(s) -    180.10 #
# T loss -   26060.63 | V loss -   27943.21 #
27943.20811808118 better than None, saving model
#############################################
# epoch  -         14 | time(s) -    180.39 #
# T loss -   26060.63 | V loss -   27943.21 #
#############################################
